Info: Starting: Create block symbol file (.bsf)
Info: ip-generate --project-directory=E:/Education/Academic/workspaces/CO503-Advanced-Embedded-Systems-Labs/practical2/ --output-directory=E:/Education/Academic/workspaces/CO503-Advanced-Embedded-Systems-Labs/practical2/CRC_P2/ --report-file=bsf:E:/Education/Academic/workspaces/CO503-Advanced-Embedded-Systems-Labs/practical2/CRC_P2.bsf --system-info=DEVICE_FAMILY="Cyclone IV E" --system-info=DEVICE=EP4CE115F29C7 --system-info=DEVICE_SPEEDGRADE=7 --component-file=E:/Education/Academic/workspaces/CO503-Advanced-Embedded-Systems-Labs/practical2/CRC_P2.qsys
Progress: Loading practical2/CRC_P2.qsys
Progress: Reading input file
Progress: Adding clock [clock_source 13.1]
Progress: Parameterizing module clock
Progress: Adding onchip_mem [altera_avalon_onchip_memory2 13.1]
Progress: Parameterizing module onchip_mem
Progress: Adding cpu [altera_nios2_qsys 13.1]
Progress: Parameterizing module cpu
Progress: Adding jtag_uart [altera_avalon_jtag_uart 13.1]
Progress: Parameterizing module jtag_uart
Progress: Adding timer [altera_avalon_timer 13.1]
Progress: Parameterizing module timer
Progress: Adding sysid [altera_avalon_sysid_qsys 13.1]
Progress: Parameterizing module sysid
Progress: Adding timer_0 [altera_avalon_timer 13.1]
Progress: Parameterizing module timer_0
Progress: Adding CRC_Custom_0 [CRC_Custom 1.0]
Progress: Parameterizing module CRC_Custom_0
Progress: Building connections
Progress: Parameterizing connections
Progress: Validating
Progress: Done reading input file
Info: CRC_P2.sysid: System ID is not assigned automatically. Edit the System ID parameter to provide a unique ID
Info: CRC_P2.sysid: Time stamp will be automatically updated when this component is generated.
Info: ip-generate succeeded.
Info: Finished: Create block symbol file (.bsf)
Info: 
Info: Starting: Create HDL design files for synthesis
Info: ip-generate --project-directory=E:/Education/Academic/workspaces/CO503-Advanced-Embedded-Systems-Labs/practical2/ --output-directory=E:/Education/Academic/workspaces/CO503-Advanced-Embedded-Systems-Labs/practical2/CRC_P2/synthesis/ --file-set=QUARTUS_SYNTH --report-file=html:E:/Education/Academic/workspaces/CO503-Advanced-Embedded-Systems-Labs/practical2/CRC_P2.html --report-file=sopcinfo:E:/Education/Academic/workspaces/CO503-Advanced-Embedded-Systems-Labs/practical2/CRC_P2.sopcinfo --report-file=cmp:E:/Education/Academic/workspaces/CO503-Advanced-Embedded-Systems-Labs/practical2/CRC_P2.cmp --report-file=qip:E:/Education/Academic/workspaces/CO503-Advanced-Embedded-Systems-Labs/practical2/CRC_P2/synthesis/CRC_P2.qip --report-file=svd --report-file=regmap:E:/Education/Academic/workspaces/CO503-Advanced-Embedded-Systems-Labs/practical2/CRC_P2/synthesis/CRC_P2.regmap --report-file=debuginfo:E:/Education/Academic/workspaces/CO503-Advanced-Embedded-Systems-Labs/practical2/CRC_P2/synthesis/CRC_P2.debuginfo --system-info=DEVICE_FAMILY="Cyclone IV E" --system-info=DEVICE=EP4CE115F29C7 --system-info=DEVICE_SPEEDGRADE=7 --component-file=E:/Education/Academic/workspaces/CO503-Advanced-Embedded-Systems-Labs/practical2/CRC_P2.qsys --language=VERILOG
Progress: Loading practical2/CRC_P2.qsys
Progress: Reading input file
Progress: Adding clock [clock_source 13.1]
Progress: Parameterizing module clock
Progress: Adding onchip_mem [altera_avalon_onchip_memory2 13.1]
Progress: Parameterizing module onchip_mem
Progress: Adding cpu [altera_nios2_qsys 13.1]
Progress: Parameterizing module cpu
Progress: Adding jtag_uart [altera_avalon_jtag_uart 13.1]
Progress: Parameterizing module jtag_uart
Progress: Adding timer [altera_avalon_timer 13.1]
Progress: Parameterizing module timer
Progress: Adding sysid [altera_avalon_sysid_qsys 13.1]
Progress: Parameterizing module sysid
Progress: Adding timer_0 [altera_avalon_timer 13.1]
Progress: Parameterizing module timer_0
Progress: Adding CRC_Custom_0 [CRC_Custom 1.0]
Progress: Parameterizing module CRC_Custom_0
Progress: Building connections
Progress: Parameterizing connections
Progress: Validating
Progress: Done reading input file
Info: CRC_P2.sysid: System ID is not assigned automatically. Edit the System ID parameter to provide a unique ID
Info: CRC_P2.sysid: Time stamp will be automatically updated when this component is generated.
Info: CRC_P2: Generating CRC_P2 "CRC_P2" for QUARTUS_SYNTH
Info: pipeline_bridge_swap_transform: After transform: 8 modules, 30 connections
Info: merlin_custom_instruction_transform: After transform: 11 modules, 33 connections
Info: merlin_initial_interconnect_transform: After transform: 7 modules, 26 connections
Info: merlin_translator_transform: After transform: 15 modules, 57 connections
Info: merlin_domain_transform: After transform: 30 modules, 153 connections
Info: merlin_router_transform: After transform: 38 modules, 184 connections
Info: merlin_network_to_switch_transform: After transform: 53 modules, 225 connections
Info: merlin_clock_and_reset_bridge_transform: After transform: 56 modules, 280 connections
Info: merlin_hierarchy_transform: After transform: 12 modules, 36 connections
Info: merlin_mm_transform: After transform: 12 modules, 36 connections
Info: merlin_interrupt_mapper_transform: After transform: 13 modules, 40 connections
Info: reset_adaptation_transform: After transform: 16 modules, 44 connections
Warning: CRC_P2: "No matching role found for cpu_custom_instruction_master_translator:ci_slave:ci_slave_ipending (ipending)"
Warning: CRC_P2: "No matching role found for cpu_custom_instruction_master_translator:ci_slave:ci_slave_estatus (estatus)"
Warning: CRC_P2: "No matching role found for cpu_custom_instruction_master_multi_xconnect:ci_slave:ci_slave_ipending (ipending)"
Warning: CRC_P2: "No matching role found for cpu_custom_instruction_master_multi_xconnect:ci_slave:ci_slave_estatus (estatus)"
Info: onchip_mem: Starting RTL generation for module 'CRC_P2_onchip_mem'
Info: onchip_mem:   Generation command is [exec F:/altera/quartus/bin/perl/bin/perl.exe -I F:/altera/quartus/bin/perl/lib -I F:/altera/quartus/sopc_builder/bin/europa -I F:/altera/quartus/sopc_builder/bin/perl_lib -I F:/altera/quartus/sopc_builder/bin -I F:/altera/quartus/../ip/altera/sopc_builder_ip/common -I F:/altera/quartus/../ip/altera/sopc_builder_ip/altera_avalon_onchip_memory2 -- F:/altera/quartus/../ip/altera/sopc_builder_ip/altera_avalon_onchip_memory2/generate_rtl.pl --name=CRC_P2_onchip_mem --dir=C:/Users/kanis/AppData/Local/Temp/alt9836_5085052507876379118.dir/0027_onchip_mem_gen/ --quartus_dir=F:/altera/quartus --verilog --config=C:/Users/kanis/AppData/Local/Temp/alt9836_5085052507876379118.dir/0027_onchip_mem_gen//CRC_P2_onchip_mem_component_configuration.pl  --do_build_sim=0  ]
Info: onchip_mem: Done RTL generation for module 'CRC_P2_onchip_mem'
Info: onchip_mem: "CRC_P2" instantiated altera_avalon_onchip_memory2 "onchip_mem"
Info: cpu: Starting RTL generation for module 'CRC_P2_cpu'
Info: cpu:   Generation command is [exec F:/altera/quartus/bin/eperlcmd.exe -I F:/altera/quartus/bin/perl/lib -I F:/altera/quartus/sopc_builder/bin/europa -I F:/altera/quartus/sopc_builder/bin/perl_lib -I F:/altera/quartus/sopc_builder/bin -I F:/altera/quartus/../ip/altera/nios2_ip/altera_nios2/cpu_lib -I F:/altera/quartus/../ip/altera/nios2_ip/altera_nios2/nios_lib -I F:/altera/quartus/../ip/altera/nios2_ip/altera_nios2 -I F:/altera/quartus/../ip/altera/nios2_ip/altera_nios2 -- F:/altera/quartus/../ip/altera/nios2_ip/altera_nios2/generate_rtl.epl --name=CRC_P2_cpu --dir=C:/Users/kanis/AppData/Local/Temp/alt9836_5085052507876379118.dir/0028_cpu_gen/ --quartus_dir=F:/altera/quartus --verilog --config=C:/Users/kanis/AppData/Local/Temp/alt9836_5085052507876379118.dir/0028_cpu_gen//CRC_P2_cpu_processor_configuration.pl  --do_build_sim=0  ]
Info: cpu: # 2024.04.23 14:55:01 (*) Starting Nios II generation
Info: cpu: # 2024.04.23 14:55:01 (*)   Checking for plaintext license.
Info: cpu: # 2024.04.23 14:55:02 (*)   Couldn't query license setup in Quartus directory F:/altera/quartus
Info: cpu: # 2024.04.23 14:55:02 (*)   Defaulting to contents of LM_LICENSE_FILE environment variable
Info: cpu: # 2024.04.23 14:55:02 (*)   LM_LICENSE_FILE environment variable is empty
Info: cpu: # 2024.04.23 14:55:02 (*)   Plaintext license not found.
Info: cpu: # 2024.04.23 14:55:02 (*)   No license required to generate encrypted Nios II/e.
Info: cpu: # 2024.04.23 14:55:02 (*)   Elaborating CPU configuration settings
Info: cpu: # 2024.04.23 14:55:02 (*)   Creating all objects for CPU
Info: cpu: # 2024.04.23 14:55:04 (*)   Generating RTL from CPU objects
Info: cpu: # 2024.04.23 14:55:04 (*)   Creating plain-text RTL
Info: cpu: # 2024.04.23 14:55:06 (*) Done Nios II generation
Info: cpu: Done RTL generation for module 'CRC_P2_cpu'
Info: cpu: "CRC_P2" instantiated altera_nios2_qsys "cpu"
Info: jtag_uart: Starting RTL generation for module 'CRC_P2_jtag_uart'
Info: jtag_uart:   Generation command is [exec F:/altera/quartus/bin/perl/bin/perl.exe -I F:/altera/quartus/bin/perl/lib -I F:/altera/quartus/sopc_builder/bin/europa -I F:/altera/quartus/sopc_builder/bin/perl_lib -I F:/altera/quartus/sopc_builder/bin -I F:/altera/quartus/../ip/altera/sopc_builder_ip/common -I F:/altera/quartus/../ip/altera/sopc_builder_ip/altera_avalon_jtag_uart -- F:/altera/quartus/../ip/altera/sopc_builder_ip/altera_avalon_jtag_uart/generate_rtl.pl --name=CRC_P2_jtag_uart --dir=C:/Users/kanis/AppData/Local/Temp/alt9836_5085052507876379118.dir/0029_jtag_uart_gen/ --quartus_dir=F:/altera/quartus --verilog --config=C:/Users/kanis/AppData/Local/Temp/alt9836_5085052507876379118.dir/0029_jtag_uart_gen//CRC_P2_jtag_uart_component_configuration.pl  --do_build_sim=0  ]
Info: jtag_uart: Done RTL generation for module 'CRC_P2_jtag_uart'
Info: jtag_uart: "CRC_P2" instantiated altera_avalon_jtag_uart "jtag_uart"
Info: timer: Starting RTL generation for module 'CRC_P2_timer'
Info: timer:   Generation command is [exec F:/altera/quartus/bin//perl/bin/perl.exe -I F:/altera/quartus/bin//perl/lib -I F:/altera/quartus/sopc_builder/bin/europa -I F:/altera/quartus/sopc_builder/bin/perl_lib -I F:/altera/quartus/sopc_builder/bin -I F:/altera/quartus/../ip/altera/sopc_builder_ip/common -I F:/altera/quartus/../ip/altera/sopc_builder_ip/altera_avalon_timer -- F:/altera/quartus/../ip/altera/sopc_builder_ip/altera_avalon_timer/generate_rtl.pl --name=CRC_P2_timer --dir=C:/Users/kanis/AppData/Local/Temp/alt9836_5085052507876379118.dir/0030_timer_gen/ --quartus_dir=F:/altera/quartus --verilog --config=C:/Users/kanis/AppData/Local/Temp/alt9836_5085052507876379118.dir/0030_timer_gen//CRC_P2_timer_component_configuration.pl  --do_build_sim=0  ]
Info: timer: Done RTL generation for module 'CRC_P2_timer'
Info: timer: "CRC_P2" instantiated altera_avalon_timer "timer"
Info: sysid: "CRC_P2" instantiated altera_avalon_sysid_qsys "sysid"
Info: timer_0: Starting RTL generation for module 'CRC_P2_timer_0'
Info: timer_0:   Generation command is [exec F:/altera/quartus/bin//perl/bin/perl.exe -I F:/altera/quartus/bin//perl/lib -I F:/altera/quartus/sopc_builder/bin/europa -I F:/altera/quartus/sopc_builder/bin/perl_lib -I F:/altera/quartus/sopc_builder/bin -I F:/altera/quartus/../ip/altera/sopc_builder_ip/common -I F:/altera/quartus/../ip/altera/sopc_builder_ip/altera_avalon_timer -- F:/altera/quartus/../ip/altera/sopc_builder_ip/altera_avalon_timer/generate_rtl.pl --name=CRC_P2_timer_0 --dir=C:/Users/kanis/AppData/Local/Temp/alt9836_5085052507876379118.dir/0032_timer_0_gen/ --quartus_dir=F:/altera/quartus --verilog --config=C:/Users/kanis/AppData/Local/Temp/alt9836_5085052507876379118.dir/0032_timer_0_gen//CRC_P2_timer_0_component_configuration.pl  --do_build_sim=0  ]
Info: timer_0: Done RTL generation for module 'CRC_P2_timer_0'
Info: timer_0: "CRC_P2" instantiated altera_avalon_timer "timer_0"
Info: CRC_Custom_0: "CRC_P2" instantiated CRC_Custom "CRC_Custom_0"
Info: cpu_custom_instruction_master_translator: "CRC_P2" instantiated altera_customins_master_translator "cpu_custom_instruction_master_translator"
Info: cpu_custom_instruction_master_multi_xconnect: "CRC_P2" instantiated altera_customins_xconnect "cpu_custom_instruction_master_multi_xconnect"
Info: cpu_custom_instruction_master_multi_slave_translator0: "CRC_P2" instantiated altera_customins_slave_translator "cpu_custom_instruction_master_multi_slave_translator0"
Info: pipeline_bridge_swap_transform: After transform: 49 modules, 162 connections
Info: No custom instruction connections, skipping transform 
Info: merlin_initial_interconnect_transform: After transform: 0 modules, 0 connections
Info: No Avalon connections, skipping transform 
Info: merlin_hierarchy_transform: After transform: 49 modules, 162 connections
Info: merlin_initial_interconnect_transform: After transform: 0 modules, 0 connections
Info: No Avalon connections, skipping transform 
Info: merlin_hierarchy_transform: After transform: 49 modules, 162 connections
Info: merlin_initial_interconnect_transform: After transform: 0 modules, 0 connections
Info: No Avalon connections, skipping transform 
Info: merlin_hierarchy_transform: After transform: 49 modules, 162 connections
Info: merlin_initial_interconnect_transform: After transform: 0 modules, 0 connections
Info: No Avalon connections, skipping transform 
Info: merlin_hierarchy_transform: After transform: 49 modules, 162 connections
Info: merlin_initial_interconnect_transform: After transform: 0 modules, 0 connections
Info: No Avalon connections, skipping transform 
Info: merlin_hierarchy_transform: After transform: 49 modules, 162 connections
Info: merlin_initial_interconnect_transform: After transform: 0 modules, 0 connections
Info: No Avalon connections, skipping transform 
Info: merlin_hierarchy_transform: After transform: 49 modules, 162 connections
Info: merlin_initial_interconnect_transform: After transform: 0 modules, 0 connections
Info: No Avalon connections, skipping transform 
Info: merlin_hierarchy_transform: After transform: 49 modules, 162 connections
Info: merlin_initial_interconnect_transform: After transform: 0 modules, 0 connections
Info: No Avalon connections, skipping transform 
Info: merlin_hierarchy_transform: After transform: 49 modules, 162 connections
Info: mm_interconnect_0: "CRC_P2" instantiated altera_merlin_interconnect_wrapper "mm_interconnect_0"
Info: irq_mapper: "CRC_P2" instantiated altera_irq_mapper "irq_mapper"
Info: rst_controller: "CRC_P2" instantiated altera_reset_controller "rst_controller"
Info: cpu_data_master_translator: "mm_interconnect_0" instantiated altera_merlin_master_translator "cpu_data_master_translator"
Info: cpu_jtag_debug_module_translator: "mm_interconnect_0" instantiated altera_merlin_slave_translator "cpu_jtag_debug_module_translator"
Info: cpu_data_master_translator_avalon_universal_master_0_agent: "mm_interconnect_0" instantiated altera_merlin_master_agent "cpu_data_master_translator_avalon_universal_master_0_agent"
Info: cpu_jtag_debug_module_translator_avalon_universal_slave_0_agent: "mm_interconnect_0" instantiated altera_merlin_slave_agent "cpu_jtag_debug_module_translator_avalon_universal_slave_0_agent"
Info: cpu_jtag_debug_module_translator_avalon_universal_slave_0_agent_rsp_fifo: "mm_interconnect_0" instantiated altera_avalon_sc_fifo "cpu_jtag_debug_module_translator_avalon_universal_slave_0_agent_rsp_fifo"
Info: addr_router: "mm_interconnect_0" instantiated altera_merlin_router "addr_router"
Info: addr_router_001: "mm_interconnect_0" instantiated altera_merlin_router "addr_router_001"
Info: id_router: "mm_interconnect_0" instantiated altera_merlin_router "id_router"
Info: id_router_002: "mm_interconnect_0" instantiated altera_merlin_router "id_router_002"
Info: cmd_xbar_demux: "mm_interconnect_0" instantiated altera_merlin_demultiplexer "cmd_xbar_demux"
Info: cmd_xbar_demux_001: "mm_interconnect_0" instantiated altera_merlin_demultiplexer "cmd_xbar_demux_001"
Info: cmd_xbar_mux: "mm_interconnect_0" instantiated altera_merlin_multiplexer "cmd_xbar_mux"
Info: cmd_xbar_mux_002: "mm_interconnect_0" instantiated altera_merlin_multiplexer "cmd_xbar_mux_002"
Info: Reusing file E:/Education/Academic/workspaces/CO503-Advanced-Embedded-Systems-Labs/practical2/CRC_P2/synthesis/submodules/altera_merlin_arbitrator.sv
Info: rsp_xbar_demux: "mm_interconnect_0" instantiated altera_merlin_demultiplexer "rsp_xbar_demux"
Info: rsp_xbar_demux_002: "mm_interconnect_0" instantiated altera_merlin_demultiplexer "rsp_xbar_demux_002"
Info: rsp_xbar_mux: "mm_interconnect_0" instantiated altera_merlin_multiplexer "rsp_xbar_mux"
Info: Reusing file E:/Education/Academic/workspaces/CO503-Advanced-Embedded-Systems-Labs/practical2/CRC_P2/synthesis/submodules/altera_merlin_arbitrator.sv
Info: rsp_xbar_mux_001: "mm_interconnect_0" instantiated altera_merlin_multiplexer "rsp_xbar_mux_001"
Info: Reusing file E:/Education/Academic/workspaces/CO503-Advanced-Embedded-Systems-Labs/practical2/CRC_P2/synthesis/submodules/altera_merlin_arbitrator.sv
Info: CRC_P2: Done "CRC_P2" with 31 modules, 46 files, 2286392 bytes
Info: ip-generate succeeded.
Info: Finished: Create HDL design files for synthesis
