Flow report for TopLevel
<<<<<<< HEAD
Thu Apr 18 23:14:30 2024
=======
Sat Mar 23 10:19:58 2024
>>>>>>> 33cb8d86f87de572c0883e5f5ba2f3cf9d1f65c0
Quartus II 64-Bit Version 13.1.0 Build 162 10/23/2013 SJ Web Edition


---------------------
; Table of Contents ;
---------------------
  1. Legal Notice
  2. Flow Summary
  3. Flow Settings
  4. Flow Non-Default Global Settings
  5. Flow Elapsed Time
  6. Flow OS Summary
  7. Flow Log
  8. Flow Messages
  9. Flow Suppressed Messages



----------------
; Legal Notice ;
----------------
Copyright (C) 1991-2013 Altera Corporation
Your use of Altera Corporation's design tools, logic functions 
and other software and tools, and its AMPP partner logic 
functions, and any output files from any of the foregoing 
(including device programming or simulation files), and any 
associated documentation or information are expressly subject 
to the terms and conditions of the Altera Program License 
Subscription Agreement, Altera MegaCore Function License 
Agreement, or other applicable license agreement, including, 
without limitation, that your use is for the sole purpose of 
programming logic devices manufactured by Altera and sold by 
Altera or its authorized distributors.  Please refer to the 
applicable agreement for further details.



+---------------------------------------------------------------------------------+
; Flow Summary                                                                    ;
+------------------------------------+--------------------------------------------+
<<<<<<< HEAD
; Flow Status                        ; Successful - Thu Apr 18 23:14:21 2024      ;
=======
; Flow Status                        ; Successful - Sat Mar 23 10:19:44 2024      ;
>>>>>>> 33cb8d86f87de572c0883e5f5ba2f3cf9d1f65c0
; Quartus II 64-Bit Version          ; 13.1.0 Build 162 10/23/2013 SJ Web Edition ;
; Revision Name                      ; TopLevel                                   ;
; Top-level Entity Name              ; TopLevel                                   ;
; Family                             ; Cyclone IV E                               ;
; Device                             ; EP4CE115F29C7                              ;
; Timing Models                      ; Final                                      ;
<<<<<<< HEAD
; Total logic elements               ; 3,078 / 114,480 ( 3 % )                    ;
;     Total combinational functions  ; 2,779 / 114,480 ( 2 % )                    ;
;     Dedicated logic registers      ; 1,754 / 114,480 ( 2 % )                    ;
; Total registers                    ; 1873                                       ;
; Total pins                         ; 66 / 529 ( 12 % )                          ;
; Total virtual pins                 ; 0                                          ;
; Total memory bits                  ; 11,444 / 3,981,312 ( < 1 % )               ;
=======
; Total logic elements               ; 2,517 / 114,480 ( 2 % )                    ;
;     Total combinational functions  ; 2,244 / 114,480 ( 2 % )                    ;
;     Dedicated logic registers      ; 1,529 / 114,480 ( 1 % )                    ;
; Total registers                    ; 1648                                       ;
; Total pins                         ; 66 / 529 ( 12 % )                          ;
; Total virtual pins                 ; 0                                          ;
; Total memory bits                  ; 11,460 / 3,981,312 ( < 1 % )               ;
>>>>>>> 33cb8d86f87de572c0883e5f5ba2f3cf9d1f65c0
; Embedded Multiplier 9-bit elements ; 0 / 532 ( 0 % )                            ;
; Total PLLs                         ; 1 / 4 ( 25 % )                             ;
+------------------------------------+--------------------------------------------+


+-----------------------------------------+
; Flow Settings                           ;
+-------------------+---------------------+
; Option            ; Setting             ;
+-------------------+---------------------+
<<<<<<< HEAD
; Start date & time ; 04/18/2024 23:13:09 ;
=======
; Start date & time ; 03/23/2024 10:18:43 ;
>>>>>>> 33cb8d86f87de572c0883e5f5ba2f3cf9d1f65c0
; Main task         ; Compilation         ;
; Revision Name     ; TopLevel            ;
+-------------------+---------------------+


<<<<<<< HEAD
+-----------------------------------------------------------------------------------------------------------------------------------------------------------------------------+
; Flow Non-Default Global Settings                                                                                                                                            ;
+-------------------------------------+-------------------------------------------------------+---------------+--------------------------------------------------+------------+
; Assignment Name                     ; Value                                                 ; Default Value ; Entity Name                                      ; Section Id ;
+-------------------------------------+-------------------------------------------------------+---------------+--------------------------------------------------+------------+
; COMPILER_SIGNATURE_ID               ; 198642175177194.171346218910144                       ; --            ; --                                               ; --         ;
; IP_TOOL_ENV                         ; Qsys                                                  ; --            ; SoC                                              ; --         ;
; IP_TOOL_ENV                         ; Qsys                                                  ; --            ; SoC_cpu                                          ; --         ;
; IP_TOOL_ENV                         ; Qsys                                                  ; --            ; SoC_cpu_custom_instruction_master_multi_xconnect ; --         ;
; IP_TOOL_ENV                         ; Qsys                                                  ; --            ; SoC_high_resolution_timer                        ; --         ;
; IP_TOOL_ENV                         ; Qsys                                                  ; --            ; SoC_irq_mapper                                   ; --         ;
; IP_TOOL_ENV                         ; Qsys                                                  ; --            ; SoC_jtag_uart                                    ; --         ;
; IP_TOOL_ENV                         ; Qsys                                                  ; --            ; SoC_led_out                                      ; --         ;
; IP_TOOL_ENV                         ; Qsys                                                  ; --            ; SoC_mm_interconnect_0                            ; --         ;
; IP_TOOL_ENV                         ; Qsys                                                  ; --            ; SoC_mm_interconnect_0_addr_router                ; --         ;
; IP_TOOL_ENV                         ; Qsys                                                  ; --            ; SoC_mm_interconnect_0_cmd_xbar_demux             ; --         ;
; IP_TOOL_ENV                         ; Qsys                                                  ; --            ; SoC_mm_interconnect_0_cmd_xbar_mux               ; --         ;
; IP_TOOL_ENV                         ; Qsys                                                  ; --            ; SoC_mm_interconnect_0_id_router                  ; --         ;
; IP_TOOL_ENV                         ; Qsys                                                  ; --            ; SoC_mm_interconnect_0_rsp_xbar_demux             ; --         ;
; IP_TOOL_ENV                         ; Qsys                                                  ; --            ; SoC_mm_interconnect_0_rsp_xbar_mux               ; --         ;
; IP_TOOL_ENV                         ; Qsys                                                  ; --            ; SoC_mm_interconnect_1                            ; --         ;
; IP_TOOL_ENV                         ; Qsys                                                  ; --            ; SoC_mm_interconnect_1_addr_router                ; --         ;
; IP_TOOL_ENV                         ; Qsys                                                  ; --            ; SoC_mm_interconnect_1_addr_router_001            ; --         ;
; IP_TOOL_ENV                         ; Qsys                                                  ; --            ; SoC_mm_interconnect_1_cmd_xbar_demux             ; --         ;
; IP_TOOL_ENV                         ; Qsys                                                  ; --            ; SoC_mm_interconnect_1_cmd_xbar_demux_001         ; --         ;
; IP_TOOL_ENV                         ; Qsys                                                  ; --            ; SoC_mm_interconnect_1_cmd_xbar_mux               ; --         ;
; IP_TOOL_ENV                         ; Qsys                                                  ; --            ; SoC_mm_interconnect_1_cmd_xbar_mux_002           ; --         ;
; IP_TOOL_ENV                         ; Qsys                                                  ; --            ; SoC_mm_interconnect_1_cmd_xbar_mux_005           ; --         ;
; IP_TOOL_ENV                         ; Qsys                                                  ; --            ; SoC_mm_interconnect_1_id_router                  ; --         ;
; IP_TOOL_ENV                         ; Qsys                                                  ; --            ; SoC_mm_interconnect_1_id_router_002              ; --         ;
; IP_TOOL_ENV                         ; Qsys                                                  ; --            ; SoC_mm_interconnect_1_id_router_005              ; --         ;
; IP_TOOL_ENV                         ; Qsys                                                  ; --            ; SoC_mm_interconnect_1_rsp_xbar_demux_002         ; --         ;
; IP_TOOL_ENV                         ; Qsys                                                  ; --            ; SoC_mm_interconnect_1_rsp_xbar_demux_005         ; --         ;
; IP_TOOL_ENV                         ; Qsys                                                  ; --            ; SoC_mm_interconnect_1_rsp_xbar_mux               ; --         ;
; IP_TOOL_ENV                         ; Qsys                                                  ; --            ; SoC_mm_interconnect_1_rsp_xbar_mux_001           ; --         ;
; IP_TOOL_ENV                         ; Qsys                                                  ; --            ; SoC_pll                                          ; --         ;
; IP_TOOL_ENV                         ; Qsys                                                  ; --            ; SoC_sdram                                        ; --         ;
; IP_TOOL_ENV                         ; Qsys                                                  ; --            ; SoC_sysid                                        ; --         ;
; IP_TOOL_ENV                         ; Qsys                                                  ; --            ; SoC_timer                                        ; --         ;
; IP_TOOL_ENV                         ; Qsys                                                  ; --            ; altera_avalon_mm_clock_crossing_bridge           ; --         ;
; IP_TOOL_ENV                         ; Qsys                                                  ; --            ; altera_avalon_sc_fifo                            ; --         ;
; IP_TOOL_ENV                         ; Qsys                                                  ; --            ; altera_avalon_st_handshake_clock_crosser         ; --         ;
; IP_TOOL_ENV                         ; Qsys                                                  ; --            ; altera_customins_master_translator               ; --         ;
; IP_TOOL_ENV                         ; Qsys                                                  ; --            ; altera_customins_slave_translator                ; --         ;
; IP_TOOL_ENV                         ; Qsys                                                  ; --            ; altera_irq_clock_crosser                         ; --         ;
; IP_TOOL_ENV                         ; Qsys                                                  ; --            ; altera_merlin_master_agent                       ; --         ;
; IP_TOOL_ENV                         ; Qsys                                                  ; --            ; altera_merlin_master_translator                  ; --         ;
; IP_TOOL_ENV                         ; Qsys                                                  ; --            ; altera_merlin_slave_agent                        ; --         ;
; IP_TOOL_ENV                         ; Qsys                                                  ; --            ; altera_merlin_slave_translator                   ; --         ;
; IP_TOOL_ENV                         ; Qsys                                                  ; --            ; altera_merlin_traffic_limiter                    ; --         ;
; IP_TOOL_ENV                         ; Qsys                                                  ; --            ; altera_reset_controller                          ; --         ;
; IP_TOOL_NAME                        ; Qsys                                                  ; --            ; SoC                                              ; --         ;
; IP_TOOL_NAME                        ; altera_nios2_qsys                                     ; --            ; SoC_cpu                                          ; --         ;
; IP_TOOL_NAME                        ; altera_customins_xconnect                             ; --            ; SoC_cpu_custom_instruction_master_multi_xconnect ; --         ;
; IP_TOOL_NAME                        ; altera_avalon_timer                                   ; --            ; SoC_high_resolution_timer                        ; --         ;
; IP_TOOL_NAME                        ; altera_irq_mapper                                     ; --            ; SoC_irq_mapper                                   ; --         ;
; IP_TOOL_NAME                        ; altera_avalon_jtag_uart                               ; --            ; SoC_jtag_uart                                    ; --         ;
; IP_TOOL_NAME                        ; altera_avalon_pio                                     ; --            ; SoC_led_out                                      ; --         ;
; IP_TOOL_NAME                        ; altera_merlin_interconnect_wrapper                    ; --            ; SoC_mm_interconnect_0                            ; --         ;
; IP_TOOL_NAME                        ; altera_merlin_router                                  ; --            ; SoC_mm_interconnect_0_addr_router                ; --         ;
; IP_TOOL_NAME                        ; altera_merlin_demultiplexer                           ; --            ; SoC_mm_interconnect_0_cmd_xbar_demux             ; --         ;
; IP_TOOL_NAME                        ; altera_merlin_multiplexer                             ; --            ; SoC_mm_interconnect_0_cmd_xbar_mux               ; --         ;
; IP_TOOL_NAME                        ; altera_merlin_router                                  ; --            ; SoC_mm_interconnect_0_id_router                  ; --         ;
; IP_TOOL_NAME                        ; altera_merlin_demultiplexer                           ; --            ; SoC_mm_interconnect_0_rsp_xbar_demux             ; --         ;
; IP_TOOL_NAME                        ; altera_merlin_multiplexer                             ; --            ; SoC_mm_interconnect_0_rsp_xbar_mux               ; --         ;
; IP_TOOL_NAME                        ; altera_merlin_interconnect_wrapper                    ; --            ; SoC_mm_interconnect_1                            ; --         ;
; IP_TOOL_NAME                        ; altera_merlin_router                                  ; --            ; SoC_mm_interconnect_1_addr_router                ; --         ;
; IP_TOOL_NAME                        ; altera_merlin_router                                  ; --            ; SoC_mm_interconnect_1_addr_router_001            ; --         ;
; IP_TOOL_NAME                        ; altera_merlin_demultiplexer                           ; --            ; SoC_mm_interconnect_1_cmd_xbar_demux             ; --         ;
; IP_TOOL_NAME                        ; altera_merlin_demultiplexer                           ; --            ; SoC_mm_interconnect_1_cmd_xbar_demux_001         ; --         ;
; IP_TOOL_NAME                        ; altera_merlin_multiplexer                             ; --            ; SoC_mm_interconnect_1_cmd_xbar_mux               ; --         ;
; IP_TOOL_NAME                        ; altera_merlin_multiplexer                             ; --            ; SoC_mm_interconnect_1_cmd_xbar_mux_002           ; --         ;
; IP_TOOL_NAME                        ; altera_merlin_multiplexer                             ; --            ; SoC_mm_interconnect_1_cmd_xbar_mux_005           ; --         ;
; IP_TOOL_NAME                        ; altera_merlin_router                                  ; --            ; SoC_mm_interconnect_1_id_router                  ; --         ;
; IP_TOOL_NAME                        ; altera_merlin_router                                  ; --            ; SoC_mm_interconnect_1_id_router_002              ; --         ;
; IP_TOOL_NAME                        ; altera_merlin_router                                  ; --            ; SoC_mm_interconnect_1_id_router_005              ; --         ;
; IP_TOOL_NAME                        ; altera_merlin_demultiplexer                           ; --            ; SoC_mm_interconnect_1_rsp_xbar_demux_002         ; --         ;
; IP_TOOL_NAME                        ; altera_merlin_demultiplexer                           ; --            ; SoC_mm_interconnect_1_rsp_xbar_demux_005         ; --         ;
; IP_TOOL_NAME                        ; altera_merlin_multiplexer                             ; --            ; SoC_mm_interconnect_1_rsp_xbar_mux               ; --         ;
; IP_TOOL_NAME                        ; altera_merlin_multiplexer                             ; --            ; SoC_mm_interconnect_1_rsp_xbar_mux_001           ; --         ;
; IP_TOOL_NAME                        ; altpll                                                ; --            ; SoC_pll                                          ; --         ;
; IP_TOOL_NAME                        ; altera_avalon_new_sdram_controller                    ; --            ; SoC_sdram                                        ; --         ;
; IP_TOOL_NAME                        ; altera_avalon_sysid_qsys                              ; --            ; SoC_sysid                                        ; --         ;
; IP_TOOL_NAME                        ; altera_avalon_timer                                   ; --            ; SoC_timer                                        ; --         ;
; IP_TOOL_NAME                        ; altera_avalon_mm_clock_crossing_bridge                ; --            ; altera_avalon_mm_clock_crossing_bridge           ; --         ;
; IP_TOOL_NAME                        ; altera_avalon_sc_fifo                                 ; --            ; altera_avalon_sc_fifo                            ; --         ;
; IP_TOOL_NAME                        ; altera_avalon_st_handshake_clock_crosser              ; --            ; altera_avalon_st_handshake_clock_crosser         ; --         ;
; IP_TOOL_NAME                        ; altera_customins_master_translator                    ; --            ; altera_customins_master_translator               ; --         ;
; IP_TOOL_NAME                        ; altera_customins_slave_translator                     ; --            ; altera_customins_slave_translator                ; --         ;
; IP_TOOL_NAME                        ; altera_irq_clock_crosser                              ; --            ; altera_irq_clock_crosser                         ; --         ;
; IP_TOOL_NAME                        ; altera_merlin_master_agent                            ; --            ; altera_merlin_master_agent                       ; --         ;
; IP_TOOL_NAME                        ; altera_merlin_master_translator                       ; --            ; altera_merlin_master_translator                  ; --         ;
; IP_TOOL_NAME                        ; altera_merlin_slave_agent                             ; --            ; altera_merlin_slave_agent                        ; --         ;
; IP_TOOL_NAME                        ; altera_merlin_slave_translator                        ; --            ; altera_merlin_slave_translator                   ; --         ;
; IP_TOOL_NAME                        ; altera_merlin_traffic_limiter                         ; --            ; altera_merlin_traffic_limiter                    ; --         ;
; IP_TOOL_NAME                        ; altera_reset_controller                               ; --            ; altera_reset_controller                          ; --         ;
; IP_TOOL_VERSION                     ; 13.1                                                  ; --            ; SoC                                              ; --         ;
; IP_TOOL_VERSION                     ; 13.1                                                  ; --            ; SoC_cpu                                          ; --         ;
; IP_TOOL_VERSION                     ; 13.1                                                  ; --            ; SoC_cpu_custom_instruction_master_multi_xconnect ; --         ;
; IP_TOOL_VERSION                     ; 13.1                                                  ; --            ; SoC_high_resolution_timer                        ; --         ;
; IP_TOOL_VERSION                     ; 13.1                                                  ; --            ; SoC_irq_mapper                                   ; --         ;
; IP_TOOL_VERSION                     ; 13.1                                                  ; --            ; SoC_jtag_uart                                    ; --         ;
; IP_TOOL_VERSION                     ; 13.1                                                  ; --            ; SoC_led_out                                      ; --         ;
; IP_TOOL_VERSION                     ; 13.1                                                  ; --            ; SoC_mm_interconnect_0                            ; --         ;
; IP_TOOL_VERSION                     ; 13.1                                                  ; --            ; SoC_mm_interconnect_0_addr_router                ; --         ;
; IP_TOOL_VERSION                     ; 13.1                                                  ; --            ; SoC_mm_interconnect_0_cmd_xbar_demux             ; --         ;
; IP_TOOL_VERSION                     ; 13.1                                                  ; --            ; SoC_mm_interconnect_0_cmd_xbar_mux               ; --         ;
; IP_TOOL_VERSION                     ; 13.1                                                  ; --            ; SoC_mm_interconnect_0_id_router                  ; --         ;
; IP_TOOL_VERSION                     ; 13.1                                                  ; --            ; SoC_mm_interconnect_0_rsp_xbar_demux             ; --         ;
; IP_TOOL_VERSION                     ; 13.1                                                  ; --            ; SoC_mm_interconnect_0_rsp_xbar_mux               ; --         ;
; IP_TOOL_VERSION                     ; 13.1                                                  ; --            ; SoC_mm_interconnect_1                            ; --         ;
; IP_TOOL_VERSION                     ; 13.1                                                  ; --            ; SoC_mm_interconnect_1_addr_router                ; --         ;
; IP_TOOL_VERSION                     ; 13.1                                                  ; --            ; SoC_mm_interconnect_1_addr_router_001            ; --         ;
; IP_TOOL_VERSION                     ; 13.1                                                  ; --            ; SoC_mm_interconnect_1_cmd_xbar_demux             ; --         ;
; IP_TOOL_VERSION                     ; 13.1                                                  ; --            ; SoC_mm_interconnect_1_cmd_xbar_demux_001         ; --         ;
; IP_TOOL_VERSION                     ; 13.1                                                  ; --            ; SoC_mm_interconnect_1_cmd_xbar_mux               ; --         ;
; IP_TOOL_VERSION                     ; 13.1                                                  ; --            ; SoC_mm_interconnect_1_cmd_xbar_mux_002           ; --         ;
; IP_TOOL_VERSION                     ; 13.1                                                  ; --            ; SoC_mm_interconnect_1_cmd_xbar_mux_005           ; --         ;
; IP_TOOL_VERSION                     ; 13.1                                                  ; --            ; SoC_mm_interconnect_1_id_router                  ; --         ;
; IP_TOOL_VERSION                     ; 13.1                                                  ; --            ; SoC_mm_interconnect_1_id_router_002              ; --         ;
; IP_TOOL_VERSION                     ; 13.1                                                  ; --            ; SoC_mm_interconnect_1_id_router_005              ; --         ;
; IP_TOOL_VERSION                     ; 13.1                                                  ; --            ; SoC_mm_interconnect_1_rsp_xbar_demux_002         ; --         ;
; IP_TOOL_VERSION                     ; 13.1                                                  ; --            ; SoC_mm_interconnect_1_rsp_xbar_demux_005         ; --         ;
; IP_TOOL_VERSION                     ; 13.1                                                  ; --            ; SoC_mm_interconnect_1_rsp_xbar_mux               ; --         ;
; IP_TOOL_VERSION                     ; 13.1                                                  ; --            ; SoC_mm_interconnect_1_rsp_xbar_mux_001           ; --         ;
; IP_TOOL_VERSION                     ; 13.1                                                  ; --            ; SoC_pll                                          ; --         ;
; IP_TOOL_VERSION                     ; 13.1                                                  ; --            ; SoC_sdram                                        ; --         ;
; IP_TOOL_VERSION                     ; 13.1                                                  ; --            ; SoC_sysid                                        ; --         ;
; IP_TOOL_VERSION                     ; 13.1                                                  ; --            ; SoC_timer                                        ; --         ;
; IP_TOOL_VERSION                     ; 13.1                                                  ; --            ; altera_avalon_mm_clock_crossing_bridge           ; --         ;
; IP_TOOL_VERSION                     ; 13.1                                                  ; --            ; altera_avalon_sc_fifo                            ; --         ;
; IP_TOOL_VERSION                     ; 13.1                                                  ; --            ; altera_avalon_st_handshake_clock_crosser         ; --         ;
; IP_TOOL_VERSION                     ; 13.1                                                  ; --            ; altera_customins_master_translator               ; --         ;
; IP_TOOL_VERSION                     ; 13.1                                                  ; --            ; altera_customins_slave_translator                ; --         ;
; IP_TOOL_VERSION                     ; 13.1                                                  ; --            ; altera_irq_clock_crosser                         ; --         ;
; IP_TOOL_VERSION                     ; 13.1                                                  ; --            ; altera_merlin_master_agent                       ; --         ;
; IP_TOOL_VERSION                     ; 13.1                                                  ; --            ; altera_merlin_master_translator                  ; --         ;
; IP_TOOL_VERSION                     ; 13.1                                                  ; --            ; altera_merlin_slave_agent                        ; --         ;
; IP_TOOL_VERSION                     ; 13.1                                                  ; --            ; altera_merlin_slave_translator                   ; --         ;
; IP_TOOL_VERSION                     ; 13.1                                                  ; --            ; altera_merlin_traffic_limiter                    ; --         ;
; IP_TOOL_VERSION                     ; 13.1                                                  ; --            ; altera_reset_controller                          ; --         ;
; MAX_CORE_JUNCTION_TEMP              ; 85                                                    ; --            ; --                                               ; --         ;
; MIN_CORE_JUNCTION_TEMP              ; 0                                                     ; --            ; --                                               ; --         ;
; MISC_FILE                           ; SoC/synthesis/../../SoC.cmp                           ; --            ; --                                               ; --         ;
; MISC_FILE                           ; SoC/synthesis/../../SoC.qsys                          ; --            ; --                                               ; --         ;
; PARTITION_COLOR                     ; 16764057                                              ; --            ; --                                               ; Top        ;
; PARTITION_FITTER_PRESERVATION_LEVEL ; PLACEMENT_AND_ROUTING                                 ; --            ; --                                               ; Top        ;
; PARTITION_NETLIST_TYPE              ; SOURCE                                                ; --            ; --                                               ; Top        ;
; POWER_BOARD_THERMAL_MODEL           ; None (CONSERVATIVE)                                   ; --            ; --                                               ; --         ;
; POWER_PRESET_COOLING_SOLUTION       ; 23 MM HEAT SINK WITH 200 LFPM AIRFLOW                 ; --            ; --                                               ; --         ;
; PROJECT_OUTPUT_DIRECTORY            ; output_files                                          ; --            ; --                                               ; --         ;
; SLD_FILE                            ; SoC/synthesis/SoC.regmap                              ; --            ; --                                               ; --         ;
; SLD_FILE                            ; SoC/synthesis/SoC.debuginfo                           ; --            ; --                                               ; --         ;
; SLD_INFO                            ; QSYS_NAME SoC HAS_SOPCINFO 1 GENERATION_ID 1713462038 ; --            ; SoC                                              ; --         ;
; SOPCINFO_FILE                       ; SoC/synthesis/../../SoC.sopcinfo                      ; --            ; --                                               ; --         ;
; SYNTHESIS_ONLY_QIP                  ; On                                                    ; --            ; --                                               ; --         ;
+-------------------------------------+-------------------------------------------------------+---------------+--------------------------------------------------+------------+
=======
+---------------------------------------------------------------------------------------------------------------------------------------------------------------------+
; Flow Non-Default Global Settings                                                                                                                                    ;
+-------------------------------------+-------------------------------------------------------+---------------+------------------------------------------+------------+
; Assignment Name                     ; Value                                                 ; Default Value ; Entity Name                              ; Section Id ;
+-------------------------------------+-------------------------------------------------------+---------------+------------------------------------------+------------+
; COMPILER_SIGNATURE_ID               ; 13870899193176.171116932324140                        ; --            ; --                                       ; --         ;
; IP_TOOL_ENV                         ; Qsys                                                  ; --            ; SoC                                      ; --         ;
; IP_TOOL_ENV                         ; Qsys                                                  ; --            ; SoC_cpu                                  ; --         ;
; IP_TOOL_ENV                         ; Qsys                                                  ; --            ; SoC_irq_mapper                           ; --         ;
; IP_TOOL_ENV                         ; Qsys                                                  ; --            ; SoC_jtag_uart                            ; --         ;
; IP_TOOL_ENV                         ; Qsys                                                  ; --            ; SoC_led_out                              ; --         ;
; IP_TOOL_ENV                         ; Qsys                                                  ; --            ; SoC_mm_interconnect_0                    ; --         ;
; IP_TOOL_ENV                         ; Qsys                                                  ; --            ; SoC_mm_interconnect_0_addr_router        ; --         ;
; IP_TOOL_ENV                         ; Qsys                                                  ; --            ; SoC_mm_interconnect_0_cmd_xbar_demux     ; --         ;
; IP_TOOL_ENV                         ; Qsys                                                  ; --            ; SoC_mm_interconnect_0_cmd_xbar_mux       ; --         ;
; IP_TOOL_ENV                         ; Qsys                                                  ; --            ; SoC_mm_interconnect_0_id_router          ; --         ;
; IP_TOOL_ENV                         ; Qsys                                                  ; --            ; SoC_mm_interconnect_0_rsp_xbar_demux     ; --         ;
; IP_TOOL_ENV                         ; Qsys                                                  ; --            ; SoC_mm_interconnect_0_rsp_xbar_mux       ; --         ;
; IP_TOOL_ENV                         ; Qsys                                                  ; --            ; SoC_mm_interconnect_1                    ; --         ;
; IP_TOOL_ENV                         ; Qsys                                                  ; --            ; SoC_mm_interconnect_1_addr_router        ; --         ;
; IP_TOOL_ENV                         ; Qsys                                                  ; --            ; SoC_mm_interconnect_1_addr_router_001    ; --         ;
; IP_TOOL_ENV                         ; Qsys                                                  ; --            ; SoC_mm_interconnect_1_cmd_xbar_demux     ; --         ;
; IP_TOOL_ENV                         ; Qsys                                                  ; --            ; SoC_mm_interconnect_1_cmd_xbar_demux_001 ; --         ;
; IP_TOOL_ENV                         ; Qsys                                                  ; --            ; SoC_mm_interconnect_1_cmd_xbar_mux       ; --         ;
; IP_TOOL_ENV                         ; Qsys                                                  ; --            ; SoC_mm_interconnect_1_cmd_xbar_mux_002   ; --         ;
; IP_TOOL_ENV                         ; Qsys                                                  ; --            ; SoC_mm_interconnect_1_cmd_xbar_mux_005   ; --         ;
; IP_TOOL_ENV                         ; Qsys                                                  ; --            ; SoC_mm_interconnect_1_id_router          ; --         ;
; IP_TOOL_ENV                         ; Qsys                                                  ; --            ; SoC_mm_interconnect_1_id_router_002      ; --         ;
; IP_TOOL_ENV                         ; Qsys                                                  ; --            ; SoC_mm_interconnect_1_id_router_005      ; --         ;
; IP_TOOL_ENV                         ; Qsys                                                  ; --            ; SoC_mm_interconnect_1_rsp_xbar_demux_002 ; --         ;
; IP_TOOL_ENV                         ; Qsys                                                  ; --            ; SoC_mm_interconnect_1_rsp_xbar_demux_005 ; --         ;
; IP_TOOL_ENV                         ; Qsys                                                  ; --            ; SoC_mm_interconnect_1_rsp_xbar_mux       ; --         ;
; IP_TOOL_ENV                         ; Qsys                                                  ; --            ; SoC_mm_interconnect_1_rsp_xbar_mux_001   ; --         ;
; IP_TOOL_ENV                         ; Qsys                                                  ; --            ; SoC_pll                                  ; --         ;
; IP_TOOL_ENV                         ; Qsys                                                  ; --            ; SoC_sdram                                ; --         ;
; IP_TOOL_ENV                         ; Qsys                                                  ; --            ; SoC_sysid                                ; --         ;
; IP_TOOL_ENV                         ; Qsys                                                  ; --            ; SoC_timer                                ; --         ;
; IP_TOOL_ENV                         ; Qsys                                                  ; --            ; altera_avalon_mm_clock_crossing_bridge   ; --         ;
; IP_TOOL_ENV                         ; Qsys                                                  ; --            ; altera_avalon_sc_fifo                    ; --         ;
; IP_TOOL_ENV                         ; Qsys                                                  ; --            ; altera_avalon_st_handshake_clock_crosser ; --         ;
; IP_TOOL_ENV                         ; Qsys                                                  ; --            ; altera_irq_clock_crosser                 ; --         ;
; IP_TOOL_ENV                         ; Qsys                                                  ; --            ; altera_merlin_master_agent               ; --         ;
; IP_TOOL_ENV                         ; Qsys                                                  ; --            ; altera_merlin_master_translator          ; --         ;
; IP_TOOL_ENV                         ; Qsys                                                  ; --            ; altera_merlin_slave_agent                ; --         ;
; IP_TOOL_ENV                         ; Qsys                                                  ; --            ; altera_merlin_slave_translator           ; --         ;
; IP_TOOL_ENV                         ; Qsys                                                  ; --            ; altera_merlin_traffic_limiter            ; --         ;
; IP_TOOL_ENV                         ; Qsys                                                  ; --            ; altera_reset_controller                  ; --         ;
; IP_TOOL_NAME                        ; Qsys                                                  ; --            ; SoC                                      ; --         ;
; IP_TOOL_NAME                        ; altera_nios2_qsys                                     ; --            ; SoC_cpu                                  ; --         ;
; IP_TOOL_NAME                        ; altera_irq_mapper                                     ; --            ; SoC_irq_mapper                           ; --         ;
; IP_TOOL_NAME                        ; altera_avalon_jtag_uart                               ; --            ; SoC_jtag_uart                            ; --         ;
; IP_TOOL_NAME                        ; altera_avalon_pio                                     ; --            ; SoC_led_out                              ; --         ;
; IP_TOOL_NAME                        ; altera_merlin_interconnect_wrapper                    ; --            ; SoC_mm_interconnect_0                    ; --         ;
; IP_TOOL_NAME                        ; altera_merlin_router                                  ; --            ; SoC_mm_interconnect_0_addr_router        ; --         ;
; IP_TOOL_NAME                        ; altera_merlin_demultiplexer                           ; --            ; SoC_mm_interconnect_0_cmd_xbar_demux     ; --         ;
; IP_TOOL_NAME                        ; altera_merlin_multiplexer                             ; --            ; SoC_mm_interconnect_0_cmd_xbar_mux       ; --         ;
; IP_TOOL_NAME                        ; altera_merlin_router                                  ; --            ; SoC_mm_interconnect_0_id_router          ; --         ;
; IP_TOOL_NAME                        ; altera_merlin_demultiplexer                           ; --            ; SoC_mm_interconnect_0_rsp_xbar_demux     ; --         ;
; IP_TOOL_NAME                        ; altera_merlin_multiplexer                             ; --            ; SoC_mm_interconnect_0_rsp_xbar_mux       ; --         ;
; IP_TOOL_NAME                        ; altera_merlin_interconnect_wrapper                    ; --            ; SoC_mm_interconnect_1                    ; --         ;
; IP_TOOL_NAME                        ; altera_merlin_router                                  ; --            ; SoC_mm_interconnect_1_addr_router        ; --         ;
; IP_TOOL_NAME                        ; altera_merlin_router                                  ; --            ; SoC_mm_interconnect_1_addr_router_001    ; --         ;
; IP_TOOL_NAME                        ; altera_merlin_demultiplexer                           ; --            ; SoC_mm_interconnect_1_cmd_xbar_demux     ; --         ;
; IP_TOOL_NAME                        ; altera_merlin_demultiplexer                           ; --            ; SoC_mm_interconnect_1_cmd_xbar_demux_001 ; --         ;
; IP_TOOL_NAME                        ; altera_merlin_multiplexer                             ; --            ; SoC_mm_interconnect_1_cmd_xbar_mux       ; --         ;
; IP_TOOL_NAME                        ; altera_merlin_multiplexer                             ; --            ; SoC_mm_interconnect_1_cmd_xbar_mux_002   ; --         ;
; IP_TOOL_NAME                        ; altera_merlin_multiplexer                             ; --            ; SoC_mm_interconnect_1_cmd_xbar_mux_005   ; --         ;
; IP_TOOL_NAME                        ; altera_merlin_router                                  ; --            ; SoC_mm_interconnect_1_id_router          ; --         ;
; IP_TOOL_NAME                        ; altera_merlin_router                                  ; --            ; SoC_mm_interconnect_1_id_router_002      ; --         ;
; IP_TOOL_NAME                        ; altera_merlin_router                                  ; --            ; SoC_mm_interconnect_1_id_router_005      ; --         ;
; IP_TOOL_NAME                        ; altera_merlin_demultiplexer                           ; --            ; SoC_mm_interconnect_1_rsp_xbar_demux_002 ; --         ;
; IP_TOOL_NAME                        ; altera_merlin_demultiplexer                           ; --            ; SoC_mm_interconnect_1_rsp_xbar_demux_005 ; --         ;
; IP_TOOL_NAME                        ; altera_merlin_multiplexer                             ; --            ; SoC_mm_interconnect_1_rsp_xbar_mux       ; --         ;
; IP_TOOL_NAME                        ; altera_merlin_multiplexer                             ; --            ; SoC_mm_interconnect_1_rsp_xbar_mux_001   ; --         ;
; IP_TOOL_NAME                        ; altpll                                                ; --            ; SoC_pll                                  ; --         ;
; IP_TOOL_NAME                        ; altera_avalon_new_sdram_controller                    ; --            ; SoC_sdram                                ; --         ;
; IP_TOOL_NAME                        ; altera_avalon_sysid_qsys                              ; --            ; SoC_sysid                                ; --         ;
; IP_TOOL_NAME                        ; altera_avalon_timer                                   ; --            ; SoC_timer                                ; --         ;
; IP_TOOL_NAME                        ; altera_avalon_mm_clock_crossing_bridge                ; --            ; altera_avalon_mm_clock_crossing_bridge   ; --         ;
; IP_TOOL_NAME                        ; altera_avalon_sc_fifo                                 ; --            ; altera_avalon_sc_fifo                    ; --         ;
; IP_TOOL_NAME                        ; altera_avalon_st_handshake_clock_crosser              ; --            ; altera_avalon_st_handshake_clock_crosser ; --         ;
; IP_TOOL_NAME                        ; altera_irq_clock_crosser                              ; --            ; altera_irq_clock_crosser                 ; --         ;
; IP_TOOL_NAME                        ; altera_merlin_master_agent                            ; --            ; altera_merlin_master_agent               ; --         ;
; IP_TOOL_NAME                        ; altera_merlin_master_translator                       ; --            ; altera_merlin_master_translator          ; --         ;
; IP_TOOL_NAME                        ; altera_merlin_slave_agent                             ; --            ; altera_merlin_slave_agent                ; --         ;
; IP_TOOL_NAME                        ; altera_merlin_slave_translator                        ; --            ; altera_merlin_slave_translator           ; --         ;
; IP_TOOL_NAME                        ; altera_merlin_traffic_limiter                         ; --            ; altera_merlin_traffic_limiter            ; --         ;
; IP_TOOL_NAME                        ; altera_reset_controller                               ; --            ; altera_reset_controller                  ; --         ;
; IP_TOOL_VERSION                     ; 13.1                                                  ; --            ; SoC                                      ; --         ;
; IP_TOOL_VERSION                     ; 13.1                                                  ; --            ; SoC_cpu                                  ; --         ;
; IP_TOOL_VERSION                     ; 13.1                                                  ; --            ; SoC_irq_mapper                           ; --         ;
; IP_TOOL_VERSION                     ; 13.1                                                  ; --            ; SoC_jtag_uart                            ; --         ;
; IP_TOOL_VERSION                     ; 13.1                                                  ; --            ; SoC_led_out                              ; --         ;
; IP_TOOL_VERSION                     ; 13.1                                                  ; --            ; SoC_mm_interconnect_0                    ; --         ;
; IP_TOOL_VERSION                     ; 13.1                                                  ; --            ; SoC_mm_interconnect_0_addr_router        ; --         ;
; IP_TOOL_VERSION                     ; 13.1                                                  ; --            ; SoC_mm_interconnect_0_cmd_xbar_demux     ; --         ;
; IP_TOOL_VERSION                     ; 13.1                                                  ; --            ; SoC_mm_interconnect_0_cmd_xbar_mux       ; --         ;
; IP_TOOL_VERSION                     ; 13.1                                                  ; --            ; SoC_mm_interconnect_0_id_router          ; --         ;
; IP_TOOL_VERSION                     ; 13.1                                                  ; --            ; SoC_mm_interconnect_0_rsp_xbar_demux     ; --         ;
; IP_TOOL_VERSION                     ; 13.1                                                  ; --            ; SoC_mm_interconnect_0_rsp_xbar_mux       ; --         ;
; IP_TOOL_VERSION                     ; 13.1                                                  ; --            ; SoC_mm_interconnect_1                    ; --         ;
; IP_TOOL_VERSION                     ; 13.1                                                  ; --            ; SoC_mm_interconnect_1_addr_router        ; --         ;
; IP_TOOL_VERSION                     ; 13.1                                                  ; --            ; SoC_mm_interconnect_1_addr_router_001    ; --         ;
; IP_TOOL_VERSION                     ; 13.1                                                  ; --            ; SoC_mm_interconnect_1_cmd_xbar_demux     ; --         ;
; IP_TOOL_VERSION                     ; 13.1                                                  ; --            ; SoC_mm_interconnect_1_cmd_xbar_demux_001 ; --         ;
; IP_TOOL_VERSION                     ; 13.1                                                  ; --            ; SoC_mm_interconnect_1_cmd_xbar_mux       ; --         ;
; IP_TOOL_VERSION                     ; 13.1                                                  ; --            ; SoC_mm_interconnect_1_cmd_xbar_mux_002   ; --         ;
; IP_TOOL_VERSION                     ; 13.1                                                  ; --            ; SoC_mm_interconnect_1_cmd_xbar_mux_005   ; --         ;
; IP_TOOL_VERSION                     ; 13.1                                                  ; --            ; SoC_mm_interconnect_1_id_router          ; --         ;
; IP_TOOL_VERSION                     ; 13.1                                                  ; --            ; SoC_mm_interconnect_1_id_router_002      ; --         ;
; IP_TOOL_VERSION                     ; 13.1                                                  ; --            ; SoC_mm_interconnect_1_id_router_005      ; --         ;
; IP_TOOL_VERSION                     ; 13.1                                                  ; --            ; SoC_mm_interconnect_1_rsp_xbar_demux_002 ; --         ;
; IP_TOOL_VERSION                     ; 13.1                                                  ; --            ; SoC_mm_interconnect_1_rsp_xbar_demux_005 ; --         ;
; IP_TOOL_VERSION                     ; 13.1                                                  ; --            ; SoC_mm_interconnect_1_rsp_xbar_mux       ; --         ;
; IP_TOOL_VERSION                     ; 13.1                                                  ; --            ; SoC_mm_interconnect_1_rsp_xbar_mux_001   ; --         ;
; IP_TOOL_VERSION                     ; 13.1                                                  ; --            ; SoC_pll                                  ; --         ;
; IP_TOOL_VERSION                     ; 13.1                                                  ; --            ; SoC_sdram                                ; --         ;
; IP_TOOL_VERSION                     ; 13.1                                                  ; --            ; SoC_sysid                                ; --         ;
; IP_TOOL_VERSION                     ; 13.1                                                  ; --            ; SoC_timer                                ; --         ;
; IP_TOOL_VERSION                     ; 13.1                                                  ; --            ; altera_avalon_mm_clock_crossing_bridge   ; --         ;
; IP_TOOL_VERSION                     ; 13.1                                                  ; --            ; altera_avalon_sc_fifo                    ; --         ;
; IP_TOOL_VERSION                     ; 13.1                                                  ; --            ; altera_avalon_st_handshake_clock_crosser ; --         ;
; IP_TOOL_VERSION                     ; 13.1                                                  ; --            ; altera_irq_clock_crosser                 ; --         ;
; IP_TOOL_VERSION                     ; 13.1                                                  ; --            ; altera_merlin_master_agent               ; --         ;
; IP_TOOL_VERSION                     ; 13.1                                                  ; --            ; altera_merlin_master_translator          ; --         ;
; IP_TOOL_VERSION                     ; 13.1                                                  ; --            ; altera_merlin_slave_agent                ; --         ;
; IP_TOOL_VERSION                     ; 13.1                                                  ; --            ; altera_merlin_slave_translator           ; --         ;
; IP_TOOL_VERSION                     ; 13.1                                                  ; --            ; altera_merlin_traffic_limiter            ; --         ;
; IP_TOOL_VERSION                     ; 13.1                                                  ; --            ; altera_reset_controller                  ; --         ;
; MAX_CORE_JUNCTION_TEMP              ; 85                                                    ; --            ; --                                       ; --         ;
; MIN_CORE_JUNCTION_TEMP              ; 0                                                     ; --            ; --                                       ; --         ;
; MISC_FILE                           ; SoC/synthesis/../../SoC.cmp                           ; --            ; --                                       ; --         ;
; MISC_FILE                           ; SoC/synthesis/../../SoC.qsys                          ; --            ; --                                       ; --         ;
; PARTITION_COLOR                     ; 16764057                                              ; --            ; --                                       ; Top        ;
; PARTITION_FITTER_PRESERVATION_LEVEL ; PLACEMENT_AND_ROUTING                                 ; --            ; --                                       ; Top        ;
; PARTITION_NETLIST_TYPE              ; SOURCE                                                ; --            ; --                                       ; Top        ;
; PROJECT_OUTPUT_DIRECTORY            ; output_files                                          ; --            ; --                                       ; --         ;
; SLD_FILE                            ; SoC/synthesis/SoC.regmap                              ; --            ; --                                       ; --         ;
; SLD_FILE                            ; SoC/synthesis/SoC.debuginfo                           ; --            ; --                                       ; --         ;
; SLD_INFO                            ; QSYS_NAME SoC HAS_SOPCINFO 1 GENERATION_ID 1710961558 ; --            ; SoC                                      ; --         ;
; SOPCINFO_FILE                       ; SoC/synthesis/../../SoC.sopcinfo                      ; --            ; --                                       ; --         ;
; SYNTHESIS_ONLY_QIP                  ; On                                                    ; --            ; --                                       ; --         ;
+-------------------------------------+-------------------------------------------------------+---------------+------------------------------------------+------------+
>>>>>>> 33cb8d86f87de572c0883e5f5ba2f3cf9d1f65c0


+-------------------------------------------------------------------------------------------------------------------------------+
; Flow Elapsed Time                                                                                                             ;
+---------------------------+--------------+-------------------------+---------------------+------------------------------------+
; Module Name               ; Elapsed Time ; Average Processors Used ; Peak Virtual Memory ; Total CPU Time (on all processors) ;
+---------------------------+--------------+-------------------------+---------------------+------------------------------------+
<<<<<<< HEAD
; Analysis & Synthesis      ; 00:00:22     ; 1.0                     ; 4779 MB             ; 00:00:22                           ;
; Fitter                    ; 00:00:36     ; 1.4                     ; 5623 MB             ; 00:00:45                           ;
; Assembler                 ; 00:00:07     ; 1.0                     ; 4633 MB             ; 00:00:07                           ;
; TimeQuest Timing Analyzer ; 00:00:06     ; 1.0                     ; 4783 MB             ; 00:00:06                           ;
; Total                     ; 00:01:11     ; --                      ; --                  ; 00:01:20                           ;
=======
; Analysis & Synthesis      ; 00:00:21     ; 1.0                     ; 4770 MB             ; 00:00:10                           ;
; Fitter                    ; 00:00:32     ; 1.0                     ; 5225 MB             ; 00:00:18                           ;
; Assembler                 ; 00:00:14     ; 1.0                     ; 4611 MB             ; 00:00:04                           ;
; TimeQuest Timing Analyzer ; 00:00:13     ; 1.0                     ; 4742 MB             ; 00:00:03                           ;
; Total                     ; 00:01:20     ; --                      ; --                  ; 00:00:35                           ;
>>>>>>> 33cb8d86f87de572c0883e5f5ba2f3cf9d1f65c0
+---------------------------+--------------+-------------------------+---------------------+------------------------------------+


+----------------------------------------------------------------------------------------+
; Flow OS Summary                                                                        ;
+---------------------------+------------------+-----------+------------+----------------+
; Module Name               ; Machine Hostname ; OS Name   ; OS Version ; Processor type ;
+---------------------------+------------------+-----------+------------+----------------+
<<<<<<< HEAD
; Analysis & Synthesis      ; DESKTOP-RBNRQ6I  ; Windows 7 ; 6.2        ; x86_64         ;
; Fitter                    ; DESKTOP-RBNRQ6I  ; Windows 7 ; 6.2        ; x86_64         ;
; Assembler                 ; DESKTOP-RBNRQ6I  ; Windows 7 ; 6.2        ; x86_64         ;
; TimeQuest Timing Analyzer ; DESKTOP-RBNRQ6I  ; Windows 7 ; 6.2        ; x86_64         ;
=======
; Analysis & Synthesis      ; Chandula_ROG     ; Windows 7 ; 6.2        ; x86_64         ;
; Fitter                    ; Chandula_ROG     ; Windows 7 ; 6.2        ; x86_64         ;
; Assembler                 ; Chandula_ROG     ; Windows 7 ; 6.2        ; x86_64         ;
; TimeQuest Timing Analyzer ; Chandula_ROG     ; Windows 7 ; 6.2        ; x86_64         ;
>>>>>>> 33cb8d86f87de572c0883e5f5ba2f3cf9d1f65c0
+---------------------------+------------------+-----------+------------+----------------+


------------
; Flow Log ;
------------
quartus_map --read_settings_files=on --write_settings_files=off JSoC -c TopLevel
quartus_fit --read_settings_files=off --write_settings_files=off JSoC -c TopLevel
quartus_asm --read_settings_files=off --write_settings_files=off JSoC -c TopLevel
quartus_sta JSoC -c TopLevel



