
**** Build of configuration Nios II for project cpu0 ****

make all 
      0 [main] sh 8276 find_fast_cwd: WARNING: Couldn't compute FAST_CWD pointer.  Please report this problem to
the public mailing list cygwin@cygwin.com
      0 [main] sh 18728 find_fast_cwd: WARNING: Couldn't compute FAST_CWD pointer.  Please report this problem to
the public mailing list cygwin@cygwin.com
      0 [main] echo 21580 find_fast_cwd: WARNING: Couldn't compute FAST_CWD pointer.  Please report this problem to
Info: Building ../cpu0_bsp/
the public mailing list cygwin@cygwin.com
make --no-print-directory -C ../cpu0_bsp/
      0 [main] pwd 32892 find_fast_cwd: WARNING: Couldn't compute FAST_CWD pointer.  Please report this problem to
the public mailing list cygwin@cygwin.com
      0 [main] sh 21744 find_fast_cwd: WARNING: Couldn't compute FAST_CWD pointer.  Please report this problem to
the public mailing list cygwin@cygwin.com
      1 [main] sh 6432 find_fast_cwd: WARNING: Couldn't compute FAST_CWD pointer.  Please report this problem to
the public mailing list cygwin@cygwin.com
[BSP build complete]
      1 [main] echo 20880 find_fast_cwd: WARNING: Couldn't compute FAST_CWD pointer.  Please report this problem to
Info: Compiling main.c to obj/default/main.o
the public mailing list cygwin@cygwin.com
      0 [main] mkdir 27820 find_fast_cwd: WARNING: Couldn't compute FAST_CWD pointer.  Please report this problem to
nios2-elf-gcc -xc -MP -MMD -c -I../cpu0_bsp//HAL/inc -I../cpu0_bsp/ -I../cpu0_bsp//drivers/inc  -DSYSTEM_BUS_WIDTH=32 -pipe -D__hal__ -DALT_NO_INSTRUCTION_EMULATION -DALT_SINGLE_THREADED    -O0 -g -Wall   -mno-hw-div -mno-hw-mul -mno-hw-mulx  -o obj/default/main.o main.c
the public mailing list cygwin@cygwin.com
In file included from main.c:3:0:
encoder.h: In function 'encode_image':
encoder.h:86:2: warning: implicit declaration of function 'strcat' [-Wimplicit-function-declaration]
encoder.h:86:2: warning: incompatible implicit declaration of built-in function 'strcat' [enabled by default]
encoder.h:134:2: warning: pointer targets in passing argument 1 of 'WRITE_FIFO' differ in signedness [-Wpointer-sign]
In file included from readYUV.h:3:0,
                 from encoder.h:4,
                 from main.c:3:
FIFO.h:53:6: note: expected 'int *' but argument is of type 'UINT32 *'
In file included from main.c:3:0:
encoder.h:137:2: warning: pointer targets in passing argument 1 of 'WRITE_FIFO' differ in signedness [-Wpointer-sign]
In file included from readYUV.h:3:0,
                 from encoder.h:4,
                 from main.c:3:
FIFO.h:53:6: note: expected 'int *' but argument is of type 'UINT32 *'
In file included from main.c:3:0:
encoder.h:138:2: warning: pointer targets in passing argument 1 of 'WRITE_FIFO' differ in signedness [-Wpointer-sign]
In file included from readYUV.h:3:0,
                 from encoder.h:4,
                 from main.c:3:
FIFO.h:53:6: note: expected 'int *' but argument is of type 'UINT32 *'
main.c: In function 'main':
main.c:50:4: warning: passing argument 1 of 'WRITE_FIFO' from incompatible pointer type [enabled by default]
In file included from readYUV.h:3:0,
                 from encoder.h:4,
                 from main.c:3:
FIFO.h:53:6: note: expected 'int *' but argument is of type 'INT8 *'
main.c:54:3: warning: passing argument 1 of 'WRITE_FIFO' from incompatible pointer type [enabled by default]
In file included from readYUV.h:3:0,
                 from encoder.h:4,
                 from main.c:3:
FIFO.h:53:6: note: expected 'int *' but argument is of type 'INT8 *'
      0 [main] true 19940 find_fast_cwd: WARNING: Couldn't compute FAST_CWD pointer.  Please report this problem to
the public mailing list cygwin@cygwin.com
      0 [main] echo 2420 find_fast_cwd: WARNING: Couldn't compute FAST_CWD pointer.  Please report this problem to
Info: Linking cpu0.elf
the public mailing list cygwin@cygwin.com
nios2-elf-g++  -T'../cpu0_bsp//linker.x' -msys-crt0='../cpu0_bsp//obj/HAL/src/crt0.o' -msys-lib=hal_bsp -L../cpu0_bsp/   -Wl,-Map=cpu0.map   -O0 -g -Wall   -mno-hw-div -mno-hw-mul -mno-hw-mulx  -o cpu0.elf obj/default/FIFO.o obj/default/main.o -lm 
nios2-elf-insert cpu0.elf --thread_model hal --cpu_name cpu1 --qsys true --simulation_enabled false --id 4 --sidp 0x100010f0 --timestamp 1717006939 --stderr_dev jtag_uart1 --stdin_dev jtag_uart1 --stdout_dev jtag_uart1 --sopc_system_name MSoC --quartus_project_dir "E:/Education/Academic/workspaces/CO503-Advanced-Embedded-Systems-Labs/lab04/part01" --sopcinfo E:/Education/Academic/workspaces/CO503-Advanced-Embedded-Systems-Labs/lab04/part01/MSoC.sopcinfo
      0 [main] sh 8832 find_fast_cwd: WARNING: Couldn't compute FAST_CWD pointer.  Please report this problem to
the public mailing list cygwin@cygwin.com
      0 [main] uname 18908 find_fast_cwd: WARNING: Couldn't compute FAST_CWD pointer.  Please report this problem to
the public mailing list cygwin@cygwin.com
      0 [main] sh 19620 find_fast_cwd: WARNING: Couldn't compute FAST_CWD pointer.  Please report this problem to
the public mailing list cygwin@cygwin.com
Info: (cpu0.elf) 90 KBytes program size (code + initialized data).
Info:            130975 KBytes free for stack + heap.
      0 [main] echo 17120 find_fast_cwd: WARNING: Couldn't compute FAST_CWD pointer.  Please report this problem to
Info: Creating cpu0.objdump
the public mailing list cygwin@cygwin.com
nios2-elf-objdump --disassemble --syms --all-header --source cpu0.elf >cpu0.objdump
      0 [main] sh 33472 find_fast_cwd: WARNING: Couldn't compute FAST_CWD pointer.  Please report this problem to
the public mailing list cygwin@cygwin.com
      0 [main] sh 22772 find_fast_cwd: WARNING: Couldn't compute FAST_CWD pointer.  Please report this problem to
the public mailing list cygwin@cygwin.com
[cpu0 build complete]

**** Build Finished ****
