
**** Build of configuration Nios II for project cpu3 ****

make all 
      0 [main] sh 11844 find_fast_cwd: WARNING: Couldn't compute FAST_CWD pointer.  Please report this problem to
the public mailing list cygwin@cygwin.com
      0 [main] sh 13640 find_fast_cwd: WARNING: Couldn't compute FAST_CWD pointer.  Please report this problem to
the public mailing list cygwin@cygwin.com
      1 [main] echo 16372 find_fast_cwd: WARNING: Couldn't compute FAST_CWD pointer.  Please report this problem to
Info: Building ../cpu3_bsp/
the public mailing list cygwin@cygwin.com
make --no-print-directory -C ../cpu3_bsp/
      0 [main] pwd 13644 find_fast_cwd: WARNING: Couldn't compute FAST_CWD pointer.  Please report this problem to
the public mailing list cygwin@cygwin.com
      0 [main] sh 9912 find_fast_cwd: WARNING: Couldn't compute FAST_CWD pointer.  Please report this problem to
the public mailing list cygwin@cygwin.com
      0 [main] sh 19064 find_fast_cwd: WARNING: Couldn't compute FAST_CWD pointer.  Please report this problem to
the public mailing list cygwin@cygwin.com
[BSP build complete]
      0 [main] echo 3976 find_fast_cwd: WARNING: Couldn't compute FAST_CWD pointer.  Please report this problem to
the public mailing list cygwin@cygwin.com
Info: Compiling dct.c to obj/default/dct.o
      1 [main] mkdir 15844 find_fast_cwd: WARNING: Couldn't compute FAST_CWD pointer.  Please report this problem to
nios2-elf-gcc -xc -MP -MMD -c -I../cpu3_bsp//HAL/inc -I../cpu3_bsp/ -I../cpu3_bsp//drivers/inc  -DSYSTEM_BUS_WIDTH=32 -pipe -D__hal__ -DALT_NO_INSTRUCTION_EMULATION -DALT_SINGLE_THREADED    -O0 -g -Wall   -mno-hw-div -mno-hw-mul -mno-hw-mulx  -o obj/default/dct.o dct.c
the public mailing list cygwin@cygwin.com
dct.c: In function 'DCT':
dct.c:25:22: warning: unused variable 'end_time' [-Wunused-variable]
dct.c:25:10: warning: unused variable 'start_time' [-Wunused-variable]
      0 [main] true 18200 find_fast_cwd: WARNING: Couldn't compute FAST_CWD pointer.  Please report this problem to
the public mailing list cygwin@cygwin.com
      0 [main] echo 19068 find_fast_cwd: WARNING: Couldn't compute FAST_CWD pointer.  Please report this problem to
Info: Linking cpu3.elf
the public mailing list cygwin@cygwin.com
nios2-elf-g++  -T'../cpu3_bsp//linker.x' -msys-crt0='../cpu3_bsp//obj/HAL/src/crt0.o' -msys-lib=hal_bsp -L../cpu3_bsp/   -Wl,-Map=cpu3.map   -O0 -g -Wall   -mno-hw-div -mno-hw-mul -mno-hw-mulx  -o cpu3.elf obj/default/FIFO.o obj/default/dct.o -lm 
nios2-elf-insert cpu3.elf --thread_model hal --cpu_name cpu3 --qsys true --simulation_enabled false --id 4 --sidp 0x100010f0 --timestamp 1718075753 --stderr_dev jtag_uart3 --stdin_dev jtag_uart3 --stdout_dev jtag_uart3 --sopc_system_name MSoC --quartus_project_dir "E:/Education/Academic/workspaces/CO503-Advanced-Embedded-Systems-Labs/lab04/part01" --sopcinfo E:/Education/Academic/workspaces/CO503-Advanced-Embedded-Systems-Labs/lab04/part01/MSoC.sopcinfo
      0 [main] sh 7676 find_fast_cwd: WARNING: Couldn't compute FAST_CWD pointer.  Please report this problem to
the public mailing list cygwin@cygwin.com
      0 [main] uname 18848 find_fast_cwd: WARNING: Couldn't compute FAST_CWD pointer.  Please report this problem to
the public mailing list cygwin@cygwin.com
      0 [main] sh 9992 find_fast_cwd: WARNING: Couldn't compute FAST_CWD pointer.  Please report this problem to
the public mailing list cygwin@cygwin.com
Info: (cpu3.elf) 34 KBytes program size (code + initialized data).
Info:            50 KBytes free for stack + heap.
      1 [main] echo 6048 find_fast_cwd: WARNING: Couldn't compute FAST_CWD pointer.  Please report this problem to
Info: Creating cpu3.objdump
the public mailing list cygwin@cygwin.com
nios2-elf-objdump --disassemble --syms --all-header --source cpu3.elf >cpu3.objdump
      0 [main] sh 1800 find_fast_cwd: WARNING: Couldn't compute FAST_CWD pointer.  Please report this problem to
the public mailing list cygwin@cygwin.com
      1 [main] sh 9532 find_fast_cwd: WARNING: Couldn't compute FAST_CWD pointer.  Please report this problem to
the public mailing list cygwin@cygwin.com
[cpu3 build complete]

**** Build Finished ****
