
**** Build of configuration Nios II for project JPEG_Encoder ****

make all 
      1 [main] sh 32024 find_fast_cwd: WARNING: Couldn't compute FAST_CWD pointer.  Please report this problem to
the public mailing list cygwin@cygwin.com
      2 [main] sh 8004 find_fast_cwd: WARNING: Couldn't compute FAST_CWD pointer.  Please report this problem to
the public mailing list cygwin@cygwin.com
      2 [main] echo 17212 find_fast_cwd: WARNING: Couldn't compute FAST_CWD pointer.  Please report this problem to
the public mailing list cygwin@cygwin.com
Info: Building ../JPEG_Encoder_bsp/
make --no-print-directory -C ../JPEG_Encoder_bsp/
      2 [main] pwd 37832 find_fast_cwd: WARNING: Couldn't compute FAST_CWD pointer.  Please report this problem to
the public mailing list cygwin@cygwin.com
      2 [main] sh 19020 find_fast_cwd: WARNING: Couldn't compute FAST_CWD pointer.  Please report this problem to
the public mailing list cygwin@cygwin.com
      0 [main] sh 21188 find_fast_cwd: WARNING: Couldn't compute FAST_CWD pointer.  Please report this problem to
the public mailing list cygwin@cygwin.com
[BSP build complete]
      0 [main] echo 30892 find_fast_cwd: WARNING: Couldn't compute FAST_CWD pointer.  Please report this problem to
the public mailing list cygwin@cygwin.com
Info: Compiling jpeg_encoder.c to obj/default/jpeg_encoder.o
      1 [main] mkdir 34688 find_fast_cwd: WARNING: Couldn't compute FAST_CWD pointer.  Please report this problem to
the public mailing list cygwin@cygwin.com
nios2-elf-gcc -xc -MP -MMD -c -I../JPEG_Encoder_bsp//HAL/inc -I../JPEG_Encoder_bsp/ -I../JPEG_Encoder_bsp//drivers/inc  -DSYSTEM_BUS_WIDTH=32 -pipe -D__hal__ -DALT_NO_INSTRUCTION_EMULATION -DALT_SINGLE_THREADED    -O0 -g -Wall   -mno-hw-div -mno-hw-mul -mno-hw-mulx  -o obj/default/jpeg_encoder.o jpeg_encoder.c
      0 [main] true 44528 find_fast_cwd: WARNING: Couldn't compute FAST_CWD pointer.  Please report this problem to
the public mailing list cygwin@cygwin.com
      0 [main] echo 1560 find_fast_cwd: WARNING: Couldn't compute FAST_CWD pointer.  Please report this problem to
the public mailing list cygwin@cygwin.com
Info: Linking JPEG_Encoder.elf
nios2-elf-g++  -T'../JPEG_Encoder_bsp//linker.x' -msys-crt0='../JPEG_Encoder_bsp//obj/HAL/src/crt0.o' -msys-lib=hal_bsp -L../JPEG_Encoder_bsp/   -Wl,-Map=JPEG_Encoder.map   -O0 -g -Wall   -mno-hw-div -mno-hw-mul -mno-hw-mulx  -o JPEG_Encoder.elf obj/default/application/bmp_extract.o obj/default/application/jpeg_encoding.o obj/default/application/jpegclib/cdjpeg.o obj/default/application/jpegclib/jaricom.o obj/default/application/jpegclib/jcapimin.o obj/default/application/jpegclib/jcapistd.o obj/default/application/jpegclib/jcarith.o obj/default/application/jpegclib/jccoefct.o obj/default/application/jpegclib/jccolor.o obj/default/application/jpegclib/jcdctmgr.o obj/default/application/jpegclib/jchuff.o obj/default/application/jpegclib/jcinit.o obj/default/application/jpegclib/jcmainct.o obj/default/application/jpegclib/jcmarker.o obj/default/application/jpegclib/jcmaster.o obj/default/application/jpegclib/jcomapi.o obj/default/application/jpegclib/jcparam.o obj/default/application/jpegclib/jcprepct.o obj/default/application/jpegclib/jcsample.o obj/default/application/jpegclib/jctrans.o obj/default/application/jpegclib/jdatadst.o obj/default/application/jpegclib/jerror.o obj/default/application/jpegclib/jfdctflt.o obj/default/application/jpegclib/jfdctfst.o obj/default/application/jpegclib/jfdctint.o obj/default/application/jpegclib/jidctflt.o obj/default/application/jpegclib/jidctfst.o obj/default/application/jpegclib/jidctint.o obj/default/application/jpegclib/jmemansi.o obj/default/application/jpegclib/jmemmgr.o obj/default/application/jpegclib/jquant1.o obj/default/application/jpegclib/jquant2.o obj/default/application/jpegclib/jutils.o obj/default/jpeg_encoder.o -lm 
f:/altera/nios2eds/bin/gnu/h-i686-mingw32/bin/../lib/gcc/nios2-elf/4.7.3/../../../../../H-i686-mingw32/nios2-elf/lib/mno-hw-mul\libc.a(lib_a-unlinkr.o): In function `_unlink_r':
nios2-elf-insert JPEG_Encoder.elf --thread_model hal --cpu_name cpu --qsys true --simulation_enabled false --id 0 --sidp 0x10000020 --timestamp 1710961558 --stderr_dev jtag_uart --stdin_dev jtag_uart --stdout_dev jtag_uart --sopc_system_name SoC --quartus_project_dir "E:/Education/Academic/workspaces/co503_labs/lab01/part02" --sopcinfo E:/Education/Academic/workspaces/co503_labs/lab01/part02/SoC.sopcinfo
/build/swbuild/SJ/nightly/13.1/162/l32/work/ip/sopc/app/gnu/BUILD/gnu47/build-0-newlib.nios2-elf.i686-w64-mingw32/nios2-elf/mno-hw-mul/newlib/libc/reent/../../../../../../src/newlib-1.16/newlib/libc/reent/unlinkr.c:54: warning: warning: unlink is not implemented and will always fail
      1 [main] sh 45936 find_fast_cwd: WARNING: Couldn't compute FAST_CWD pointer.  Please report this problem to
the public mailing list cygwin@cygwin.com
      1 [main] uname 32920 find_fast_cwd: WARNING: Couldn't compute FAST_CWD pointer.  Please report this problem to
the public mailing list cygwin@cygwin.com
      1 [main] sh 31552 find_fast_cwd: WARNING: Couldn't compute FAST_CWD pointer.  Please report this problem to
the public mailing list cygwin@cygwin.com
Info: (JPEG_Encoder.elf) 65806 KBytes program size (code + initialized data).
Info:                    65259 KBytes free for stack + heap.
      1 [main] echo 31360 find_fast_cwd: WARNING: Couldn't compute FAST_CWD pointer.  Please report this problem to
the public mailing list cygwin@cygwin.com
Info: Creating JPEG_Encoder.objdump
nios2-elf-objdump --disassemble --syms --all-header --source JPEG_Encoder.elf >JPEG_Encoder.objdump
      0 [main] sh 26740 find_fast_cwd: WARNING: Couldn't compute FAST_CWD pointer.  Please report this problem to
the public mailing list cygwin@cygwin.com
      1 [main] sh 38404 find_fast_cwd: WARNING: Couldn't compute FAST_CWD pointer.  Please report this problem to
the public mailing list cygwin@cygwin.com
[JPEG_Encoder build complete]

**** Build Finished ****

**** Build of configuration Nios II for project JPEG_Encoder ****

make all 
      1 [main] sh 42224 find_fast_cwd: WARNING: Couldn't compute FAST_CWD pointer.  Please report this problem to
the public mailing list cygwin@cygwin.com
      1 [main] sh 15088 find_fast_cwd: WARNING: Couldn't compute FAST_CWD pointer.  Please report this problem to
the public mailing list cygwin@cygwin.com
      0 [main] echo 11616 find_fast_cwd: WARNING: Couldn't compute FAST_CWD pointer.  Please report this problem to
the public mailing list cygwin@cygwin.com
Info: Building ../JPEG_Encoder_bsp/
make --no-print-directory -C ../JPEG_Encoder_bsp/
      0 [main] pwd 9788 find_fast_cwd: WARNING: Couldn't compute FAST_CWD pointer.  Please report this problem to
the public mailing list cygwin@cygwin.com
      1 [main] sh 4392 find_fast_cwd: WARNING: Couldn't compute FAST_CWD pointer.  Please report this problem to
the public mailing list cygwin@cygwin.com
      0 [main] sh 26532 find_fast_cwd: WARNING: Couldn't compute FAST_CWD pointer.  Please report this problem to
the public mailing list cygwin@cygwin.com
[BSP build complete]
      0 [main] true 7664 find_fast_cwd: WARNING: Couldn't compute FAST_CWD pointer.  Please report this problem to
the public mailing list cygwin@cygwin.com
      1 [main] sh 9228 find_fast_cwd: WARNING: Couldn't compute FAST_CWD pointer.  Please report this problem to
the public mailing list cygwin@cygwin.com
[JPEG_Encoder build complete]

**** Build Finished ****

**** Build of configuration Nios II for project JPEG_Encoder ****

make all 
      1 [main] sh 40028 find_fast_cwd: WARNING: Couldn't compute FAST_CWD pointer.  Please report this problem to
the public mailing list cygwin@cygwin.com
      0 [main] sh 8532 find_fast_cwd: WARNING: Couldn't compute FAST_CWD pointer.  Please report this problem to
the public mailing list cygwin@cygwin.com
      0 [main] echo 43176 find_fast_cwd: WARNING: Couldn't compute FAST_CWD pointer.  Please report this problem to
the public mailing list cygwin@cygwin.com
Info: Building ../JPEG_Encoder_bsp/
make --no-print-directory -C ../JPEG_Encoder_bsp/
      0 [main] pwd 26468 find_fast_cwd: WARNING: Couldn't compute FAST_CWD pointer.  Please report this problem to
the public mailing list cygwin@cygwin.com
      0 [main] sh 12728 find_fast_cwd: WARNING: Couldn't compute FAST_CWD pointer.  Please report this problem to
the public mailing list cygwin@cygwin.com
      1 [main] sh 38820 find_fast_cwd: WARNING: Couldn't compute FAST_CWD pointer.  Please report this problem to
the public mailing list cygwin@cygwin.com
[BSP build complete]
      0 [main] true 16504 find_fast_cwd: WARNING: Couldn't compute FAST_CWD pointer.  Please report this problem to
the public mailing list cygwin@cygwin.com
      0 [main] sh 5500 find_fast_cwd: WARNING: Couldn't compute FAST_CWD pointer.  Please report this problem to
the public mailing list cygwin@cygwin.com
[JPEG_Encoder build complete]

**** Build Finished ****
