Flow report for TopLevel
Tue Jun 11 10:22:20 2024
Quartus II 64-Bit Version 13.1.0 Build 162 10/23/2013 SJ Web Edition


---------------------
; Table of Contents ;
---------------------
  1. Legal Notice
  2. Flow Summary
  3. Flow Settings
  4. Flow Non-Default Global Settings
  5. Flow Elapsed Time
  6. Flow OS Summary
  7. Flow Log
  8. Flow Messages
  9. Flow Suppressed Messages



----------------
; Legal Notice ;
----------------
Copyright (C) 1991-2013 Altera Corporation
Your use of Altera Corporation's design tools, logic functions 
and other software and tools, and its AMPP partner logic 
functions, and any output files from any of the foregoing 
(including device programming or simulation files), and any 
associated documentation or information are expressly subject 
to the terms and conditions of the Altera Program License 
Subscription Agreement, Altera MegaCore Function License 
Agreement, or other applicable license agreement, including, 
without limitation, that your use is for the sole purpose of 
programming logic devices manufactured by Altera and sold by 
Altera or its authorized distributors.  Please refer to the 
applicable agreement for further details.



+---------------------------------------------------------------------------------+
; Flow Summary                                                                    ;
+------------------------------------+--------------------------------------------+
; Flow Status                        ; Successful - Tue Jun 11 10:22:05 2024      ;
; Quartus II 64-Bit Version          ; 13.1.0 Build 162 10/23/2013 SJ Web Edition ;
; Revision Name                      ; TopLevel                                   ;
; Top-level Entity Name              ; TopLevel                                   ;
; Family                             ; Cyclone IV E                               ;
; Device                             ; EP4CE115F29C7                              ;
; Timing Models                      ; Final                                      ;
; Total logic elements               ; 13,092 / 114,480 ( 11 % )                  ;
;     Total combinational functions  ; 12,267 / 114,480 ( 11 % )                  ;
;     Dedicated logic registers      ; 7,117 / 114,480 ( 6 % )                    ;
; Total registers                    ; 7236                                       ;
; Total pins                         ; 58 / 529 ( 11 % )                          ;
; Total virtual pins                 ; 0                                          ;
; Total memory bits                  ; 3,150,336 / 3,981,312 ( 79 % )             ;
; Embedded Multiplier 9-bit elements ; 0 / 532 ( 0 % )                            ;
; Total PLLs                         ; 1 / 4 ( 25 % )                             ;
+------------------------------------+--------------------------------------------+


+-----------------------------------------+
; Flow Settings                           ;
+-------------------+---------------------+
; Option            ; Setting             ;
+-------------------+---------------------+
; Start date & time ; 06/11/2024 10:19:07 ;
; Main task         ; Compilation         ;
; Revision Name     ; TopLevel            ;
+-------------------+---------------------+


+-----------------------------------------------------------------------------------------------------------------------------------------------------------------------+
; Flow Non-Default Global Settings                                                                                                                                      ;
+-------------------------------------+--------------------------------------------------------+---------------+-------------------------------------------+------------+
; Assignment Name                     ; Value                                                  ; Default Value ; Entity Name                               ; Section Id ;
+-------------------------------------+--------------------------------------------------------+---------------+-------------------------------------------+------------+
; COMPILER_SIGNATURE_ID               ; 198642175177194.171808134701496                        ; --            ; --                                        ; --         ;
; IP_TOOL_ENV                         ; Qsys                                                   ; --            ; MSoC                                      ; --         ;
; IP_TOOL_ENV                         ; Qsys                                                   ; --            ; MSoC_cpu1                                 ; --         ;
; IP_TOOL_ENV                         ; Qsys                                                   ; --            ; MSoC_cpu2                                 ; --         ;
; IP_TOOL_ENV                         ; Qsys                                                   ; --            ; MSoC_cpu3                                 ; --         ;
; IP_TOOL_ENV                         ; Qsys                                                   ; --            ; MSoC_cpu4                                 ; --         ;
; IP_TOOL_ENV                         ; Qsys                                                   ; --            ; MSoC_cpu5                                 ; --         ;
; IP_TOOL_ENV                         ; Qsys                                                   ; --            ; MSoC_cpu6                                 ; --         ;
; IP_TOOL_ENV                         ; Qsys                                                   ; --            ; MSoC_fifo1to2A                            ; --         ;
; IP_TOOL_ENV                         ; Qsys                                                   ; --            ; MSoC_irq_mapper                           ; --         ;
; IP_TOOL_ENV                         ; Qsys                                                   ; --            ; MSoC_irq_mapper_001                       ; --         ;
; IP_TOOL_ENV                         ; Qsys                                                   ; --            ; MSoC_irq_mapper_002                       ; --         ;
; IP_TOOL_ENV                         ; Qsys                                                   ; --            ; MSoC_irq_mapper_003                       ; --         ;
; IP_TOOL_ENV                         ; Qsys                                                   ; --            ; MSoC_jtag_uart1                           ; --         ;
; IP_TOOL_ENV                         ; Qsys                                                   ; --            ; MSoC_mem2                                 ; --         ;
; IP_TOOL_ENV                         ; Qsys                                                   ; --            ; MSoC_mem3                                 ; --         ;
; IP_TOOL_ENV                         ; Qsys                                                   ; --            ; MSoC_mem4                                 ; --         ;
; IP_TOOL_ENV                         ; Qsys                                                   ; --            ; MSoC_mem5                                 ; --         ;
; IP_TOOL_ENV                         ; Qsys                                                   ; --            ; MSoC_mem6                                 ; --         ;
; IP_TOOL_ENV                         ; Qsys                                                   ; --            ; MSoC_mm_interconnect_0                    ; --         ;
; IP_TOOL_ENV                         ; Qsys                                                   ; --            ; MSoC_mm_interconnect_0_addr_router        ; --         ;
; IP_TOOL_ENV                         ; Qsys                                                   ; --            ; MSoC_mm_interconnect_0_addr_router_001    ; --         ;
; IP_TOOL_ENV                         ; Qsys                                                   ; --            ; MSoC_mm_interconnect_0_addr_router_002    ; --         ;
; IP_TOOL_ENV                         ; Qsys                                                   ; --            ; MSoC_mm_interconnect_0_addr_router_003    ; --         ;
; IP_TOOL_ENV                         ; Qsys                                                   ; --            ; MSoC_mm_interconnect_0_addr_router_004    ; --         ;
; IP_TOOL_ENV                         ; Qsys                                                   ; --            ; MSoC_mm_interconnect_0_addr_router_005    ; --         ;
; IP_TOOL_ENV                         ; Qsys                                                   ; --            ; MSoC_mm_interconnect_0_addr_router_006    ; --         ;
; IP_TOOL_ENV                         ; Qsys                                                   ; --            ; MSoC_mm_interconnect_0_addr_router_007    ; --         ;
; IP_TOOL_ENV                         ; Qsys                                                   ; --            ; MSoC_mm_interconnect_0_addr_router_008    ; --         ;
; IP_TOOL_ENV                         ; Qsys                                                   ; --            ; MSoC_mm_interconnect_0_addr_router_009    ; --         ;
; IP_TOOL_ENV                         ; Qsys                                                   ; --            ; MSoC_mm_interconnect_0_addr_router_010    ; --         ;
; IP_TOOL_ENV                         ; Qsys                                                   ; --            ; MSoC_mm_interconnect_0_addr_router_011    ; --         ;
; IP_TOOL_ENV                         ; Qsys                                                   ; --            ; MSoC_mm_interconnect_0_cmd_xbar_demux     ; --         ;
; IP_TOOL_ENV                         ; Qsys                                                   ; --            ; MSoC_mm_interconnect_0_cmd_xbar_demux_001 ; --         ;
; IP_TOOL_ENV                         ; Qsys                                                   ; --            ; MSoC_mm_interconnect_0_cmd_xbar_demux_002 ; --         ;
; IP_TOOL_ENV                         ; Qsys                                                   ; --            ; MSoC_mm_interconnect_0_cmd_xbar_demux_003 ; --         ;
; IP_TOOL_ENV                         ; Qsys                                                   ; --            ; MSoC_mm_interconnect_0_cmd_xbar_demux_004 ; --         ;
; IP_TOOL_ENV                         ; Qsys                                                   ; --            ; MSoC_mm_interconnect_0_cmd_xbar_mux       ; --         ;
; IP_TOOL_ENV                         ; Qsys                                                   ; --            ; MSoC_mm_interconnect_0_cmd_xbar_mux_002   ; --         ;
; IP_TOOL_ENV                         ; Qsys                                                   ; --            ; MSoC_mm_interconnect_0_cmd_xbar_mux_016   ; --         ;
; IP_TOOL_ENV                         ; Qsys                                                   ; --            ; MSoC_mm_interconnect_0_id_router          ; --         ;
; IP_TOOL_ENV                         ; Qsys                                                   ; --            ; MSoC_mm_interconnect_0_id_router_002      ; --         ;
; IP_TOOL_ENV                         ; Qsys                                                   ; --            ; MSoC_mm_interconnect_0_id_router_005      ; --         ;
; IP_TOOL_ENV                         ; Qsys                                                   ; --            ; MSoC_mm_interconnect_0_id_router_011      ; --         ;
; IP_TOOL_ENV                         ; Qsys                                                   ; --            ; MSoC_mm_interconnect_0_id_router_013      ; --         ;
; IP_TOOL_ENV                         ; Qsys                                                   ; --            ; MSoC_mm_interconnect_0_id_router_015      ; --         ;
; IP_TOOL_ENV                         ; Qsys                                                   ; --            ; MSoC_mm_interconnect_0_id_router_016      ; --         ;
; IP_TOOL_ENV                         ; Qsys                                                   ; --            ; MSoC_mm_interconnect_0_id_router_018      ; --         ;
; IP_TOOL_ENV                         ; Qsys                                                   ; --            ; MSoC_mm_interconnect_0_id_router_020      ; --         ;
; IP_TOOL_ENV                         ; Qsys                                                   ; --            ; MSoC_mm_interconnect_0_id_router_026      ; --         ;
; IP_TOOL_ENV                         ; Qsys                                                   ; --            ; MSoC_mm_interconnect_0_id_router_027      ; --         ;
; IP_TOOL_ENV                         ; Qsys                                                   ; --            ; MSoC_mm_interconnect_0_id_router_029      ; --         ;
; IP_TOOL_ENV                         ; Qsys                                                   ; --            ; MSoC_mm_interconnect_0_id_router_033      ; --         ;
; IP_TOOL_ENV                         ; Qsys                                                   ; --            ; MSoC_mm_interconnect_0_id_router_034      ; --         ;
; IP_TOOL_ENV                         ; Qsys                                                   ; --            ; MSoC_mm_interconnect_0_id_router_036      ; --         ;
; IP_TOOL_ENV                         ; Qsys                                                   ; --            ; MSoC_mm_interconnect_0_id_router_040      ; --         ;
; IP_TOOL_ENV                         ; Qsys                                                   ; --            ; MSoC_mm_interconnect_0_id_router_042      ; --         ;
; IP_TOOL_ENV                         ; Qsys                                                   ; --            ; MSoC_mm_interconnect_0_id_router_044      ; --         ;
; IP_TOOL_ENV                         ; Qsys                                                   ; --            ; MSoC_mm_interconnect_0_id_router_048      ; --         ;
; IP_TOOL_ENV                         ; Qsys                                                   ; --            ; MSoC_mm_interconnect_0_id_router_050      ; --         ;
; IP_TOOL_ENV                         ; Qsys                                                   ; --            ; MSoC_mm_interconnect_0_id_router_052      ; --         ;
; IP_TOOL_ENV                         ; Qsys                                                   ; --            ; MSoC_mm_interconnect_0_rsp_xbar_demux_002 ; --         ;
; IP_TOOL_ENV                         ; Qsys                                                   ; --            ; MSoC_mm_interconnect_0_rsp_xbar_demux_016 ; --         ;
; IP_TOOL_ENV                         ; Qsys                                                   ; --            ; MSoC_mm_interconnect_0_rsp_xbar_mux       ; --         ;
; IP_TOOL_ENV                         ; Qsys                                                   ; --            ; MSoC_mm_interconnect_0_rsp_xbar_mux_001   ; --         ;
; IP_TOOL_ENV                         ; Qsys                                                   ; --            ; MSoC_mm_interconnect_0_rsp_xbar_mux_002   ; --         ;
; IP_TOOL_ENV                         ; Qsys                                                   ; --            ; MSoC_mm_interconnect_0_rsp_xbar_mux_003   ; --         ;
; IP_TOOL_ENV                         ; Qsys                                                   ; --            ; MSoC_mm_interconnect_0_rsp_xbar_mux_004   ; --         ;
; IP_TOOL_ENV                         ; Qsys                                                   ; --            ; MSoC_pll                                  ; --         ;
; IP_TOOL_ENV                         ; Qsys                                                   ; --            ; MSoC_sdram_controller                     ; --         ;
; IP_TOOL_ENV                         ; Qsys                                                   ; --            ; MSoC_sysid                                ; --         ;
; IP_TOOL_ENV                         ; Qsys                                                   ; --            ; MSoC_timer1                               ; --         ;
; IP_TOOL_ENV                         ; Qsys                                                   ; --            ; altera_avalon_sc_fifo                     ; --         ;
; IP_TOOL_ENV                         ; Qsys                                                   ; --            ; altera_merlin_master_agent                ; --         ;
; IP_TOOL_ENV                         ; Qsys                                                   ; --            ; altera_merlin_master_translator           ; --         ;
; IP_TOOL_ENV                         ; Qsys                                                   ; --            ; altera_merlin_slave_agent                 ; --         ;
; IP_TOOL_ENV                         ; Qsys                                                   ; --            ; altera_merlin_slave_translator            ; --         ;
; IP_TOOL_ENV                         ; Qsys                                                   ; --            ; altera_reset_controller                   ; --         ;
; IP_TOOL_NAME                        ; Qsys                                                   ; --            ; MSoC                                      ; --         ;
; IP_TOOL_NAME                        ; altera_nios2_qsys                                      ; --            ; MSoC_cpu1                                 ; --         ;
; IP_TOOL_NAME                        ; altera_nios2_qsys                                      ; --            ; MSoC_cpu2                                 ; --         ;
; IP_TOOL_NAME                        ; altera_nios2_qsys                                      ; --            ; MSoC_cpu3                                 ; --         ;
; IP_TOOL_NAME                        ; altera_nios2_qsys                                      ; --            ; MSoC_cpu4                                 ; --         ;
; IP_TOOL_NAME                        ; altera_nios2_qsys                                      ; --            ; MSoC_cpu5                                 ; --         ;
; IP_TOOL_NAME                        ; altera_nios2_qsys                                      ; --            ; MSoC_cpu6                                 ; --         ;
; IP_TOOL_NAME                        ; altera_avalon_fifo                                     ; --            ; MSoC_fifo1to2A                            ; --         ;
; IP_TOOL_NAME                        ; altera_irq_mapper                                      ; --            ; MSoC_irq_mapper                           ; --         ;
; IP_TOOL_NAME                        ; altera_irq_mapper                                      ; --            ; MSoC_irq_mapper_001                       ; --         ;
; IP_TOOL_NAME                        ; altera_irq_mapper                                      ; --            ; MSoC_irq_mapper_002                       ; --         ;
; IP_TOOL_NAME                        ; altera_irq_mapper                                      ; --            ; MSoC_irq_mapper_003                       ; --         ;
; IP_TOOL_NAME                        ; altera_avalon_jtag_uart                                ; --            ; MSoC_jtag_uart1                           ; --         ;
; IP_TOOL_NAME                        ; altera_avalon_onchip_memory2                           ; --            ; MSoC_mem2                                 ; --         ;
; IP_TOOL_NAME                        ; altera_avalon_onchip_memory2                           ; --            ; MSoC_mem3                                 ; --         ;
; IP_TOOL_NAME                        ; altera_avalon_onchip_memory2                           ; --            ; MSoC_mem4                                 ; --         ;
; IP_TOOL_NAME                        ; altera_avalon_onchip_memory2                           ; --            ; MSoC_mem5                                 ; --         ;
; IP_TOOL_NAME                        ; altera_avalon_onchip_memory2                           ; --            ; MSoC_mem6                                 ; --         ;
; IP_TOOL_NAME                        ; altera_merlin_interconnect_wrapper                     ; --            ; MSoC_mm_interconnect_0                    ; --         ;
; IP_TOOL_NAME                        ; altera_merlin_router                                   ; --            ; MSoC_mm_interconnect_0_addr_router        ; --         ;
; IP_TOOL_NAME                        ; altera_merlin_router                                   ; --            ; MSoC_mm_interconnect_0_addr_router_001    ; --         ;
; IP_TOOL_NAME                        ; altera_merlin_router                                   ; --            ; MSoC_mm_interconnect_0_addr_router_002    ; --         ;
; IP_TOOL_NAME                        ; altera_merlin_router                                   ; --            ; MSoC_mm_interconnect_0_addr_router_003    ; --         ;
; IP_TOOL_NAME                        ; altera_merlin_router                                   ; --            ; MSoC_mm_interconnect_0_addr_router_004    ; --         ;
; IP_TOOL_NAME                        ; altera_merlin_router                                   ; --            ; MSoC_mm_interconnect_0_addr_router_005    ; --         ;
; IP_TOOL_NAME                        ; altera_merlin_router                                   ; --            ; MSoC_mm_interconnect_0_addr_router_006    ; --         ;
; IP_TOOL_NAME                        ; altera_merlin_router                                   ; --            ; MSoC_mm_interconnect_0_addr_router_007    ; --         ;
; IP_TOOL_NAME                        ; altera_merlin_router                                   ; --            ; MSoC_mm_interconnect_0_addr_router_008    ; --         ;
; IP_TOOL_NAME                        ; altera_merlin_router                                   ; --            ; MSoC_mm_interconnect_0_addr_router_009    ; --         ;
; IP_TOOL_NAME                        ; altera_merlin_router                                   ; --            ; MSoC_mm_interconnect_0_addr_router_010    ; --         ;
; IP_TOOL_NAME                        ; altera_merlin_router                                   ; --            ; MSoC_mm_interconnect_0_addr_router_011    ; --         ;
; IP_TOOL_NAME                        ; altera_merlin_demultiplexer                            ; --            ; MSoC_mm_interconnect_0_cmd_xbar_demux     ; --         ;
; IP_TOOL_NAME                        ; altera_merlin_demultiplexer                            ; --            ; MSoC_mm_interconnect_0_cmd_xbar_demux_001 ; --         ;
; IP_TOOL_NAME                        ; altera_merlin_demultiplexer                            ; --            ; MSoC_mm_interconnect_0_cmd_xbar_demux_002 ; --         ;
; IP_TOOL_NAME                        ; altera_merlin_demultiplexer                            ; --            ; MSoC_mm_interconnect_0_cmd_xbar_demux_003 ; --         ;
; IP_TOOL_NAME                        ; altera_merlin_demultiplexer                            ; --            ; MSoC_mm_interconnect_0_cmd_xbar_demux_004 ; --         ;
; IP_TOOL_NAME                        ; altera_merlin_multiplexer                              ; --            ; MSoC_mm_interconnect_0_cmd_xbar_mux       ; --         ;
; IP_TOOL_NAME                        ; altera_merlin_multiplexer                              ; --            ; MSoC_mm_interconnect_0_cmd_xbar_mux_002   ; --         ;
; IP_TOOL_NAME                        ; altera_merlin_multiplexer                              ; --            ; MSoC_mm_interconnect_0_cmd_xbar_mux_016   ; --         ;
; IP_TOOL_NAME                        ; altera_merlin_router                                   ; --            ; MSoC_mm_interconnect_0_id_router          ; --         ;
; IP_TOOL_NAME                        ; altera_merlin_router                                   ; --            ; MSoC_mm_interconnect_0_id_router_002      ; --         ;
; IP_TOOL_NAME                        ; altera_merlin_router                                   ; --            ; MSoC_mm_interconnect_0_id_router_005      ; --         ;
; IP_TOOL_NAME                        ; altera_merlin_router                                   ; --            ; MSoC_mm_interconnect_0_id_router_011      ; --         ;
; IP_TOOL_NAME                        ; altera_merlin_router                                   ; --            ; MSoC_mm_interconnect_0_id_router_013      ; --         ;
; IP_TOOL_NAME                        ; altera_merlin_router                                   ; --            ; MSoC_mm_interconnect_0_id_router_015      ; --         ;
; IP_TOOL_NAME                        ; altera_merlin_router                                   ; --            ; MSoC_mm_interconnect_0_id_router_016      ; --         ;
; IP_TOOL_NAME                        ; altera_merlin_router                                   ; --            ; MSoC_mm_interconnect_0_id_router_018      ; --         ;
; IP_TOOL_NAME                        ; altera_merlin_router                                   ; --            ; MSoC_mm_interconnect_0_id_router_020      ; --         ;
; IP_TOOL_NAME                        ; altera_merlin_router                                   ; --            ; MSoC_mm_interconnect_0_id_router_026      ; --         ;
; IP_TOOL_NAME                        ; altera_merlin_router                                   ; --            ; MSoC_mm_interconnect_0_id_router_027      ; --         ;
; IP_TOOL_NAME                        ; altera_merlin_router                                   ; --            ; MSoC_mm_interconnect_0_id_router_029      ; --         ;
; IP_TOOL_NAME                        ; altera_merlin_router                                   ; --            ; MSoC_mm_interconnect_0_id_router_033      ; --         ;
; IP_TOOL_NAME                        ; altera_merlin_router                                   ; --            ; MSoC_mm_interconnect_0_id_router_034      ; --         ;
; IP_TOOL_NAME                        ; altera_merlin_router                                   ; --            ; MSoC_mm_interconnect_0_id_router_036      ; --         ;
; IP_TOOL_NAME                        ; altera_merlin_router                                   ; --            ; MSoC_mm_interconnect_0_id_router_040      ; --         ;
; IP_TOOL_NAME                        ; altera_merlin_router                                   ; --            ; MSoC_mm_interconnect_0_id_router_042      ; --         ;
; IP_TOOL_NAME                        ; altera_merlin_router                                   ; --            ; MSoC_mm_interconnect_0_id_router_044      ; --         ;
; IP_TOOL_NAME                        ; altera_merlin_router                                   ; --            ; MSoC_mm_interconnect_0_id_router_048      ; --         ;
; IP_TOOL_NAME                        ; altera_merlin_router                                   ; --            ; MSoC_mm_interconnect_0_id_router_050      ; --         ;
; IP_TOOL_NAME                        ; altera_merlin_router                                   ; --            ; MSoC_mm_interconnect_0_id_router_052      ; --         ;
; IP_TOOL_NAME                        ; altera_merlin_demultiplexer                            ; --            ; MSoC_mm_interconnect_0_rsp_xbar_demux_002 ; --         ;
; IP_TOOL_NAME                        ; altera_merlin_demultiplexer                            ; --            ; MSoC_mm_interconnect_0_rsp_xbar_demux_016 ; --         ;
; IP_TOOL_NAME                        ; altera_merlin_multiplexer                              ; --            ; MSoC_mm_interconnect_0_rsp_xbar_mux       ; --         ;
; IP_TOOL_NAME                        ; altera_merlin_multiplexer                              ; --            ; MSoC_mm_interconnect_0_rsp_xbar_mux_001   ; --         ;
; IP_TOOL_NAME                        ; altera_merlin_multiplexer                              ; --            ; MSoC_mm_interconnect_0_rsp_xbar_mux_002   ; --         ;
; IP_TOOL_NAME                        ; altera_merlin_multiplexer                              ; --            ; MSoC_mm_interconnect_0_rsp_xbar_mux_003   ; --         ;
; IP_TOOL_NAME                        ; altera_merlin_multiplexer                              ; --            ; MSoC_mm_interconnect_0_rsp_xbar_mux_004   ; --         ;
; IP_TOOL_NAME                        ; altpll                                                 ; --            ; MSoC_pll                                  ; --         ;
; IP_TOOL_NAME                        ; altera_avalon_new_sdram_controller                     ; --            ; MSoC_sdram_controller                     ; --         ;
; IP_TOOL_NAME                        ; altera_avalon_sysid_qsys                               ; --            ; MSoC_sysid                                ; --         ;
; IP_TOOL_NAME                        ; altera_avalon_timer                                    ; --            ; MSoC_timer1                               ; --         ;
; IP_TOOL_NAME                        ; altera_avalon_sc_fifo                                  ; --            ; altera_avalon_sc_fifo                     ; --         ;
; IP_TOOL_NAME                        ; altera_merlin_master_agent                             ; --            ; altera_merlin_master_agent                ; --         ;
; IP_TOOL_NAME                        ; altera_merlin_master_translator                        ; --            ; altera_merlin_master_translator           ; --         ;
; IP_TOOL_NAME                        ; altera_merlin_slave_agent                              ; --            ; altera_merlin_slave_agent                 ; --         ;
; IP_TOOL_NAME                        ; altera_merlin_slave_translator                         ; --            ; altera_merlin_slave_translator            ; --         ;
; IP_TOOL_NAME                        ; altera_reset_controller                                ; --            ; altera_reset_controller                   ; --         ;
; IP_TOOL_VERSION                     ; 13.1                                                   ; --            ; MSoC                                      ; --         ;
; IP_TOOL_VERSION                     ; 13.1                                                   ; --            ; MSoC_cpu1                                 ; --         ;
; IP_TOOL_VERSION                     ; 13.1                                                   ; --            ; MSoC_cpu2                                 ; --         ;
; IP_TOOL_VERSION                     ; 13.1                                                   ; --            ; MSoC_cpu3                                 ; --         ;
; IP_TOOL_VERSION                     ; 13.1                                                   ; --            ; MSoC_cpu4                                 ; --         ;
; IP_TOOL_VERSION                     ; 13.1                                                   ; --            ; MSoC_cpu5                                 ; --         ;
; IP_TOOL_VERSION                     ; 13.1                                                   ; --            ; MSoC_cpu6                                 ; --         ;
; IP_TOOL_VERSION                     ; 13.1                                                   ; --            ; MSoC_fifo1to2A                            ; --         ;
; IP_TOOL_VERSION                     ; 13.1                                                   ; --            ; MSoC_irq_mapper                           ; --         ;
; IP_TOOL_VERSION                     ; 13.1                                                   ; --            ; MSoC_irq_mapper_001                       ; --         ;
; IP_TOOL_VERSION                     ; 13.1                                                   ; --            ; MSoC_irq_mapper_002                       ; --         ;
; IP_TOOL_VERSION                     ; 13.1                                                   ; --            ; MSoC_irq_mapper_003                       ; --         ;
; IP_TOOL_VERSION                     ; 13.1                                                   ; --            ; MSoC_jtag_uart1                           ; --         ;
; IP_TOOL_VERSION                     ; 13.1                                                   ; --            ; MSoC_mem2                                 ; --         ;
; IP_TOOL_VERSION                     ; 13.1                                                   ; --            ; MSoC_mem3                                 ; --         ;
; IP_TOOL_VERSION                     ; 13.1                                                   ; --            ; MSoC_mem4                                 ; --         ;
; IP_TOOL_VERSION                     ; 13.1                                                   ; --            ; MSoC_mem5                                 ; --         ;
; IP_TOOL_VERSION                     ; 13.1                                                   ; --            ; MSoC_mem6                                 ; --         ;
; IP_TOOL_VERSION                     ; 13.1                                                   ; --            ; MSoC_mm_interconnect_0                    ; --         ;
; IP_TOOL_VERSION                     ; 13.1                                                   ; --            ; MSoC_mm_interconnect_0_addr_router        ; --         ;
; IP_TOOL_VERSION                     ; 13.1                                                   ; --            ; MSoC_mm_interconnect_0_addr_router_001    ; --         ;
; IP_TOOL_VERSION                     ; 13.1                                                   ; --            ; MSoC_mm_interconnect_0_addr_router_002    ; --         ;
; IP_TOOL_VERSION                     ; 13.1                                                   ; --            ; MSoC_mm_interconnect_0_addr_router_003    ; --         ;
; IP_TOOL_VERSION                     ; 13.1                                                   ; --            ; MSoC_mm_interconnect_0_addr_router_004    ; --         ;
; IP_TOOL_VERSION                     ; 13.1                                                   ; --            ; MSoC_mm_interconnect_0_addr_router_005    ; --         ;
; IP_TOOL_VERSION                     ; 13.1                                                   ; --            ; MSoC_mm_interconnect_0_addr_router_006    ; --         ;
; IP_TOOL_VERSION                     ; 13.1                                                   ; --            ; MSoC_mm_interconnect_0_addr_router_007    ; --         ;
; IP_TOOL_VERSION                     ; 13.1                                                   ; --            ; MSoC_mm_interconnect_0_addr_router_008    ; --         ;
; IP_TOOL_VERSION                     ; 13.1                                                   ; --            ; MSoC_mm_interconnect_0_addr_router_009    ; --         ;
; IP_TOOL_VERSION                     ; 13.1                                                   ; --            ; MSoC_mm_interconnect_0_addr_router_010    ; --         ;
; IP_TOOL_VERSION                     ; 13.1                                                   ; --            ; MSoC_mm_interconnect_0_addr_router_011    ; --         ;
; IP_TOOL_VERSION                     ; 13.1                                                   ; --            ; MSoC_mm_interconnect_0_cmd_xbar_demux     ; --         ;
; IP_TOOL_VERSION                     ; 13.1                                                   ; --            ; MSoC_mm_interconnect_0_cmd_xbar_demux_001 ; --         ;
; IP_TOOL_VERSION                     ; 13.1                                                   ; --            ; MSoC_mm_interconnect_0_cmd_xbar_demux_002 ; --         ;
; IP_TOOL_VERSION                     ; 13.1                                                   ; --            ; MSoC_mm_interconnect_0_cmd_xbar_demux_003 ; --         ;
; IP_TOOL_VERSION                     ; 13.1                                                   ; --            ; MSoC_mm_interconnect_0_cmd_xbar_demux_004 ; --         ;
; IP_TOOL_VERSION                     ; 13.1                                                   ; --            ; MSoC_mm_interconnect_0_cmd_xbar_mux       ; --         ;
; IP_TOOL_VERSION                     ; 13.1                                                   ; --            ; MSoC_mm_interconnect_0_cmd_xbar_mux_002   ; --         ;
; IP_TOOL_VERSION                     ; 13.1                                                   ; --            ; MSoC_mm_interconnect_0_cmd_xbar_mux_016   ; --         ;
; IP_TOOL_VERSION                     ; 13.1                                                   ; --            ; MSoC_mm_interconnect_0_id_router          ; --         ;
; IP_TOOL_VERSION                     ; 13.1                                                   ; --            ; MSoC_mm_interconnect_0_id_router_002      ; --         ;
; IP_TOOL_VERSION                     ; 13.1                                                   ; --            ; MSoC_mm_interconnect_0_id_router_005      ; --         ;
; IP_TOOL_VERSION                     ; 13.1                                                   ; --            ; MSoC_mm_interconnect_0_id_router_011      ; --         ;
; IP_TOOL_VERSION                     ; 13.1                                                   ; --            ; MSoC_mm_interconnect_0_id_router_013      ; --         ;
; IP_TOOL_VERSION                     ; 13.1                                                   ; --            ; MSoC_mm_interconnect_0_id_router_015      ; --         ;
; IP_TOOL_VERSION                     ; 13.1                                                   ; --            ; MSoC_mm_interconnect_0_id_router_016      ; --         ;
; IP_TOOL_VERSION                     ; 13.1                                                   ; --            ; MSoC_mm_interconnect_0_id_router_018      ; --         ;
; IP_TOOL_VERSION                     ; 13.1                                                   ; --            ; MSoC_mm_interconnect_0_id_router_020      ; --         ;
; IP_TOOL_VERSION                     ; 13.1                                                   ; --            ; MSoC_mm_interconnect_0_id_router_026      ; --         ;
; IP_TOOL_VERSION                     ; 13.1                                                   ; --            ; MSoC_mm_interconnect_0_id_router_027      ; --         ;
; IP_TOOL_VERSION                     ; 13.1                                                   ; --            ; MSoC_mm_interconnect_0_id_router_029      ; --         ;
; IP_TOOL_VERSION                     ; 13.1                                                   ; --            ; MSoC_mm_interconnect_0_id_router_033      ; --         ;
; IP_TOOL_VERSION                     ; 13.1                                                   ; --            ; MSoC_mm_interconnect_0_id_router_034      ; --         ;
; IP_TOOL_VERSION                     ; 13.1                                                   ; --            ; MSoC_mm_interconnect_0_id_router_036      ; --         ;
; IP_TOOL_VERSION                     ; 13.1                                                   ; --            ; MSoC_mm_interconnect_0_id_router_040      ; --         ;
; IP_TOOL_VERSION                     ; 13.1                                                   ; --            ; MSoC_mm_interconnect_0_id_router_042      ; --         ;
; IP_TOOL_VERSION                     ; 13.1                                                   ; --            ; MSoC_mm_interconnect_0_id_router_044      ; --         ;
; IP_TOOL_VERSION                     ; 13.1                                                   ; --            ; MSoC_mm_interconnect_0_id_router_048      ; --         ;
; IP_TOOL_VERSION                     ; 13.1                                                   ; --            ; MSoC_mm_interconnect_0_id_router_050      ; --         ;
; IP_TOOL_VERSION                     ; 13.1                                                   ; --            ; MSoC_mm_interconnect_0_id_router_052      ; --         ;
; IP_TOOL_VERSION                     ; 13.1                                                   ; --            ; MSoC_mm_interconnect_0_rsp_xbar_demux_002 ; --         ;
; IP_TOOL_VERSION                     ; 13.1                                                   ; --            ; MSoC_mm_interconnect_0_rsp_xbar_demux_016 ; --         ;
; IP_TOOL_VERSION                     ; 13.1                                                   ; --            ; MSoC_mm_interconnect_0_rsp_xbar_mux       ; --         ;
; IP_TOOL_VERSION                     ; 13.1                                                   ; --            ; MSoC_mm_interconnect_0_rsp_xbar_mux_001   ; --         ;
; IP_TOOL_VERSION                     ; 13.1                                                   ; --            ; MSoC_mm_interconnect_0_rsp_xbar_mux_002   ; --         ;
; IP_TOOL_VERSION                     ; 13.1                                                   ; --            ; MSoC_mm_interconnect_0_rsp_xbar_mux_003   ; --         ;
; IP_TOOL_VERSION                     ; 13.1                                                   ; --            ; MSoC_mm_interconnect_0_rsp_xbar_mux_004   ; --         ;
; IP_TOOL_VERSION                     ; 13.1                                                   ; --            ; MSoC_pll                                  ; --         ;
; IP_TOOL_VERSION                     ; 13.1                                                   ; --            ; MSoC_sdram_controller                     ; --         ;
; IP_TOOL_VERSION                     ; 13.1                                                   ; --            ; MSoC_sysid                                ; --         ;
; IP_TOOL_VERSION                     ; 13.1                                                   ; --            ; MSoC_timer1                               ; --         ;
; IP_TOOL_VERSION                     ; 13.1                                                   ; --            ; altera_avalon_sc_fifo                     ; --         ;
; IP_TOOL_VERSION                     ; 13.1                                                   ; --            ; altera_merlin_master_agent                ; --         ;
; IP_TOOL_VERSION                     ; 13.1                                                   ; --            ; altera_merlin_master_translator           ; --         ;
; IP_TOOL_VERSION                     ; 13.1                                                   ; --            ; altera_merlin_slave_agent                 ; --         ;
; IP_TOOL_VERSION                     ; 13.1                                                   ; --            ; altera_merlin_slave_translator            ; --         ;
; IP_TOOL_VERSION                     ; 13.1                                                   ; --            ; altera_reset_controller                   ; --         ;
; MAX_CORE_JUNCTION_TEMP              ; 85                                                     ; --            ; --                                        ; --         ;
; MIN_CORE_JUNCTION_TEMP              ; 0                                                      ; --            ; --                                        ; --         ;
; MISC_FILE                           ; MSoC/synthesis/../../MSoC.cmp                          ; --            ; --                                        ; --         ;
; MISC_FILE                           ; MSoC/synthesis/../../MSoC.qsys                         ; --            ; --                                        ; --         ;
; NOMINAL_CORE_SUPPLY_VOLTAGE         ; 1.2V                                                   ; --            ; --                                        ; --         ;
; PARTITION_COLOR                     ; 16764057                                               ; --            ; --                                        ; Top        ;
; PARTITION_FITTER_PRESERVATION_LEVEL ; PLACEMENT_AND_ROUTING                                  ; --            ; --                                        ; Top        ;
; PARTITION_NETLIST_TYPE              ; SOURCE                                                 ; --            ; --                                        ; Top        ;
; POWER_BOARD_THERMAL_MODEL           ; None (CONSERVATIVE)                                    ; --            ; --                                        ; --         ;
; POWER_PRESET_COOLING_SOLUTION       ; 23 MM HEAT SINK WITH 200 LFPM AIRFLOW                  ; --            ; --                                        ; --         ;
; PROJECT_OUTPUT_DIRECTORY            ; output_files                                           ; --            ; --                                        ; --         ;
; SLD_FILE                            ; MSoC/synthesis/MSoC.regmap                             ; --            ; --                                        ; --         ;
; SLD_FILE                            ; MSoC/synthesis/MSoC.debuginfo                          ; --            ; --                                        ; --         ;
; SLD_INFO                            ; QSYS_NAME MSoC HAS_SOPCINFO 1 GENERATION_ID 1718081232 ; --            ; MSoC                                      ; --         ;
; SOPCINFO_FILE                       ; MSoC/synthesis/../../MSoC.sopcinfo                     ; --            ; --                                        ; --         ;
; SYNTHESIS_ONLY_QIP                  ; On                                                     ; --            ; --                                        ; --         ;
+-------------------------------------+--------------------------------------------------------+---------------+-------------------------------------------+------------+


+-------------------------------------------------------------------------------------------------------------------------------+
; Flow Elapsed Time                                                                                                             ;
+---------------------------+--------------+-------------------------+---------------------+------------------------------------+
; Module Name               ; Elapsed Time ; Average Processors Used ; Peak Virtual Memory ; Total CPU Time (on all processors) ;
+---------------------------+--------------+-------------------------+---------------------+------------------------------------+
; Analysis & Synthesis      ; 00:01:16     ; 1.0                     ; 5209 MB             ; 00:01:03                           ;
; Fitter                    ; 00:01:10     ; 1.4                     ; 5788 MB             ; 00:01:21                           ;
; Assembler                 ; 00:00:11     ; 1.0                     ; 4696 MB             ; 00:00:11                           ;
; TimeQuest Timing Analyzer ; 00:00:12     ; 1.1                     ; 4944 MB             ; 00:00:11                           ;
; Total                     ; 00:02:49     ; --                      ; --                  ; 00:02:46                           ;
+---------------------------+--------------+-------------------------+---------------------+------------------------------------+


+----------------------------------------------------------------------------------------+
; Flow OS Summary                                                                        ;
+---------------------------+------------------+-----------+------------+----------------+
; Module Name               ; Machine Hostname ; OS Name   ; OS Version ; Processor type ;
+---------------------------+------------------+-----------+------------+----------------+
; Analysis & Synthesis      ; DESKTOP-RBNRQ6I  ; Windows 7 ; 6.2        ; x86_64         ;
; Fitter                    ; DESKTOP-RBNRQ6I  ; Windows 7 ; 6.2        ; x86_64         ;
; Assembler                 ; DESKTOP-RBNRQ6I  ; Windows 7 ; 6.2        ; x86_64         ;
; TimeQuest Timing Analyzer ; DESKTOP-RBNRQ6I  ; Windows 7 ; 6.2        ; x86_64         ;
+---------------------------+------------------+-----------+------------+----------------+


------------
; Flow Log ;
------------
quartus_map --read_settings_files=on --write_settings_files=off OpJSoC -c TopLevel
quartus_fit --read_settings_files=off --write_settings_files=off OpJSoC -c TopLevel
quartus_asm --read_settings_files=off --write_settings_files=off OpJSoC -c TopLevel
quartus_sta OpJSoC -c TopLevel



