Flow report for TopLevelP2
Wed Apr 17 14:36:18 2024
Quartus II 64-Bit Version 13.1.0 Build 162 10/23/2013 SJ Web Edition


---------------------
; Table of Contents ;
---------------------
  1. Legal Notice
  2. Flow Summary
  3. Flow Settings
  4. Flow Non-Default Global Settings
  5. Flow Elapsed Time
  6. Flow OS Summary
  7. Flow Log
  8. Flow Messages
  9. Flow Suppressed Messages



----------------
; Legal Notice ;
----------------
Copyright (C) 1991-2013 Altera Corporation
Your use of Altera Corporation's design tools, logic functions 
and other software and tools, and its AMPP partner logic 
functions, and any output files from any of the foregoing 
(including device programming or simulation files), and any 
associated documentation or information are expressly subject 
to the terms and conditions of the Altera Program License 
Subscription Agreement, Altera MegaCore Function License 
Agreement, or other applicable license agreement, including, 
without limitation, that your use is for the sole purpose of 
programming logic devices manufactured by Altera and sold by 
Altera or its authorized distributors.  Please refer to the 
applicable agreement for further details.



+---------------------------------------------------------------------------------+
; Flow Summary                                                                    ;
+------------------------------------+--------------------------------------------+
; Flow Status                        ; Successful - Wed Apr 17 14:36:18 2024      ;
; Quartus II 64-Bit Version          ; 13.1.0 Build 162 10/23/2013 SJ Web Edition ;
; Revision Name                      ; TopLevelP2                                 ;
; Top-level Entity Name              ; TopLevelP2                                 ;
; Family                             ; Cyclone IV E                               ;
; Device                             ; EP4CE115F29C7                              ;
; Timing Models                      ; Final                                      ;
; Total logic elements               ; 2,593 / 114,480 ( 2 % )                    ;
;     Total combinational functions  ; 2,449 / 114,480 ( 2 % )                    ;
;     Dedicated logic registers      ; 1,273 / 114,480 ( 1 % )                    ;
; Total registers                    ; 1273                                       ;
; Total pins                         ; 1 / 529 ( < 1 % )                          ;
; Total virtual pins                 ; 0                                          ;
; Total memory bits                  ; 2,108,416 / 3,981,312 ( 53 % )             ;
; Embedded Multiplier 9-bit elements ; 0 / 532 ( 0 % )                            ;
; Total PLLs                         ; 0 / 4 ( 0 % )                              ;
+------------------------------------+--------------------------------------------+


+-----------------------------------------+
; Flow Settings                           ;
+-------------------+---------------------+
; Option            ; Setting             ;
+-------------------+---------------------+
; Start date & time ; 04/17/2024 14:34:34 ;
; Main task         ; Compilation         ;
; Revision Name     ; TopLevelP2          ;
+-------------------+---------------------+


+---------------------------------------------------------------------------------------------------------------------------------------------------------------------------------------+
; Flow Non-Default Global Settings                                                                                                                                                      ;
+-------------------------------------+----------------------------------------------------------+---------------+-----------------------------------------------------+----------------+
; Assignment Name                     ; Value                                                    ; Default Value ; Entity Name                                         ; Section Id     ;
+-------------------------------------+----------------------------------------------------------+---------------+-----------------------------------------------------+----------------+
; COMPILER_SIGNATURE_ID               ; 13870899193176.171334467444532                           ; --            ; --                                                  ; --             ;
; EDA_OUTPUT_DATA_FORMAT              ; Vhdl                                                     ; --            ; --                                                  ; eda_simulation ;
; EDA_SIMULATION_TOOL                 ; ModelSim-Altera (VHDL)                                   ; <None>        ; --                                                  ; --             ;
; IP_TOOL_ENV                         ; Qsys                                                     ; --            ; CRC_P2                                              ; --             ;
; IP_TOOL_ENV                         ; Qsys                                                     ; --            ; CRC_P2_cpu                                          ; --             ;
; IP_TOOL_ENV                         ; Qsys                                                     ; --            ; CRC_P2_cpu_custom_instruction_master_multi_xconnect ; --             ;
; IP_TOOL_ENV                         ; Qsys                                                     ; --            ; CRC_P2_irq_mapper                                   ; --             ;
; IP_TOOL_ENV                         ; Qsys                                                     ; --            ; CRC_P2_jtag_uart                                    ; --             ;
; IP_TOOL_ENV                         ; Qsys                                                     ; --            ; CRC_P2_mm_interconnect_0                            ; --             ;
; IP_TOOL_ENV                         ; Qsys                                                     ; --            ; CRC_P2_mm_interconnect_0_addr_router                ; --             ;
; IP_TOOL_ENV                         ; Qsys                                                     ; --            ; CRC_P2_mm_interconnect_0_addr_router_001            ; --             ;
; IP_TOOL_ENV                         ; Qsys                                                     ; --            ; CRC_P2_mm_interconnect_0_cmd_xbar_demux             ; --             ;
; IP_TOOL_ENV                         ; Qsys                                                     ; --            ; CRC_P2_mm_interconnect_0_cmd_xbar_demux_001         ; --             ;
; IP_TOOL_ENV                         ; Qsys                                                     ; --            ; CRC_P2_mm_interconnect_0_cmd_xbar_mux               ; --             ;
; IP_TOOL_ENV                         ; Qsys                                                     ; --            ; CRC_P2_mm_interconnect_0_cmd_xbar_mux_002           ; --             ;
; IP_TOOL_ENV                         ; Qsys                                                     ; --            ; CRC_P2_mm_interconnect_0_id_router                  ; --             ;
; IP_TOOL_ENV                         ; Qsys                                                     ; --            ; CRC_P2_mm_interconnect_0_id_router_002              ; --             ;
; IP_TOOL_ENV                         ; Qsys                                                     ; --            ; CRC_P2_mm_interconnect_0_rsp_xbar_demux             ; --             ;
; IP_TOOL_ENV                         ; Qsys                                                     ; --            ; CRC_P2_mm_interconnect_0_rsp_xbar_demux_002         ; --             ;
; IP_TOOL_ENV                         ; Qsys                                                     ; --            ; CRC_P2_mm_interconnect_0_rsp_xbar_mux               ; --             ;
; IP_TOOL_ENV                         ; Qsys                                                     ; --            ; CRC_P2_mm_interconnect_0_rsp_xbar_mux_001           ; --             ;
; IP_TOOL_ENV                         ; Qsys                                                     ; --            ; CRC_P2_onchip_mem                                   ; --             ;
; IP_TOOL_ENV                         ; Qsys                                                     ; --            ; CRC_P2_sysid                                        ; --             ;
; IP_TOOL_ENV                         ; Qsys                                                     ; --            ; CRC_P2_timer                                        ; --             ;
; IP_TOOL_ENV                         ; Qsys                                                     ; --            ; CRC_P2_timer_0                                      ; --             ;
; IP_TOOL_ENV                         ; Qsys                                                     ; --            ; altera_avalon_sc_fifo                               ; --             ;
; IP_TOOL_ENV                         ; Qsys                                                     ; --            ; altera_customins_master_translator                  ; --             ;
; IP_TOOL_ENV                         ; Qsys                                                     ; --            ; altera_customins_slave_translator                   ; --             ;
; IP_TOOL_ENV                         ; Qsys                                                     ; --            ; altera_merlin_master_agent                          ; --             ;
; IP_TOOL_ENV                         ; Qsys                                                     ; --            ; altera_merlin_master_translator                     ; --             ;
; IP_TOOL_ENV                         ; Qsys                                                     ; --            ; altera_merlin_slave_agent                           ; --             ;
; IP_TOOL_ENV                         ; Qsys                                                     ; --            ; altera_merlin_slave_translator                      ; --             ;
; IP_TOOL_ENV                         ; Qsys                                                     ; --            ; altera_reset_controller                             ; --             ;
; IP_TOOL_NAME                        ; Qsys                                                     ; --            ; CRC_P2                                              ; --             ;
; IP_TOOL_NAME                        ; altera_nios2_qsys                                        ; --            ; CRC_P2_cpu                                          ; --             ;
; IP_TOOL_NAME                        ; altera_customins_xconnect                                ; --            ; CRC_P2_cpu_custom_instruction_master_multi_xconnect ; --             ;
; IP_TOOL_NAME                        ; altera_irq_mapper                                        ; --            ; CRC_P2_irq_mapper                                   ; --             ;
; IP_TOOL_NAME                        ; altera_avalon_jtag_uart                                  ; --            ; CRC_P2_jtag_uart                                    ; --             ;
; IP_TOOL_NAME                        ; altera_merlin_interconnect_wrapper                       ; --            ; CRC_P2_mm_interconnect_0                            ; --             ;
; IP_TOOL_NAME                        ; altera_merlin_router                                     ; --            ; CRC_P2_mm_interconnect_0_addr_router                ; --             ;
; IP_TOOL_NAME                        ; altera_merlin_router                                     ; --            ; CRC_P2_mm_interconnect_0_addr_router_001            ; --             ;
; IP_TOOL_NAME                        ; altera_merlin_demultiplexer                              ; --            ; CRC_P2_mm_interconnect_0_cmd_xbar_demux             ; --             ;
; IP_TOOL_NAME                        ; altera_merlin_demultiplexer                              ; --            ; CRC_P2_mm_interconnect_0_cmd_xbar_demux_001         ; --             ;
; IP_TOOL_NAME                        ; altera_merlin_multiplexer                                ; --            ; CRC_P2_mm_interconnect_0_cmd_xbar_mux               ; --             ;
; IP_TOOL_NAME                        ; altera_merlin_multiplexer                                ; --            ; CRC_P2_mm_interconnect_0_cmd_xbar_mux_002           ; --             ;
; IP_TOOL_NAME                        ; altera_merlin_router                                     ; --            ; CRC_P2_mm_interconnect_0_id_router                  ; --             ;
; IP_TOOL_NAME                        ; altera_merlin_router                                     ; --            ; CRC_P2_mm_interconnect_0_id_router_002              ; --             ;
; IP_TOOL_NAME                        ; altera_merlin_demultiplexer                              ; --            ; CRC_P2_mm_interconnect_0_rsp_xbar_demux             ; --             ;
; IP_TOOL_NAME                        ; altera_merlin_demultiplexer                              ; --            ; CRC_P2_mm_interconnect_0_rsp_xbar_demux_002         ; --             ;
; IP_TOOL_NAME                        ; altera_merlin_multiplexer                                ; --            ; CRC_P2_mm_interconnect_0_rsp_xbar_mux               ; --             ;
; IP_TOOL_NAME                        ; altera_merlin_multiplexer                                ; --            ; CRC_P2_mm_interconnect_0_rsp_xbar_mux_001           ; --             ;
; IP_TOOL_NAME                        ; altera_avalon_onchip_memory2                             ; --            ; CRC_P2_onchip_mem                                   ; --             ;
; IP_TOOL_NAME                        ; altera_avalon_sysid_qsys                                 ; --            ; CRC_P2_sysid                                        ; --             ;
; IP_TOOL_NAME                        ; altera_avalon_timer                                      ; --            ; CRC_P2_timer                                        ; --             ;
; IP_TOOL_NAME                        ; altera_avalon_timer                                      ; --            ; CRC_P2_timer_0                                      ; --             ;
; IP_TOOL_NAME                        ; altera_avalon_sc_fifo                                    ; --            ; altera_avalon_sc_fifo                               ; --             ;
; IP_TOOL_NAME                        ; altera_customins_master_translator                       ; --            ; altera_customins_master_translator                  ; --             ;
; IP_TOOL_NAME                        ; altera_customins_slave_translator                        ; --            ; altera_customins_slave_translator                   ; --             ;
; IP_TOOL_NAME                        ; altera_merlin_master_agent                               ; --            ; altera_merlin_master_agent                          ; --             ;
; IP_TOOL_NAME                        ; altera_merlin_master_translator                          ; --            ; altera_merlin_master_translator                     ; --             ;
; IP_TOOL_NAME                        ; altera_merlin_slave_agent                                ; --            ; altera_merlin_slave_agent                           ; --             ;
; IP_TOOL_NAME                        ; altera_merlin_slave_translator                           ; --            ; altera_merlin_slave_translator                      ; --             ;
; IP_TOOL_NAME                        ; altera_reset_controller                                  ; --            ; altera_reset_controller                             ; --             ;
; IP_TOOL_VERSION                     ; 13.1                                                     ; --            ; CRC_P2                                              ; --             ;
; IP_TOOL_VERSION                     ; 13.1                                                     ; --            ; CRC_P2_cpu                                          ; --             ;
; IP_TOOL_VERSION                     ; 13.1                                                     ; --            ; CRC_P2_cpu_custom_instruction_master_multi_xconnect ; --             ;
; IP_TOOL_VERSION                     ; 13.1                                                     ; --            ; CRC_P2_irq_mapper                                   ; --             ;
; IP_TOOL_VERSION                     ; 13.1                                                     ; --            ; CRC_P2_jtag_uart                                    ; --             ;
; IP_TOOL_VERSION                     ; 13.1                                                     ; --            ; CRC_P2_mm_interconnect_0                            ; --             ;
; IP_TOOL_VERSION                     ; 13.1                                                     ; --            ; CRC_P2_mm_interconnect_0_addr_router                ; --             ;
; IP_TOOL_VERSION                     ; 13.1                                                     ; --            ; CRC_P2_mm_interconnect_0_addr_router_001            ; --             ;
; IP_TOOL_VERSION                     ; 13.1                                                     ; --            ; CRC_P2_mm_interconnect_0_cmd_xbar_demux             ; --             ;
; IP_TOOL_VERSION                     ; 13.1                                                     ; --            ; CRC_P2_mm_interconnect_0_cmd_xbar_demux_001         ; --             ;
; IP_TOOL_VERSION                     ; 13.1                                                     ; --            ; CRC_P2_mm_interconnect_0_cmd_xbar_mux               ; --             ;
; IP_TOOL_VERSION                     ; 13.1                                                     ; --            ; CRC_P2_mm_interconnect_0_cmd_xbar_mux_002           ; --             ;
; IP_TOOL_VERSION                     ; 13.1                                                     ; --            ; CRC_P2_mm_interconnect_0_id_router                  ; --             ;
; IP_TOOL_VERSION                     ; 13.1                                                     ; --            ; CRC_P2_mm_interconnect_0_id_router_002              ; --             ;
; IP_TOOL_VERSION                     ; 13.1                                                     ; --            ; CRC_P2_mm_interconnect_0_rsp_xbar_demux             ; --             ;
; IP_TOOL_VERSION                     ; 13.1                                                     ; --            ; CRC_P2_mm_interconnect_0_rsp_xbar_demux_002         ; --             ;
; IP_TOOL_VERSION                     ; 13.1                                                     ; --            ; CRC_P2_mm_interconnect_0_rsp_xbar_mux               ; --             ;
; IP_TOOL_VERSION                     ; 13.1                                                     ; --            ; CRC_P2_mm_interconnect_0_rsp_xbar_mux_001           ; --             ;
; IP_TOOL_VERSION                     ; 13.1                                                     ; --            ; CRC_P2_onchip_mem                                   ; --             ;
; IP_TOOL_VERSION                     ; 13.1                                                     ; --            ; CRC_P2_sysid                                        ; --             ;
; IP_TOOL_VERSION                     ; 13.1                                                     ; --            ; CRC_P2_timer                                        ; --             ;
; IP_TOOL_VERSION                     ; 13.1                                                     ; --            ; CRC_P2_timer_0                                      ; --             ;
; IP_TOOL_VERSION                     ; 13.1                                                     ; --            ; altera_avalon_sc_fifo                               ; --             ;
; IP_TOOL_VERSION                     ; 13.1                                                     ; --            ; altera_customins_master_translator                  ; --             ;
; IP_TOOL_VERSION                     ; 13.1                                                     ; --            ; altera_customins_slave_translator                   ; --             ;
; IP_TOOL_VERSION                     ; 13.1                                                     ; --            ; altera_merlin_master_agent                          ; --             ;
; IP_TOOL_VERSION                     ; 13.1                                                     ; --            ; altera_merlin_master_translator                     ; --             ;
; IP_TOOL_VERSION                     ; 13.1                                                     ; --            ; altera_merlin_slave_agent                           ; --             ;
; IP_TOOL_VERSION                     ; 13.1                                                     ; --            ; altera_merlin_slave_translator                      ; --             ;
; IP_TOOL_VERSION                     ; 13.1                                                     ; --            ; altera_reset_controller                             ; --             ;
; MAX_CORE_JUNCTION_TEMP              ; 85                                                       ; --            ; --                                                  ; --             ;
; MIN_CORE_JUNCTION_TEMP              ; 0                                                        ; --            ; --                                                  ; --             ;
; MISC_FILE                           ; CRC_P2/synthesis/../../CRC_P2.cmp                        ; --            ; --                                                  ; --             ;
; MISC_FILE                           ; CRC_P2/synthesis/../../CRC_P2.qsys                       ; --            ; --                                                  ; --             ;
; PARTITION_COLOR                     ; 16764057                                                 ; --            ; --                                                  ; Top            ;
; PARTITION_FITTER_PRESERVATION_LEVEL ; PLACEMENT_AND_ROUTING                                    ; --            ; --                                                  ; Top            ;
; PARTITION_NETLIST_TYPE              ; SOURCE                                                   ; --            ; --                                                  ; Top            ;
; POWER_BOARD_THERMAL_MODEL           ; None (CONSERVATIVE)                                      ; --            ; --                                                  ; --             ;
; POWER_PRESET_COOLING_SOLUTION       ; 23 MM HEAT SINK WITH 200 LFPM AIRFLOW                    ; --            ; --                                                  ; --             ;
; PROJECT_OUTPUT_DIRECTORY            ; output_files                                             ; --            ; --                                                  ; --             ;
; SLD_FILE                            ; CRC_P2/synthesis/CRC_P2.regmap                           ; --            ; --                                                  ; --             ;
; SLD_FILE                            ; CRC_P2/synthesis/CRC_P2.debuginfo                        ; --            ; --                                                  ; --             ;
; SLD_INFO                            ; QSYS_NAME CRC_P2 HAS_SOPCINFO 1 GENERATION_ID 1713344567 ; --            ; CRC_P2                                              ; --             ;
; SOPCINFO_FILE                       ; CRC_P2/synthesis/../../CRC_P2.sopcinfo                   ; --            ; --                                                  ; --             ;
; SYNTHESIS_ONLY_QIP                  ; On                                                       ; --            ; --                                                  ; --             ;
+-------------------------------------+----------------------------------------------------------+---------------+-----------------------------------------------------+----------------+


+-------------------------------------------------------------------------------------------------------------------------------+
; Flow Elapsed Time                                                                                                             ;
+---------------------------+--------------+-------------------------+---------------------+------------------------------------+
; Module Name               ; Elapsed Time ; Average Processors Used ; Peak Virtual Memory ; Total CPU Time (on all processors) ;
+---------------------------+--------------+-------------------------+---------------------+------------------------------------+
; Analysis & Synthesis      ; 00:00:25     ; 1.0                     ; 4770 MB             ; 00:00:15                           ;
; Fitter                    ; 00:00:34     ; 1.0                     ; 5213 MB             ; 00:00:23                           ;
; Assembler                 ; 00:00:17     ; 1.0                     ; 4636 MB             ; 00:00:07                           ;
; TimeQuest Timing Analyzer ; 00:00:15     ; 1.0                     ; 4768 MB             ; 00:00:05                           ;
; EDA Netlist Writer        ; 00:00:16     ; 1.0                     ; 4632 MB             ; 00:00:06                           ;
; Total                     ; 00:01:47     ; --                      ; --                  ; 00:00:56                           ;
+---------------------------+--------------+-------------------------+---------------------+------------------------------------+


+----------------------------------------------------------------------------------------+
; Flow OS Summary                                                                        ;
+---------------------------+------------------+-----------+------------+----------------+
; Module Name               ; Machine Hostname ; OS Name   ; OS Version ; Processor type ;
+---------------------------+------------------+-----------+------------+----------------+
; Analysis & Synthesis      ; Chandula_ROG     ; Windows 7 ; 6.2        ; x86_64         ;
; Fitter                    ; Chandula_ROG     ; Windows 7 ; 6.2        ; x86_64         ;
; Assembler                 ; Chandula_ROG     ; Windows 7 ; 6.2        ; x86_64         ;
; TimeQuest Timing Analyzer ; Chandula_ROG     ; Windows 7 ; 6.2        ; x86_64         ;
; EDA Netlist Writer        ; Chandula_ROG     ; Windows 7 ; 6.2        ; x86_64         ;
+---------------------------+------------------+-----------+------------+----------------+


------------
; Flow Log ;
------------
quartus_map --read_settings_files=on --write_settings_files=off Practical2 -c TopLevelP2
quartus_fit --read_settings_files=off --write_settings_files=off Practical2 -c TopLevelP2
quartus_asm --read_settings_files=off --write_settings_files=off Practical2 -c TopLevelP2
quartus_sta Practical2 -c TopLevelP2
quartus_eda --read_settings_files=off --write_settings_files=off Practical2 -c TopLevelP2



