Flow report for TopLevel
Wed Mar 20 21:30:58 2024
Quartus II 64-Bit Version 13.1.0 Build 162 10/23/2013 SJ Web Edition


---------------------
; Table of Contents ;
---------------------
  1. Legal Notice
  2. Flow Summary
  3. Flow Settings
  4. Flow Non-Default Global Settings
  5. Flow Elapsed Time
  6. Flow OS Summary
  7. Flow Log
  8. Flow Messages
  9. Flow Suppressed Messages



----------------
; Legal Notice ;
----------------
Copyright (C) 1991-2013 Altera Corporation
Your use of Altera Corporation's design tools, logic functions 
and other software and tools, and its AMPP partner logic 
functions, and any output files from any of the foregoing 
(including device programming or simulation files), and any 
associated documentation or information are expressly subject 
to the terms and conditions of the Altera Program License 
Subscription Agreement, Altera MegaCore Function License 
Agreement, or other applicable license agreement, including, 
without limitation, that your use is for the sole purpose of 
programming logic devices manufactured by Altera and sold by 
Altera or its authorized distributors.  Please refer to the 
applicable agreement for further details.



+---------------------------------------------------------------------------------+
; Flow Summary                                                                    ;
+------------------------------------+--------------------------------------------+
; Flow Status                        ; Successful - Wed Mar 20 21:30:57 2024      ;
; Quartus II 64-Bit Version          ; 13.1.0 Build 162 10/23/2013 SJ Web Edition ;
; Revision Name                      ; TopLevel                                   ;
; Top-level Entity Name              ; TopLevel                                   ;
; Family                             ; Cyclone IV E                               ;
; Device                             ; EP4CE115F29C7                              ;
; Timing Models                      ; Final                                      ;
; Total logic elements               ; N/A until Partition Merge                  ;
;     Total combinational functions  ; N/A until Partition Merge                  ;
;     Dedicated logic registers      ; N/A until Partition Merge                  ;
; Total registers                    ; N/A until Partition Merge                  ;
; Total pins                         ; N/A until Partition Merge                  ;
; Total virtual pins                 ; N/A until Partition Merge                  ;
; Total memory bits                  ; N/A until Partition Merge                  ;
; Embedded Multiplier 9-bit elements ; N/A until Partition Merge                  ;
; Total PLLs                         ; N/A until Partition Merge                  ;
+------------------------------------+--------------------------------------------+


+-----------------------------------------+
; Flow Settings                           ;
+-------------------+---------------------+
; Option            ; Setting             ;
+-------------------+---------------------+
; Start date & time ; 03/20/2024 21:30:36 ;
; Main task         ; Compilation         ;
; Revision Name     ; TopLevel            ;
+-------------------+---------------------+


+-----------------------------------------------------------------------------------------------------------------------------------------------------------------------------+
; Flow Non-Default Global Settings                                                                                                                                            ;
+-------------------------------------+-----------------------------------------------------------+---------------+----------------------------------------------+------------+
; Assignment Name                     ; Value                                                     ; Default Value ; Entity Name                                  ; Section Id ;
+-------------------------------------+-----------------------------------------------------------+---------------+----------------------------------------------+------------+
; COMPILER_SIGNATURE_ID               ; 198642175177194.171095043607336                           ; --            ; --                                           ; --         ;
; IP_TOOL_ENV                         ; Qsys                                                      ; --            ; SoC_new                                      ; --         ;
; IP_TOOL_ENV                         ; Qsys                                                      ; --            ; SoC_new_cpu                                  ; --         ;
; IP_TOOL_ENV                         ; Qsys                                                      ; --            ; SoC_new_irq_mapper                           ; --         ;
; IP_TOOL_ENV                         ; Qsys                                                      ; --            ; SoC_new_jtag_uart                            ; --         ;
; IP_TOOL_ENV                         ; Qsys                                                      ; --            ; SoC_new_led_out                              ; --         ;
; IP_TOOL_ENV                         ; Qsys                                                      ; --            ; SoC_new_mm_interconnect_0                    ; --         ;
; IP_TOOL_ENV                         ; Qsys                                                      ; --            ; SoC_new_mm_interconnect_0_addr_router        ; --         ;
; IP_TOOL_ENV                         ; Qsys                                                      ; --            ; SoC_new_mm_interconnect_0_addr_router_001    ; --         ;
; IP_TOOL_ENV                         ; Qsys                                                      ; --            ; SoC_new_mm_interconnect_0_cmd_xbar_demux     ; --         ;
; IP_TOOL_ENV                         ; Qsys                                                      ; --            ; SoC_new_mm_interconnect_0_cmd_xbar_demux_001 ; --         ;
; IP_TOOL_ENV                         ; Qsys                                                      ; --            ; SoC_new_mm_interconnect_0_cmd_xbar_mux       ; --         ;
; IP_TOOL_ENV                         ; Qsys                                                      ; --            ; SoC_new_mm_interconnect_0_cmd_xbar_mux_002   ; --         ;
; IP_TOOL_ENV                         ; Qsys                                                      ; --            ; SoC_new_mm_interconnect_0_id_router          ; --         ;
; IP_TOOL_ENV                         ; Qsys                                                      ; --            ; SoC_new_mm_interconnect_0_id_router_002      ; --         ;
; IP_TOOL_ENV                         ; Qsys                                                      ; --            ; SoC_new_mm_interconnect_0_rsp_xbar_demux_002 ; --         ;
; IP_TOOL_ENV                         ; Qsys                                                      ; --            ; SoC_new_mm_interconnect_0_rsp_xbar_mux       ; --         ;
; IP_TOOL_ENV                         ; Qsys                                                      ; --            ; SoC_new_mm_interconnect_0_rsp_xbar_mux_001   ; --         ;
; IP_TOOL_ENV                         ; Qsys                                                      ; --            ; SoC_new_onchip_mem                           ; --         ;
; IP_TOOL_ENV                         ; Qsys                                                      ; --            ; SoC_new_sysid                                ; --         ;
; IP_TOOL_ENV                         ; Qsys                                                      ; --            ; SoC_new_timer                                ; --         ;
; IP_TOOL_ENV                         ; Qsys                                                      ; --            ; altera_avalon_sc_fifo                        ; --         ;
; IP_TOOL_ENV                         ; Qsys                                                      ; --            ; altera_merlin_master_agent                   ; --         ;
; IP_TOOL_ENV                         ; Qsys                                                      ; --            ; altera_merlin_master_translator              ; --         ;
; IP_TOOL_ENV                         ; Qsys                                                      ; --            ; altera_merlin_slave_agent                    ; --         ;
; IP_TOOL_ENV                         ; Qsys                                                      ; --            ; altera_merlin_slave_translator               ; --         ;
; IP_TOOL_ENV                         ; Qsys                                                      ; --            ; altera_reset_controller                      ; --         ;
; IP_TOOL_NAME                        ; Qsys                                                      ; --            ; SoC_new                                      ; --         ;
; IP_TOOL_NAME                        ; altera_nios2_qsys                                         ; --            ; SoC_new_cpu                                  ; --         ;
; IP_TOOL_NAME                        ; altera_irq_mapper                                         ; --            ; SoC_new_irq_mapper                           ; --         ;
; IP_TOOL_NAME                        ; altera_avalon_jtag_uart                                   ; --            ; SoC_new_jtag_uart                            ; --         ;
; IP_TOOL_NAME                        ; altera_avalon_pio                                         ; --            ; SoC_new_led_out                              ; --         ;
; IP_TOOL_NAME                        ; altera_merlin_interconnect_wrapper                        ; --            ; SoC_new_mm_interconnect_0                    ; --         ;
; IP_TOOL_NAME                        ; altera_merlin_router                                      ; --            ; SoC_new_mm_interconnect_0_addr_router        ; --         ;
; IP_TOOL_NAME                        ; altera_merlin_router                                      ; --            ; SoC_new_mm_interconnect_0_addr_router_001    ; --         ;
; IP_TOOL_NAME                        ; altera_merlin_demultiplexer                               ; --            ; SoC_new_mm_interconnect_0_cmd_xbar_demux     ; --         ;
; IP_TOOL_NAME                        ; altera_merlin_demultiplexer                               ; --            ; SoC_new_mm_interconnect_0_cmd_xbar_demux_001 ; --         ;
; IP_TOOL_NAME                        ; altera_merlin_multiplexer                                 ; --            ; SoC_new_mm_interconnect_0_cmd_xbar_mux       ; --         ;
; IP_TOOL_NAME                        ; altera_merlin_multiplexer                                 ; --            ; SoC_new_mm_interconnect_0_cmd_xbar_mux_002   ; --         ;
; IP_TOOL_NAME                        ; altera_merlin_router                                      ; --            ; SoC_new_mm_interconnect_0_id_router          ; --         ;
; IP_TOOL_NAME                        ; altera_merlin_router                                      ; --            ; SoC_new_mm_interconnect_0_id_router_002      ; --         ;
; IP_TOOL_NAME                        ; altera_merlin_demultiplexer                               ; --            ; SoC_new_mm_interconnect_0_rsp_xbar_demux_002 ; --         ;
; IP_TOOL_NAME                        ; altera_merlin_multiplexer                                 ; --            ; SoC_new_mm_interconnect_0_rsp_xbar_mux       ; --         ;
; IP_TOOL_NAME                        ; altera_merlin_multiplexer                                 ; --            ; SoC_new_mm_interconnect_0_rsp_xbar_mux_001   ; --         ;
; IP_TOOL_NAME                        ; altera_avalon_onchip_memory2                              ; --            ; SoC_new_onchip_mem                           ; --         ;
; IP_TOOL_NAME                        ; altera_avalon_sysid_qsys                                  ; --            ; SoC_new_sysid                                ; --         ;
; IP_TOOL_NAME                        ; altera_avalon_timer                                       ; --            ; SoC_new_timer                                ; --         ;
; IP_TOOL_NAME                        ; altera_avalon_sc_fifo                                     ; --            ; altera_avalon_sc_fifo                        ; --         ;
; IP_TOOL_NAME                        ; altera_merlin_master_agent                                ; --            ; altera_merlin_master_agent                   ; --         ;
; IP_TOOL_NAME                        ; altera_merlin_master_translator                           ; --            ; altera_merlin_master_translator              ; --         ;
; IP_TOOL_NAME                        ; altera_merlin_slave_agent                                 ; --            ; altera_merlin_slave_agent                    ; --         ;
; IP_TOOL_NAME                        ; altera_merlin_slave_translator                            ; --            ; altera_merlin_slave_translator               ; --         ;
; IP_TOOL_NAME                        ; altera_reset_controller                                   ; --            ; altera_reset_controller                      ; --         ;
; IP_TOOL_VERSION                     ; 13.1                                                      ; --            ; SoC_new                                      ; --         ;
; IP_TOOL_VERSION                     ; 13.1                                                      ; --            ; SoC_new_cpu                                  ; --         ;
; IP_TOOL_VERSION                     ; 13.1                                                      ; --            ; SoC_new_irq_mapper                           ; --         ;
; IP_TOOL_VERSION                     ; 13.1                                                      ; --            ; SoC_new_jtag_uart                            ; --         ;
; IP_TOOL_VERSION                     ; 13.1                                                      ; --            ; SoC_new_led_out                              ; --         ;
; IP_TOOL_VERSION                     ; 13.1                                                      ; --            ; SoC_new_mm_interconnect_0                    ; --         ;
; IP_TOOL_VERSION                     ; 13.1                                                      ; --            ; SoC_new_mm_interconnect_0_addr_router        ; --         ;
; IP_TOOL_VERSION                     ; 13.1                                                      ; --            ; SoC_new_mm_interconnect_0_addr_router_001    ; --         ;
; IP_TOOL_VERSION                     ; 13.1                                                      ; --            ; SoC_new_mm_interconnect_0_cmd_xbar_demux     ; --         ;
; IP_TOOL_VERSION                     ; 13.1                                                      ; --            ; SoC_new_mm_interconnect_0_cmd_xbar_demux_001 ; --         ;
; IP_TOOL_VERSION                     ; 13.1                                                      ; --            ; SoC_new_mm_interconnect_0_cmd_xbar_mux       ; --         ;
; IP_TOOL_VERSION                     ; 13.1                                                      ; --            ; SoC_new_mm_interconnect_0_cmd_xbar_mux_002   ; --         ;
; IP_TOOL_VERSION                     ; 13.1                                                      ; --            ; SoC_new_mm_interconnect_0_id_router          ; --         ;
; IP_TOOL_VERSION                     ; 13.1                                                      ; --            ; SoC_new_mm_interconnect_0_id_router_002      ; --         ;
; IP_TOOL_VERSION                     ; 13.1                                                      ; --            ; SoC_new_mm_interconnect_0_rsp_xbar_demux_002 ; --         ;
; IP_TOOL_VERSION                     ; 13.1                                                      ; --            ; SoC_new_mm_interconnect_0_rsp_xbar_mux       ; --         ;
; IP_TOOL_VERSION                     ; 13.1                                                      ; --            ; SoC_new_mm_interconnect_0_rsp_xbar_mux_001   ; --         ;
; IP_TOOL_VERSION                     ; 13.1                                                      ; --            ; SoC_new_onchip_mem                           ; --         ;
; IP_TOOL_VERSION                     ; 13.1                                                      ; --            ; SoC_new_sysid                                ; --         ;
; IP_TOOL_VERSION                     ; 13.1                                                      ; --            ; SoC_new_timer                                ; --         ;
; IP_TOOL_VERSION                     ; 13.1                                                      ; --            ; altera_avalon_sc_fifo                        ; --         ;
; IP_TOOL_VERSION                     ; 13.1                                                      ; --            ; altera_merlin_master_agent                   ; --         ;
; IP_TOOL_VERSION                     ; 13.1                                                      ; --            ; altera_merlin_master_translator              ; --         ;
; IP_TOOL_VERSION                     ; 13.1                                                      ; --            ; altera_merlin_slave_agent                    ; --         ;
; IP_TOOL_VERSION                     ; 13.1                                                      ; --            ; altera_merlin_slave_translator               ; --         ;
; IP_TOOL_VERSION                     ; 13.1                                                      ; --            ; altera_reset_controller                      ; --         ;
; MAX_CORE_JUNCTION_TEMP              ; 85                                                        ; --            ; --                                           ; --         ;
; MIN_CORE_JUNCTION_TEMP              ; 0                                                         ; --            ; --                                           ; --         ;
; MISC_FILE                           ; SoC_new/synthesis/../../SoC_new.cmp                       ; --            ; --                                           ; --         ;
; MISC_FILE                           ; SoC_new/synthesis/../../SoC_new.qsys                      ; --            ; --                                           ; --         ;
; PARTITION_COLOR                     ; 16764057                                                  ; --            ; --                                           ; Top        ;
; PARTITION_FITTER_PRESERVATION_LEVEL ; PLACEMENT_AND_ROUTING                                     ; --            ; --                                           ; Top        ;
; PARTITION_NETLIST_TYPE              ; SOURCE                                                    ; --            ; --                                           ; Top        ;
; POWER_BOARD_THERMAL_MODEL           ; None (CONSERVATIVE)                                       ; --            ; --                                           ; --         ;
; POWER_PRESET_COOLING_SOLUTION       ; 23 MM HEAT SINK WITH 200 LFPM AIRFLOW                     ; --            ; --                                           ; --         ;
; PROJECT_OUTPUT_DIRECTORY            ; output_files                                              ; --            ; --                                           ; --         ;
; SLD_FILE                            ; SoC_new/synthesis/SoC_new.regmap                          ; --            ; --                                           ; --         ;
; SLD_FILE                            ; SoC_new/synthesis/SoC_new.debuginfo                       ; --            ; --                                           ; --         ;
; SLD_INFO                            ; QSYS_NAME SoC_new HAS_SOPCINFO 1 GENERATION_ID 1710693948 ; --            ; SoC_new                                      ; --         ;
; SOPCINFO_FILE                       ; SoC_new/synthesis/../../SoC_new.sopcinfo                  ; --            ; --                                           ; --         ;
; SYNTHESIS_ONLY_QIP                  ; On                                                        ; --            ; --                                           ; --         ;
+-------------------------------------+-----------------------------------------------------------+---------------+----------------------------------------------+------------+


+----------------------------------------------------------------------------------------------------------------------------+
; Flow Elapsed Time                                                                                                          ;
+------------------------+--------------+-------------------------+---------------------+------------------------------------+
; Module Name            ; Elapsed Time ; Average Processors Used ; Peak Virtual Memory ; Total CPU Time (on all processors) ;
+------------------------+--------------+-------------------------+---------------------+------------------------------------+
; Analysis & Elaboration ; 00:00:23     ; 1.0                     ; 4732 MB             ; 00:00:10                           ;
; Total                  ; 00:00:23     ; --                      ; --                  ; 00:00:10                           ;
+------------------------+--------------+-------------------------+---------------------+------------------------------------+


+-------------------------------------------------------------------------------------+
; Flow OS Summary                                                                     ;
+------------------------+------------------+-----------+------------+----------------+
; Module Name            ; Machine Hostname ; OS Name   ; OS Version ; Processor type ;
+------------------------+------------------+-----------+------------+----------------+
; Analysis & Elaboration ; DESKTOP-RBNRQ6I  ; Windows 7 ; 6.2        ; x86_64         ;
+------------------------+------------------+-----------+------------+----------------+


------------
; Flow Log ;
------------
quartus_map --read_settings_files=on --write_settings_files=off FirstSoC -c TopLevel --analysis_and_elaboration



