Info: Starting: Create block symbol file (.bsf)
Info: ip-generate --project-directory=E:/Education/Academic/workspaces/co503_labs/lab01/ --output-directory=E:/Education/Academic/workspaces/co503_labs/lab01/SoC_new/ --report-file=bsf:E:/Education/Academic/workspaces/co503_labs/lab01/SoC_new.bsf --system-info=DEVICE_FAMILY="Cyclone IV E" --system-info=DEVICE=EP4CE115F29C7 --system-info=DEVICE_SPEEDGRADE=7 --component-file=E:/Education/Academic/workspaces/co503_labs/lab01/SoC_new.qsys
Progress: Loading lab01/SoC_new.qsys
Progress: Reading input file
Progress: Adding clock [clock_source 13.1]
Progress: Parameterizing module clock
Progress: Adding onchip_mem [altera_avalon_onchip_memory2 13.1]
Progress: Parameterizing module onchip_mem
Progress: Adding cpu [altera_nios2_qsys 13.1]
Progress: Parameterizing module cpu
Progress: Adding jtag_uart [altera_avalon_jtag_uart 13.1]
Progress: Parameterizing module jtag_uart
Progress: Adding timer [altera_avalon_timer 13.1]
Progress: Parameterizing module timer
Progress: Adding sysid [altera_avalon_sysid_qsys 13.1]
Progress: Parameterizing module sysid
Progress: Adding led_out [altera_avalon_pio 13.1]
Progress: Parameterizing module led_out
Progress: Building connections
Progress: Parameterizing connections
Progress: Validating
Progress: Done reading input file
Info: SoC_new.sysid: System ID is not assigned automatically. Edit the System ID parameter to provide a unique ID
Info: SoC_new.sysid: Time stamp will be automatically updated when this component is generated.
Info: ip-generate succeeded.
Info: Finished: Create block symbol file (.bsf)
Info: 
Info: Starting: Create HDL design files for synthesis
Info: ip-generate --project-directory=E:/Education/Academic/workspaces/co503_labs/lab01/ --output-directory=E:/Education/Academic/workspaces/co503_labs/lab01/SoC_new/synthesis/ --file-set=QUARTUS_SYNTH --report-file=html:E:/Education/Academic/workspaces/co503_labs/lab01/SoC_new.html --report-file=sopcinfo:E:/Education/Academic/workspaces/co503_labs/lab01/SoC_new.sopcinfo --report-file=cmp:E:/Education/Academic/workspaces/co503_labs/lab01/SoC_new.cmp --report-file=qip:E:/Education/Academic/workspaces/co503_labs/lab01/SoC_new/synthesis/SoC_new.qip --report-file=svd --report-file=regmap:E:/Education/Academic/workspaces/co503_labs/lab01/SoC_new/synthesis/SoC_new.regmap --report-file=debuginfo:E:/Education/Academic/workspaces/co503_labs/lab01/SoC_new/synthesis/SoC_new.debuginfo --system-info=DEVICE_FAMILY="Cyclone IV E" --system-info=DEVICE=EP4CE115F29C7 --system-info=DEVICE_SPEEDGRADE=7 --component-file=E:/Education/Academic/workspaces/co503_labs/lab01/SoC_new.qsys --language=VERILOG
Progress: Loading lab01/SoC_new.qsys
Progress: Reading input file
Progress: Adding clock [clock_source 13.1]
Progress: Parameterizing module clock
Progress: Adding onchip_mem [altera_avalon_onchip_memory2 13.1]
Progress: Parameterizing module onchip_mem
Progress: Adding cpu [altera_nios2_qsys 13.1]
Progress: Parameterizing module cpu
Progress: Adding jtag_uart [altera_avalon_jtag_uart 13.1]
Progress: Parameterizing module jtag_uart
Progress: Adding timer [altera_avalon_timer 13.1]
Progress: Parameterizing module timer
Progress: Adding sysid [altera_avalon_sysid_qsys 13.1]
Progress: Parameterizing module sysid
Progress: Adding led_out [altera_avalon_pio 13.1]
Progress: Parameterizing module led_out
Progress: Building connections
Progress: Parameterizing connections
Progress: Validating
Progress: Done reading input file
Info: SoC_new.sysid: System ID is not assigned automatically. Edit the System ID parameter to provide a unique ID
Info: SoC_new.sysid: Time stamp will be automatically updated when this component is generated.
Info: SoC_new: Generating SoC_new "SoC_new" for QUARTUS_SYNTH
Info: pipeline_bridge_swap_transform: After transform: 7 modules, 27 connections
Info: No custom instruction connections, skipping transform 
Info: merlin_initial_interconnect_transform: After transform: 7 modules, 25 connections
Info: merlin_translator_transform: After transform: 15 modules, 56 connections
Info: merlin_domain_transform: After transform: 30 modules, 153 connections
Info: merlin_router_transform: After transform: 38 modules, 184 connections
Info: merlin_network_to_switch_transform: After transform: 53 modules, 223 connections
Info: merlin_clock_and_reset_bridge_transform: After transform: 56 modules, 278 connections
Info: merlin_hierarchy_transform: After transform: 8 modules, 31 connections
Info: merlin_mm_transform: After transform: 8 modules, 31 connections
Info: merlin_interrupt_mapper_transform: After transform: 9 modules, 35 connections
Info: reset_adaptation_transform: After transform: 12 modules, 39 connections
Info: onchip_mem: Starting RTL generation for module 'SoC_new_onchip_mem'
Info: onchip_mem:   Generation command is [exec F:/altera/quartus/bin/perl/bin/perl.exe -I F:/altera/quartus/bin/perl/lib -I F:/altera/quartus/sopc_builder/bin/europa -I F:/altera/quartus/sopc_builder/bin/perl_lib -I F:/altera/quartus/sopc_builder/bin -I F:/altera/quartus/../ip/altera/sopc_builder_ip/common -I F:/altera/quartus/../ip/altera/sopc_builder_ip/altera_avalon_onchip_memory2 -- F:/altera/quartus/../ip/altera/sopc_builder_ip/altera_avalon_onchip_memory2/generate_rtl.pl --name=SoC_new_onchip_mem --dir=C:/Users/kanis/AppData/Local/Temp/alt9799_5017200670275091366.dir/0026_onchip_mem_gen/ --quartus_dir=F:/altera/quartus --verilog --config=C:/Users/kanis/AppData/Local/Temp/alt9799_5017200670275091366.dir/0026_onchip_mem_gen//SoC_new_onchip_mem_component_configuration.pl  --do_build_sim=0  ]
Info: onchip_mem: Done RTL generation for module 'SoC_new_onchip_mem'
Info: onchip_mem: "SoC_new" instantiated altera_avalon_onchip_memory2 "onchip_mem"
Info: cpu: Starting RTL generation for module 'SoC_new_cpu'
Info: cpu:   Generation command is [exec F:/altera/quartus/bin/eperlcmd.exe -I F:/altera/quartus/bin/perl/lib -I F:/altera/quartus/sopc_builder/bin/europa -I F:/altera/quartus/sopc_builder/bin/perl_lib -I F:/altera/quartus/sopc_builder/bin -I F:/altera/quartus/../ip/altera/nios2_ip/altera_nios2/cpu_lib -I F:/altera/quartus/../ip/altera/nios2_ip/altera_nios2/nios_lib -I F:/altera/quartus/../ip/altera/nios2_ip/altera_nios2 -I F:/altera/quartus/../ip/altera/nios2_ip/altera_nios2 -- F:/altera/quartus/../ip/altera/nios2_ip/altera_nios2/generate_rtl.epl --name=SoC_new_cpu --dir=C:/Users/kanis/AppData/Local/Temp/alt9799_5017200670275091366.dir/0027_cpu_gen/ --quartus_dir=F:/altera/quartus --verilog --config=C:/Users/kanis/AppData/Local/Temp/alt9799_5017200670275091366.dir/0027_cpu_gen//SoC_new_cpu_processor_configuration.pl  --do_build_sim=0  ]
Info: cpu: # 2024.03.17 22:15:53 (*) Starting Nios II generation
Info: cpu: # 2024.03.17 22:15:53 (*)   Checking for plaintext license.
Info: cpu: # 2024.03.17 22:15:54 (*)   Couldn't query license setup in Quartus directory F:/altera/quartus
Info: cpu: # 2024.03.17 22:15:54 (*)   Defaulting to contents of LM_LICENSE_FILE environment variable
Info: cpu: # 2024.03.17 22:15:54 (*)   LM_LICENSE_FILE environment variable is empty
Info: cpu: # 2024.03.17 22:15:54 (*)   Plaintext license not found.
Info: cpu: # 2024.03.17 22:15:54 (*)   No license required to generate encrypted Nios II/e.
Info: cpu: # 2024.03.17 22:15:54 (*)   Elaborating CPU configuration settings
Info: cpu: # 2024.03.17 22:15:55 (*)   Creating all objects for CPU
Info: cpu: # 2024.03.17 22:15:56 (*)   Generating RTL from CPU objects
Info: cpu: # 2024.03.17 22:15:56 (*)   Creating plain-text RTL
Info: cpu: # 2024.03.17 22:15:58 (*) Done Nios II generation
Info: cpu: Done RTL generation for module 'SoC_new_cpu'
Info: cpu: "SoC_new" instantiated altera_nios2_qsys "cpu"
Info: jtag_uart: Starting RTL generation for module 'SoC_new_jtag_uart'
Info: jtag_uart:   Generation command is [exec F:/altera/quartus/bin/perl/bin/perl.exe -I F:/altera/quartus/bin/perl/lib -I F:/altera/quartus/sopc_builder/bin/europa -I F:/altera/quartus/sopc_builder/bin/perl_lib -I F:/altera/quartus/sopc_builder/bin -I F:/altera/quartus/../ip/altera/sopc_builder_ip/common -I F:/altera/quartus/../ip/altera/sopc_builder_ip/altera_avalon_jtag_uart -- F:/altera/quartus/../ip/altera/sopc_builder_ip/altera_avalon_jtag_uart/generate_rtl.pl --name=SoC_new_jtag_uart --dir=C:/Users/kanis/AppData/Local/Temp/alt9799_5017200670275091366.dir/0028_jtag_uart_gen/ --quartus_dir=F:/altera/quartus --verilog --config=C:/Users/kanis/AppData/Local/Temp/alt9799_5017200670275091366.dir/0028_jtag_uart_gen//SoC_new_jtag_uart_component_configuration.pl  --do_build_sim=0  ]
Info: jtag_uart: Done RTL generation for module 'SoC_new_jtag_uart'
Info: jtag_uart: "SoC_new" instantiated altera_avalon_jtag_uart "jtag_uart"
Info: timer: Starting RTL generation for module 'SoC_new_timer'
Info: timer:   Generation command is [exec F:/altera/quartus/bin//perl/bin/perl.exe -I F:/altera/quartus/bin//perl/lib -I F:/altera/quartus/sopc_builder/bin/europa -I F:/altera/quartus/sopc_builder/bin/perl_lib -I F:/altera/quartus/sopc_builder/bin -I F:/altera/quartus/../ip/altera/sopc_builder_ip/common -I F:/altera/quartus/../ip/altera/sopc_builder_ip/altera_avalon_timer -- F:/altera/quartus/../ip/altera/sopc_builder_ip/altera_avalon_timer/generate_rtl.pl --name=SoC_new_timer --dir=C:/Users/kanis/AppData/Local/Temp/alt9799_5017200670275091366.dir/0029_timer_gen/ --quartus_dir=F:/altera/quartus --verilog --config=C:/Users/kanis/AppData/Local/Temp/alt9799_5017200670275091366.dir/0029_timer_gen//SoC_new_timer_component_configuration.pl  --do_build_sim=0  ]
Info: timer: Done RTL generation for module 'SoC_new_timer'
Info: timer: "SoC_new" instantiated altera_avalon_timer "timer"
Info: sysid: "SoC_new" instantiated altera_avalon_sysid_qsys "sysid"
Info: led_out: Starting RTL generation for module 'SoC_new_led_out'
Info: led_out:   Generation command is [exec F:/altera/quartus/bin/perl/bin/perl.exe -I F:/altera/quartus/bin/perl/lib -I F:/altera/quartus/sopc_builder/bin/europa -I F:/altera/quartus/sopc_builder/bin/perl_lib -I F:/altera/quartus/sopc_builder/bin -I F:/altera/quartus/../ip/altera/sopc_builder_ip/common -I F:/altera/quartus/../ip/altera/sopc_builder_ip/altera_avalon_pio -- F:/altera/quartus/../ip/altera/sopc_builder_ip/altera_avalon_pio/generate_rtl.pl --name=SoC_new_led_out --dir=C:/Users/kanis/AppData/Local/Temp/alt9799_5017200670275091366.dir/0031_led_out_gen/ --quartus_dir=F:/altera/quartus --verilog --config=C:/Users/kanis/AppData/Local/Temp/alt9799_5017200670275091366.dir/0031_led_out_gen//SoC_new_led_out_component_configuration.pl  --do_build_sim=0  ]
Info: led_out: Done RTL generation for module 'SoC_new_led_out'
Info: led_out: "SoC_new" instantiated altera_avalon_pio "led_out"
Info: pipeline_bridge_swap_transform: After transform: 49 modules, 160 connections
Info: No custom instruction connections, skipping transform 
Info: merlin_initial_interconnect_transform: After transform: 0 modules, 0 connections
Info: No Avalon connections, skipping transform 
Info: merlin_hierarchy_transform: After transform: 49 modules, 160 connections
Info: merlin_initial_interconnect_transform: After transform: 0 modules, 0 connections
Info: No Avalon connections, skipping transform 
Info: merlin_hierarchy_transform: After transform: 49 modules, 160 connections
Info: merlin_initial_interconnect_transform: After transform: 0 modules, 0 connections
Info: No Avalon connections, skipping transform 
Info: merlin_hierarchy_transform: After transform: 49 modules, 160 connections
Info: merlin_initial_interconnect_transform: After transform: 0 modules, 0 connections
Info: No Avalon connections, skipping transform 
Info: merlin_hierarchy_transform: After transform: 49 modules, 160 connections
Info: merlin_initial_interconnect_transform: After transform: 0 modules, 0 connections
Info: No Avalon connections, skipping transform 
Info: merlin_hierarchy_transform: After transform: 49 modules, 160 connections
Info: merlin_initial_interconnect_transform: After transform: 0 modules, 0 connections
Info: No Avalon connections, skipping transform 
Info: merlin_hierarchy_transform: After transform: 49 modules, 160 connections
Info: merlin_initial_interconnect_transform: After transform: 0 modules, 0 connections
Info: No Avalon connections, skipping transform 
Info: merlin_hierarchy_transform: After transform: 49 modules, 160 connections
Info: merlin_initial_interconnect_transform: After transform: 0 modules, 0 connections
Info: No Avalon connections, skipping transform 
Info: merlin_hierarchy_transform: After transform: 49 modules, 160 connections
Info: mm_interconnect_0: "SoC_new" instantiated altera_merlin_interconnect_wrapper "mm_interconnect_0"
Info: irq_mapper: "SoC_new" instantiated altera_irq_mapper "irq_mapper"
Info: rst_controller: "SoC_new" instantiated altera_reset_controller "rst_controller"
Info: cpu_data_master_translator: "mm_interconnect_0" instantiated altera_merlin_master_translator "cpu_data_master_translator"
Info: cpu_jtag_debug_module_translator: "mm_interconnect_0" instantiated altera_merlin_slave_translator "cpu_jtag_debug_module_translator"
Info: cpu_data_master_translator_avalon_universal_master_0_agent: "mm_interconnect_0" instantiated altera_merlin_master_agent "cpu_data_master_translator_avalon_universal_master_0_agent"
Info: cpu_jtag_debug_module_translator_avalon_universal_slave_0_agent: "mm_interconnect_0" instantiated altera_merlin_slave_agent "cpu_jtag_debug_module_translator_avalon_universal_slave_0_agent"
Info: cpu_jtag_debug_module_translator_avalon_universal_slave_0_agent_rsp_fifo: "mm_interconnect_0" instantiated altera_avalon_sc_fifo "cpu_jtag_debug_module_translator_avalon_universal_slave_0_agent_rsp_fifo"
Info: addr_router: "mm_interconnect_0" instantiated altera_merlin_router "addr_router"
Info: addr_router_001: "mm_interconnect_0" instantiated altera_merlin_router "addr_router_001"
Info: id_router: "mm_interconnect_0" instantiated altera_merlin_router "id_router"
Info: id_router_002: "mm_interconnect_0" instantiated altera_merlin_router "id_router_002"
Info: cmd_xbar_demux: "mm_interconnect_0" instantiated altera_merlin_demultiplexer "cmd_xbar_demux"
Info: cmd_xbar_demux_001: "mm_interconnect_0" instantiated altera_merlin_demultiplexer "cmd_xbar_demux_001"
Info: cmd_xbar_mux: "mm_interconnect_0" instantiated altera_merlin_multiplexer "cmd_xbar_mux"
Info: cmd_xbar_mux_002: "mm_interconnect_0" instantiated altera_merlin_multiplexer "cmd_xbar_mux_002"
Info: Reusing file E:/Education/Academic/workspaces/co503_labs/lab01/SoC_new/synthesis/submodules/altera_merlin_arbitrator.sv
Info: rsp_xbar_demux_002: "mm_interconnect_0" instantiated altera_merlin_demultiplexer "rsp_xbar_demux_002"
Info: rsp_xbar_mux: "mm_interconnect_0" instantiated altera_merlin_multiplexer "rsp_xbar_mux"
Info: Reusing file E:/Education/Academic/workspaces/co503_labs/lab01/SoC_new/synthesis/submodules/altera_merlin_arbitrator.sv
Info: rsp_xbar_mux_001: "mm_interconnect_0" instantiated altera_merlin_multiplexer "rsp_xbar_mux_001"
Info: Reusing file E:/Education/Academic/workspaces/co503_labs/lab01/SoC_new/synthesis/submodules/altera_merlin_arbitrator.sv
Info: SoC_new: Done "SoC_new" with 26 modules, 40 files, 2202286 bytes
Info: ip-generate succeeded.
Info: Finished: Create HDL design files for synthesis
