Info: Starting: Create block symbol file (.bsf)
Info: ip-generate --project-directory=E:/Education/Academic/workspaces/co503_labs/lab01/ --output-directory=E:/Education/Academic/workspaces/co503_labs/lab01/SoC_old/ --report-file=bsf:E:/Education/Academic/workspaces/co503_labs/lab01/SoC_old.bsf --system-info=DEVICE_FAMILY="Cyclone IV E" --system-info=DEVICE=EP4CE115F29C7 --system-info=DEVICE_SPEEDGRADE=7 --component-file=E:/Education/Academic/workspaces/co503_labs/lab01/SoC_old.qsys
Progress: Loading lab01/SoC_old.qsys
Progress: Reading input file
Progress: Adding clock [clock_source 13.1]
Progress: Parameterizing module clock
Progress: Adding onchip_mem [altera_avalon_onchip_memory2 13.1]
Progress: Parameterizing module onchip_mem
Progress: Adding cpu [altera_nios2_qsys 13.1]
Progress: Parameterizing module cpu
Progress: Adding jtag_uart [altera_avalon_jtag_uart 13.1]
Progress: Parameterizing module jtag_uart
Progress: Adding timer [altera_avalon_timer 13.1]
Progress: Parameterizing module timer
Progress: Adding sysid [altera_avalon_sysid_qsys 13.1]
Progress: Parameterizing module sysid
Progress: Adding led_out [altera_avalon_pio 13.1]
Progress: Parameterizing module led_out
Progress: Building connections
Progress: Parameterizing connections
Progress: Validating
Progress: Done reading input file
Info: SoC_old.sysid: System ID is not assigned automatically. Edit the System ID parameter to provide a unique ID
Info: SoC_old.sysid: Time stamp will be automatically updated when this component is generated.
Info: ip-generate succeeded.
Info: Finished: Create block symbol file (.bsf)
Info: 
Info: Starting: Create HDL design files for synthesis
Info: ip-generate --project-directory=E:/Education/Academic/workspaces/co503_labs/lab01/ --output-directory=E:/Education/Academic/workspaces/co503_labs/lab01/SoC_old/synthesis/ --file-set=QUARTUS_SYNTH --report-file=html:E:/Education/Academic/workspaces/co503_labs/lab01/SoC_old.html --report-file=sopcinfo:E:/Education/Academic/workspaces/co503_labs/lab01/SoC_old.sopcinfo --report-file=cmp:E:/Education/Academic/workspaces/co503_labs/lab01/SoC_old.cmp --report-file=qip:E:/Education/Academic/workspaces/co503_labs/lab01/SoC_old/synthesis/SoC_old.qip --report-file=svd --report-file=regmap:E:/Education/Academic/workspaces/co503_labs/lab01/SoC_old/synthesis/SoC_old.regmap --report-file=debuginfo:E:/Education/Academic/workspaces/co503_labs/lab01/SoC_old/synthesis/SoC_old.debuginfo --system-info=DEVICE_FAMILY="Cyclone IV E" --system-info=DEVICE=EP4CE115F29C7 --system-info=DEVICE_SPEEDGRADE=7 --component-file=E:/Education/Academic/workspaces/co503_labs/lab01/SoC_old.qsys --language=VERILOG
Progress: Loading lab01/SoC_old.qsys
Progress: Reading input file
Progress: Adding clock [clock_source 13.1]
Progress: Parameterizing module clock
Progress: Adding onchip_mem [altera_avalon_onchip_memory2 13.1]
Progress: Parameterizing module onchip_mem
Progress: Adding cpu [altera_nios2_qsys 13.1]
Progress: Parameterizing module cpu
Progress: Adding jtag_uart [altera_avalon_jtag_uart 13.1]
Progress: Parameterizing module jtag_uart
Progress: Adding timer [altera_avalon_timer 13.1]
Progress: Parameterizing module timer
Progress: Adding sysid [altera_avalon_sysid_qsys 13.1]
Progress: Parameterizing module sysid
Progress: Adding led_out [altera_avalon_pio 13.1]
Progress: Parameterizing module led_out
Progress: Building connections
Progress: Parameterizing connections
Progress: Validating
Progress: Done reading input file
Info: SoC_old.sysid: System ID is not assigned automatically. Edit the System ID parameter to provide a unique ID
Info: SoC_old.sysid: Time stamp will be automatically updated when this component is generated.
Info: SoC_old: Generating SoC_old "SoC_old" for QUARTUS_SYNTH
Info: pipeline_bridge_swap_transform: After transform: 7 modules, 27 connections
Info: No custom instruction connections, skipping transform 
Info: merlin_initial_interconnect_transform: After transform: 7 modules, 25 connections
Info: merlin_translator_transform: After transform: 15 modules, 56 connections
Info: merlin_domain_transform: After transform: 30 modules, 153 connections
Info: merlin_router_transform: After transform: 38 modules, 184 connections
Info: merlin_traffic_limiter_transform: After transform: 39 modules, 189 connections
Info: merlin_network_to_switch_transform: After transform: 54 modules, 228 connections
Info: limiter_update_transform: After transform: 54 modules, 229 connections
Info: merlin_clock_and_reset_bridge_transform: After transform: 57 modules, 285 connections
Info: merlin_hierarchy_transform: After transform: 8 modules, 31 connections
Info: merlin_mm_transform: After transform: 8 modules, 31 connections
Info: merlin_interrupt_mapper_transform: After transform: 9 modules, 35 connections
Info: reset_adaptation_transform: After transform: 12 modules, 39 connections
Info: onchip_mem: Starting RTL generation for module 'SoC_old_onchip_mem'
Info: onchip_mem:   Generation command is [exec F:/altera/quartus/bin/perl/bin/perl.exe -I F:/altera/quartus/bin/perl/lib -I F:/altera/quartus/sopc_builder/bin/europa -I F:/altera/quartus/sopc_builder/bin/perl_lib -I F:/altera/quartus/sopc_builder/bin -I F:/altera/quartus/../ip/altera/sopc_builder_ip/common -I F:/altera/quartus/../ip/altera/sopc_builder_ip/altera_avalon_onchip_memory2 -- F:/altera/quartus/../ip/altera/sopc_builder_ip/altera_avalon_onchip_memory2/generate_rtl.pl --name=SoC_old_onchip_mem --dir=C:/Users/kanis/AppData/Local/Temp/alt9799_5017200670275091366.dir/0001_onchip_mem_gen/ --quartus_dir=F:/altera/quartus --verilog --config=C:/Users/kanis/AppData/Local/Temp/alt9799_5017200670275091366.dir/0001_onchip_mem_gen//SoC_old_onchip_mem_component_configuration.pl  --do_build_sim=0  ]
Info: onchip_mem: Done RTL generation for module 'SoC_old_onchip_mem'
Info: onchip_mem: "SoC_old" instantiated altera_avalon_onchip_memory2 "onchip_mem"
Info: cpu: Starting RTL generation for module 'SoC_old_cpu'
Info: cpu:   Generation command is [exec F:/altera/quartus/bin/eperlcmd.exe -I F:/altera/quartus/bin/perl/lib -I F:/altera/quartus/sopc_builder/bin/europa -I F:/altera/quartus/sopc_builder/bin/perl_lib -I F:/altera/quartus/sopc_builder/bin -I F:/altera/quartus/../ip/altera/nios2_ip/altera_nios2/cpu_lib -I F:/altera/quartus/../ip/altera/nios2_ip/altera_nios2/nios_lib -I F:/altera/quartus/../ip/altera/nios2_ip/altera_nios2 -I F:/altera/quartus/../ip/altera/nios2_ip/altera_nios2 -- F:/altera/quartus/../ip/altera/nios2_ip/altera_nios2/generate_rtl.epl --name=SoC_old_cpu --dir=C:/Users/kanis/AppData/Local/Temp/alt9799_5017200670275091366.dir/0002_cpu_gen/ --quartus_dir=F:/altera/quartus --verilog --config=C:/Users/kanis/AppData/Local/Temp/alt9799_5017200670275091366.dir/0002_cpu_gen//SoC_old_cpu_processor_configuration.pl  --do_build_sim=0  ]
Info: cpu: # 2024.03.17 22:13:14 (*) Starting Nios II generation
Info: cpu: # 2024.03.17 22:13:14 (*)   Checking for plaintext license.
Info: cpu: # 2024.03.17 22:13:15 (*)   Couldn't query license setup in Quartus directory F:/altera/quartus
Info: cpu: # 2024.03.17 22:13:15 (*)   Defaulting to contents of LM_LICENSE_FILE environment variable
Info: cpu: # 2024.03.17 22:13:15 (*)   LM_LICENSE_FILE environment variable is empty
Info: cpu: # 2024.03.17 22:13:15 (*)   Plaintext license not found.
Info: cpu: # 2024.03.17 22:13:15 (*)   Checking for encrypted license (non-evaluation).
Info: cpu: # 2024.03.17 22:13:17 (*)   Couldn't query license setup in Quartus directory F:/altera/quartus
Info: cpu: # 2024.03.17 22:13:17 (*)   Defaulting to contents of LM_LICENSE_FILE environment variable
Info: cpu: # 2024.03.17 22:13:17 (*)   LM_LICENSE_FILE environment variable is empty
Info: cpu: # 2024.03.17 22:13:17 (*)   Encrypted license not found.  Defaulting to OCP evaluation license (produces a time-limited SOF)
Info: cpu: # 2024.03.17 22:13:17 (*)   Elaborating CPU configuration settings
Info: cpu: # 2024.03.17 22:13:17 (*)   Creating all objects for CPU
Info: cpu: # 2024.03.17 22:13:18 (*)     Pipeline frontend
Info: cpu: # 2024.03.17 22:13:19 (*)   Generating RTL from CPU objects
Info: cpu: # 2024.03.17 22:13:21 (*)   Creating encrypted RTL
Info: cpu: # 2024.03.17 22:13:22 (*) Done Nios II generation
Info: cpu: Done RTL generation for module 'SoC_old_cpu'
Info: cpu: "SoC_old" instantiated altera_nios2_qsys "cpu"
Info: jtag_uart: Starting RTL generation for module 'SoC_old_jtag_uart'
Info: jtag_uart:   Generation command is [exec F:/altera/quartus/bin/perl/bin/perl.exe -I F:/altera/quartus/bin/perl/lib -I F:/altera/quartus/sopc_builder/bin/europa -I F:/altera/quartus/sopc_builder/bin/perl_lib -I F:/altera/quartus/sopc_builder/bin -I F:/altera/quartus/../ip/altera/sopc_builder_ip/common -I F:/altera/quartus/../ip/altera/sopc_builder_ip/altera_avalon_jtag_uart -- F:/altera/quartus/../ip/altera/sopc_builder_ip/altera_avalon_jtag_uart/generate_rtl.pl --name=SoC_old_jtag_uart --dir=C:/Users/kanis/AppData/Local/Temp/alt9799_5017200670275091366.dir/0003_jtag_uart_gen/ --quartus_dir=F:/altera/quartus --verilog --config=C:/Users/kanis/AppData/Local/Temp/alt9799_5017200670275091366.dir/0003_jtag_uart_gen//SoC_old_jtag_uart_component_configuration.pl  --do_build_sim=0  ]
Info: jtag_uart: Done RTL generation for module 'SoC_old_jtag_uart'
Info: jtag_uart: "SoC_old" instantiated altera_avalon_jtag_uart "jtag_uart"
Info: timer: Starting RTL generation for module 'SoC_old_timer'
Info: timer:   Generation command is [exec F:/altera/quartus/bin//perl/bin/perl.exe -I F:/altera/quartus/bin//perl/lib -I F:/altera/quartus/sopc_builder/bin/europa -I F:/altera/quartus/sopc_builder/bin/perl_lib -I F:/altera/quartus/sopc_builder/bin -I F:/altera/quartus/../ip/altera/sopc_builder_ip/common -I F:/altera/quartus/../ip/altera/sopc_builder_ip/altera_avalon_timer -- F:/altera/quartus/../ip/altera/sopc_builder_ip/altera_avalon_timer/generate_rtl.pl --name=SoC_old_timer --dir=C:/Users/kanis/AppData/Local/Temp/alt9799_5017200670275091366.dir/0004_timer_gen/ --quartus_dir=F:/altera/quartus --verilog --config=C:/Users/kanis/AppData/Local/Temp/alt9799_5017200670275091366.dir/0004_timer_gen//SoC_old_timer_component_configuration.pl  --do_build_sim=0  ]
Info: timer: Done RTL generation for module 'SoC_old_timer'
Info: timer: "SoC_old" instantiated altera_avalon_timer "timer"
Info: sysid: "SoC_old" instantiated altera_avalon_sysid_qsys "sysid"
Info: led_out: Starting RTL generation for module 'SoC_old_led_out'
Info: led_out:   Generation command is [exec F:/altera/quartus/bin/perl/bin/perl.exe -I F:/altera/quartus/bin/perl/lib -I F:/altera/quartus/sopc_builder/bin/europa -I F:/altera/quartus/sopc_builder/bin/perl_lib -I F:/altera/quartus/sopc_builder/bin -I F:/altera/quartus/../ip/altera/sopc_builder_ip/common -I F:/altera/quartus/../ip/altera/sopc_builder_ip/altera_avalon_pio -- F:/altera/quartus/../ip/altera/sopc_builder_ip/altera_avalon_pio/generate_rtl.pl --name=SoC_old_led_out --dir=C:/Users/kanis/AppData/Local/Temp/alt9799_5017200670275091366.dir/0006_led_out_gen/ --quartus_dir=F:/altera/quartus --verilog --config=C:/Users/kanis/AppData/Local/Temp/alt9799_5017200670275091366.dir/0006_led_out_gen//SoC_old_led_out_component_configuration.pl  --do_build_sim=0  ]
Info: led_out: Done RTL generation for module 'SoC_old_led_out'
Info: led_out: "SoC_old" instantiated altera_avalon_pio "led_out"
Info: pipeline_bridge_swap_transform: After transform: 50 modules, 165 connections
Info: No custom instruction connections, skipping transform 
Info: merlin_initial_interconnect_transform: After transform: 0 modules, 0 connections
Info: No Avalon connections, skipping transform 
Info: merlin_hierarchy_transform: After transform: 50 modules, 165 connections
Info: merlin_initial_interconnect_transform: After transform: 0 modules, 0 connections
Info: No Avalon connections, skipping transform 
Info: merlin_hierarchy_transform: After transform: 50 modules, 165 connections
Info: merlin_initial_interconnect_transform: After transform: 0 modules, 0 connections
Info: No Avalon connections, skipping transform 
Info: merlin_hierarchy_transform: After transform: 50 modules, 165 connections
Info: merlin_initial_interconnect_transform: After transform: 0 modules, 0 connections
Info: No Avalon connections, skipping transform 
Info: merlin_hierarchy_transform: After transform: 50 modules, 165 connections
Info: merlin_initial_interconnect_transform: After transform: 0 modules, 0 connections
Info: No Avalon connections, skipping transform 
Info: merlin_hierarchy_transform: After transform: 50 modules, 165 connections
Info: merlin_initial_interconnect_transform: After transform: 0 modules, 0 connections
Info: No Avalon connections, skipping transform 
Info: merlin_hierarchy_transform: After transform: 50 modules, 165 connections
Info: merlin_initial_interconnect_transform: After transform: 0 modules, 0 connections
Info: No Avalon connections, skipping transform 
Info: merlin_hierarchy_transform: After transform: 50 modules, 165 connections
Info: merlin_initial_interconnect_transform: After transform: 0 modules, 0 connections
Info: No Avalon connections, skipping transform 
Info: merlin_hierarchy_transform: After transform: 50 modules, 165 connections
Info: mm_interconnect_0: "SoC_old" instantiated altera_merlin_interconnect_wrapper "mm_interconnect_0"
Info: irq_mapper: "SoC_old" instantiated altera_irq_mapper "irq_mapper"
Info: rst_controller: "SoC_old" instantiated altera_reset_controller "rst_controller"
Info: cpu_data_master_translator: "mm_interconnect_0" instantiated altera_merlin_master_translator "cpu_data_master_translator"
Info: cpu_jtag_debug_module_translator: "mm_interconnect_0" instantiated altera_merlin_slave_translator "cpu_jtag_debug_module_translator"
Info: cpu_data_master_translator_avalon_universal_master_0_agent: "mm_interconnect_0" instantiated altera_merlin_master_agent "cpu_data_master_translator_avalon_universal_master_0_agent"
Info: cpu_jtag_debug_module_translator_avalon_universal_slave_0_agent: "mm_interconnect_0" instantiated altera_merlin_slave_agent "cpu_jtag_debug_module_translator_avalon_universal_slave_0_agent"
Info: cpu_jtag_debug_module_translator_avalon_universal_slave_0_agent_rsp_fifo: "mm_interconnect_0" instantiated altera_avalon_sc_fifo "cpu_jtag_debug_module_translator_avalon_universal_slave_0_agent_rsp_fifo"
Info: addr_router: "mm_interconnect_0" instantiated altera_merlin_router "addr_router"
Info: addr_router_001: "mm_interconnect_0" instantiated altera_merlin_router "addr_router_001"
Info: id_router: "mm_interconnect_0" instantiated altera_merlin_router "id_router"
Info: id_router_002: "mm_interconnect_0" instantiated altera_merlin_router "id_router_002"
Info: limiter: "mm_interconnect_0" instantiated altera_merlin_traffic_limiter "limiter"
Info: Reusing file E:/Education/Academic/workspaces/co503_labs/lab01/SoC_old/synthesis/submodules/altera_avalon_sc_fifo.v
Info: cmd_xbar_demux: "mm_interconnect_0" instantiated altera_merlin_demultiplexer "cmd_xbar_demux"
Info: cmd_xbar_demux_001: "mm_interconnect_0" instantiated altera_merlin_demultiplexer "cmd_xbar_demux_001"
Info: cmd_xbar_mux: "mm_interconnect_0" instantiated altera_merlin_multiplexer "cmd_xbar_mux"
Info: cmd_xbar_mux_002: "mm_interconnect_0" instantiated altera_merlin_multiplexer "cmd_xbar_mux_002"
Info: Reusing file E:/Education/Academic/workspaces/co503_labs/lab01/SoC_old/synthesis/submodules/altera_merlin_arbitrator.sv
Info: rsp_xbar_demux: "mm_interconnect_0" instantiated altera_merlin_demultiplexer "rsp_xbar_demux"
Info: rsp_xbar_demux_002: "mm_interconnect_0" instantiated altera_merlin_demultiplexer "rsp_xbar_demux_002"
Info: rsp_xbar_mux: "mm_interconnect_0" instantiated altera_merlin_multiplexer "rsp_xbar_mux"
Info: Reusing file E:/Education/Academic/workspaces/co503_labs/lab01/SoC_old/synthesis/submodules/altera_merlin_arbitrator.sv
Info: rsp_xbar_mux_001: "mm_interconnect_0" instantiated altera_merlin_multiplexer "rsp_xbar_mux_001"
Info: Reusing file E:/Education/Academic/workspaces/co503_labs/lab01/SoC_old/synthesis/submodules/altera_merlin_arbitrator.sv
Info: SoC_old: Done "SoC_old" with 28 modules, 46 files, 2364797 bytes
Info: ip-generate succeeded.
Info: Finished: Create HDL design files for synthesis
