#! /c/Source/iverilog-install/bin/vvp
:ivl_version "12.0 (devel)" "(s20150603-1539-g2693dd32b)";
:ivl_delay_selection "TYPICAL";
:vpi_time_precision - 12;
:vpi_module "F:\iverilog\lib\ivl\system.vpi";
:vpi_module "F:\iverilog\lib\ivl\vhdl_sys.vpi";
:vpi_module "F:\iverilog\lib\ivl\vhdl_textio.vpi";
:vpi_module "F:\iverilog\lib\ivl\v2005_math.vpi";
:vpi_module "F:\iverilog\lib\ivl\va_math.vpi";
S_00000225e952cea0 .scope module, "DCT_Custom_Instruction_tb" "DCT_Custom_Instruction_tb" 2 5;
 .timescale -9 -12;
v00000225e959f600_0 .var "clk", 0 0;
v00000225e959f740_0 .var "clk_en", 0 0;
v00000225e959e840_0 .var/s "dataa", 31 0;
v00000225e959fd80_0 .net "done", 0 0, L_00000225e96004c0;  1 drivers
v00000225e959f7e0_0 .var "n", 4 0;
v00000225e959f9c0_0 .var "reset", 0 0;
v00000225e959fb00_0 .net/s "result", 31 0, v00000225e9594570_0;  1 drivers
v00000225e959fe20_0 .var "start", 0 0;
E_00000225e94dcad0 .event anyedge, v00000225e959eac0_0;
S_00000225e95213e0 .scope module, "dut" "DCT_Custom_Instruction" 2 18, 3 2 0, S_00000225e952cea0;
 .timescale -9 -12;
    .port_info 0 /INPUT 1 "clk";
    .port_info 1 /INPUT 1 "reset";
    .port_info 2 /INPUT 32 "dataa";
    .port_info 3 /INPUT 5 "n";
    .port_info 4 /INPUT 1 "clk_en";
    .port_info 5 /INPUT 1 "start";
    .port_info 6 /OUTPUT 1 "done";
    .port_info 7 /OUTPUT 32 "result";
P_00000225e94ced20 .param/l "c1" 0 3 11, +C4<00000000000000000000010110001100>;
P_00000225e94ced58 .param/l "c2" 0 3 12, +C4<00000000000000000000010100111010>;
P_00000225e94ced90 .param/l "c3" 0 3 13, +C4<00000000000000000000010010110100>;
P_00000225e94cedc8 .param/l "c5" 0 3 14, +C4<00000000000000000000001100100101>;
P_00000225e94cee00 .param/l "c6" 0 3 15, +C4<00000000000000000000001000101010>;
P_00000225e94cee38 .param/l "c7" 0 3 16, +C4<00000000000000000000000100011011>;
P_00000225e94cee70 .param/l "s1" 0 3 17, +C4<00000000000000000000000000000011>;
P_00000225e94ceea8 .param/l "s2" 0 3 18, +C4<00000000000000000000000000001010>;
P_00000225e94ceee0 .param/l "s3" 0 3 19, +C4<00000000000000000000000000001101>;
L_00000225e9525910 .functor AND 1, L_00000225e959eb60, v00000225e959fe20_0, C4<1>, C4<1>;
v00000225e9599850_0 .net *"_ivl_0", 31 0, L_00000225e959fba0;  1 drivers
L_00000225e95a0950 .functor BUFT 1, C4<00000000000000000000000000001001>, C4<0>, C4<0>, C4<0>;
v00000225e95989f0_0 .net/2u *"_ivl_100", 31 0, L_00000225e95a0950;  1 drivers
v00000225e9599710_0 .net *"_ivl_102", 0 0, L_00000225e95f8d70;  1 drivers
L_00000225e95a0998 .functor BUFT 1, C4<0001>, C4<0>, C4<0>, C4<0>;
v00000225e9598310_0 .net/2u *"_ivl_104", 3 0, L_00000225e95a0998;  1 drivers
v00000225e9599b70_0 .net *"_ivl_106", 31 0, L_00000225e95f9810;  1 drivers
L_00000225e95a09e0 .functor BUFT 1, C4<000000000000000000000000000>, C4<0>, C4<0>, C4<0>;
v00000225e95992b0_0 .net *"_ivl_109", 26 0, L_00000225e95a09e0;  1 drivers
L_00000225e95a01b8 .functor BUFT 1, C4<000000000000000000000000000>, C4<0>, C4<0>, C4<0>;
v00000225e9599670_0 .net *"_ivl_11", 26 0, L_00000225e95a01b8;  1 drivers
L_00000225e95a0a28 .functor BUFT 1, C4<00000000000000000000000000001010>, C4<0>, C4<0>, C4<0>;
v00000225e95981d0_0 .net/2u *"_ivl_110", 31 0, L_00000225e95a0a28;  1 drivers
v00000225e95983b0_0 .net *"_ivl_112", 0 0, L_00000225e95f9090;  1 drivers
L_00000225e95a0a70 .functor BUFT 1, C4<0010>, C4<0>, C4<0>, C4<0>;
v00000225e9598bd0_0 .net/2u *"_ivl_114", 3 0, L_00000225e95a0a70;  1 drivers
v00000225e9598630_0 .net *"_ivl_116", 31 0, L_00000225e95f8870;  1 drivers
L_00000225e95a0ab8 .functor BUFT 1, C4<000000000000000000000000000>, C4<0>, C4<0>, C4<0>;
v00000225e9599f30_0 .net *"_ivl_119", 26 0, L_00000225e95a0ab8;  1 drivers
L_00000225e95a0200 .functor BUFT 1, C4<00000000000000000000000000000111>, C4<0>, C4<0>, C4<0>;
v00000225e95993f0_0 .net/2u *"_ivl_12", 31 0, L_00000225e95a0200;  1 drivers
L_00000225e95a0b00 .functor BUFT 1, C4<00000000000000000000000000001011>, C4<0>, C4<0>, C4<0>;
v00000225e9599490_0 .net/2u *"_ivl_120", 31 0, L_00000225e95a0b00;  1 drivers
v00000225e9599c10_0 .net *"_ivl_122", 0 0, L_00000225e95f9270;  1 drivers
L_00000225e95a0b48 .functor BUFT 1, C4<0011>, C4<0>, C4<0>, C4<0>;
v00000225e9598450_0 .net/2u *"_ivl_124", 3 0, L_00000225e95a0b48;  1 drivers
v00000225e9598db0_0 .net *"_ivl_126", 31 0, L_00000225e95f9770;  1 drivers
L_00000225e95a0b90 .functor BUFT 1, C4<000000000000000000000000000>, C4<0>, C4<0>, C4<0>;
v00000225e9599350_0 .net *"_ivl_129", 26 0, L_00000225e95a0b90;  1 drivers
L_00000225e95a0bd8 .functor BUFT 1, C4<00000000000000000000000000001100>, C4<0>, C4<0>, C4<0>;
v00000225e9598c70_0 .net/2u *"_ivl_130", 31 0, L_00000225e95a0bd8;  1 drivers
v00000225e9598130_0 .net *"_ivl_132", 0 0, L_00000225e95f85f0;  1 drivers
L_00000225e95a0c20 .functor BUFT 1, C4<0100>, C4<0>, C4<0>, C4<0>;
v00000225e95984f0_0 .net/2u *"_ivl_134", 3 0, L_00000225e95a0c20;  1 drivers
v00000225e9598590_0 .net *"_ivl_136", 31 0, L_00000225e95f98b0;  1 drivers
L_00000225e95a0c68 .functor BUFT 1, C4<000000000000000000000000000>, C4<0>, C4<0>, C4<0>;
v00000225e9599d50_0 .net *"_ivl_139", 26 0, L_00000225e95a0c68;  1 drivers
L_00000225e95a0cb0 .functor BUFT 1, C4<00000000000000000000000000001101>, C4<0>, C4<0>, C4<0>;
v00000225e9599530_0 .net/2u *"_ivl_140", 31 0, L_00000225e95a0cb0;  1 drivers
v00000225e95998f0_0 .net *"_ivl_142", 0 0, L_00000225e95f8cd0;  1 drivers
L_00000225e95a0cf8 .functor BUFT 1, C4<0101>, C4<0>, C4<0>, C4<0>;
v00000225e9599990_0 .net/2u *"_ivl_144", 3 0, L_00000225e95a0cf8;  1 drivers
v00000225e95986d0_0 .net *"_ivl_146", 31 0, L_00000225e95f8370;  1 drivers
L_00000225e95a0d40 .functor BUFT 1, C4<000000000000000000000000000>, C4<0>, C4<0>, C4<0>;
v00000225e9599210_0 .net *"_ivl_149", 26 0, L_00000225e95a0d40;  1 drivers
L_00000225e95a0d88 .functor BUFT 1, C4<00000000000000000000000000001110>, C4<0>, C4<0>, C4<0>;
v00000225e9598770_0 .net/2u *"_ivl_150", 31 0, L_00000225e95a0d88;  1 drivers
v00000225e9598f90_0 .net *"_ivl_152", 0 0, L_00000225e95f8e10;  1 drivers
L_00000225e95a0dd0 .functor BUFT 1, C4<0110>, C4<0>, C4<0>, C4<0>;
v00000225e9598a90_0 .net/2u *"_ivl_154", 3 0, L_00000225e95a0dd0;  1 drivers
v00000225e9599030_0 .net *"_ivl_156", 31 0, L_00000225e95f9bd0;  1 drivers
L_00000225e95a0e18 .functor BUFT 1, C4<000000000000000000000000000>, C4<0>, C4<0>, C4<0>;
v00000225e95990d0_0 .net *"_ivl_159", 26 0, L_00000225e95a0e18;  1 drivers
v00000225e959a780_0 .net *"_ivl_16", 31 0, L_00000225e959ff60;  1 drivers
L_00000225e95a0e60 .functor BUFT 1, C4<00000000000000000000000000001111>, C4<0>, C4<0>, C4<0>;
v00000225e959af00_0 .net/2u *"_ivl_160", 31 0, L_00000225e95a0e60;  1 drivers
v00000225e959a960_0 .net *"_ivl_162", 0 0, L_00000225e95f8910;  1 drivers
L_00000225e95a0ea8 .functor BUFT 1, C4<0111>, C4<0>, C4<0>, C4<0>;
v00000225e959bb80_0 .net/2u *"_ivl_164", 3 0, L_00000225e95a0ea8;  1 drivers
v00000225e959a820_0 .net *"_ivl_166", 31 0, L_00000225e95f8f50;  1 drivers
L_00000225e95a0ef0 .functor BUFT 1, C4<000000000000000000000000000>, C4<0>, C4<0>, C4<0>;
v00000225e959a320_0 .net *"_ivl_169", 26 0, L_00000225e95a0ef0;  1 drivers
L_00000225e95a0f38 .functor BUFT 1, C4<00000000000000000000000000010000>, C4<0>, C4<0>, C4<0>;
v00000225e959b220_0 .net/2u *"_ivl_170", 31 0, L_00000225e95a0f38;  1 drivers
v00000225e959b9a0_0 .net *"_ivl_172", 0 0, L_00000225e95f9a90;  1 drivers
L_00000225e95a0f80 .functor BUFT 1, C4<1000>, C4<0>, C4<0>, C4<0>;
v00000225e959b860_0 .net/2u *"_ivl_174", 3 0, L_00000225e95a0f80;  1 drivers
v00000225e959ab40_0 .net *"_ivl_176", 31 0, L_00000225e95f82d0;  1 drivers
L_00000225e95a0fc8 .functor BUFT 1, C4<000000000000000000000000000>, C4<0>, C4<0>, C4<0>;
v00000225e959b400_0 .net *"_ivl_179", 26 0, L_00000225e95a0fc8;  1 drivers
L_00000225e95a1010 .functor BUFT 1, C4<00000000000000000000000000010001>, C4<0>, C4<0>, C4<0>;
v00000225e959ad20_0 .net/2u *"_ivl_180", 31 0, L_00000225e95a1010;  1 drivers
v00000225e959b2c0_0 .net *"_ivl_182", 0 0, L_00000225e95f8b90;  1 drivers
L_00000225e95a1058 .functor BUFT 1, C4<1001>, C4<0>, C4<0>, C4<0>;
v00000225e959b180_0 .net/2u *"_ivl_184", 3 0, L_00000225e95a1058;  1 drivers
v00000225e959b040_0 .net *"_ivl_186", 31 0, L_00000225e95f9e50;  1 drivers
L_00000225e95a10a0 .functor BUFT 1, C4<000000000000000000000000000>, C4<0>, C4<0>, C4<0>;
v00000225e959ac80_0 .net *"_ivl_189", 26 0, L_00000225e95a10a0;  1 drivers
L_00000225e95a0248 .functor BUFT 1, C4<000000000000000000000000000>, C4<0>, C4<0>, C4<0>;
v00000225e959afa0_0 .net *"_ivl_19", 26 0, L_00000225e95a0248;  1 drivers
L_00000225e95a10e8 .functor BUFT 1, C4<00000000000000000000000000010010>, C4<0>, C4<0>, C4<0>;
v00000225e959ba40_0 .net/2u *"_ivl_190", 31 0, L_00000225e95a10e8;  1 drivers
v00000225e959bae0_0 .net *"_ivl_192", 0 0, L_00000225e95f9ef0;  1 drivers
L_00000225e95a1130 .functor BUFT 1, C4<1010>, C4<0>, C4<0>, C4<0>;
v00000225e959b360_0 .net/2u *"_ivl_194", 3 0, L_00000225e95a1130;  1 drivers
v00000225e959a280_0 .net *"_ivl_196", 31 0, L_00000225e95f9310;  1 drivers
L_00000225e95a1178 .functor BUFT 1, C4<000000000000000000000000000>, C4<0>, C4<0>, C4<0>;
v00000225e959bc20_0 .net *"_ivl_199", 26 0, L_00000225e95a1178;  1 drivers
L_00000225e95a0290 .functor BUFT 1, C4<00000000000000000000000000000001>, C4<0>, C4<0>, C4<0>;
v00000225e959abe0_0 .net/2u *"_ivl_20", 31 0, L_00000225e95a0290;  1 drivers
L_00000225e95a11c0 .functor BUFT 1, C4<00000000000000000000000000010011>, C4<0>, C4<0>, C4<0>;
v00000225e959b0e0_0 .net/2u *"_ivl_200", 31 0, L_00000225e95a11c0;  1 drivers
v00000225e959bfe0_0 .net *"_ivl_202", 0 0, L_00000225e95f9f90;  1 drivers
L_00000225e95a1208 .functor BUFT 1, C4<1011>, C4<0>, C4<0>, C4<0>;
v00000225e959adc0_0 .net/2u *"_ivl_204", 3 0, L_00000225e95a1208;  1 drivers
v00000225e959bd60_0 .net *"_ivl_206", 31 0, L_00000225e95f8690;  1 drivers
L_00000225e95a1250 .functor BUFT 1, C4<000000000000000000000000000>, C4<0>, C4<0>, C4<0>;
v00000225e959be00_0 .net *"_ivl_209", 26 0, L_00000225e95a1250;  1 drivers
L_00000225e95a1298 .functor BUFT 1, C4<00000000000000000000000000010100>, C4<0>, C4<0>, C4<0>;
v00000225e959b4a0_0 .net/2u *"_ivl_210", 31 0, L_00000225e95a1298;  1 drivers
v00000225e959bcc0_0 .net *"_ivl_212", 0 0, L_00000225e95f8a50;  1 drivers
L_00000225e95a12e0 .functor BUFT 1, C4<1100>, C4<0>, C4<0>, C4<0>;
v00000225e959bea0_0 .net/2u *"_ivl_214", 3 0, L_00000225e95a12e0;  1 drivers
v00000225e959b540_0 .net *"_ivl_216", 31 0, L_00000225e95f9d10;  1 drivers
L_00000225e95a1328 .functor BUFT 1, C4<000000000000000000000000000>, C4<0>, C4<0>, C4<0>;
v00000225e959b7c0_0 .net *"_ivl_219", 26 0, L_00000225e95a1328;  1 drivers
v00000225e959ae60_0 .net *"_ivl_22", 0 0, L_00000225e95a0000;  1 drivers
L_00000225e95a1370 .functor BUFT 1, C4<00000000000000000000000000010101>, C4<0>, C4<0>, C4<0>;
v00000225e959aa00_0 .net/2u *"_ivl_220", 31 0, L_00000225e95a1370;  1 drivers
v00000225e959b5e0_0 .net *"_ivl_222", 0 0, L_00000225e95f9950;  1 drivers
L_00000225e95a13b8 .functor BUFT 1, C4<1101>, C4<0>, C4<0>, C4<0>;
v00000225e959bf40_0 .net/2u *"_ivl_224", 3 0, L_00000225e95a13b8;  1 drivers
v00000225e959a140_0 .net *"_ivl_226", 31 0, L_00000225e95f89b0;  1 drivers
L_00000225e95a1400 .functor BUFT 1, C4<000000000000000000000000000>, C4<0>, C4<0>, C4<0>;
v00000225e959a1e0_0 .net *"_ivl_229", 26 0, L_00000225e95a1400;  1 drivers
L_00000225e95a1448 .functor BUFT 1, C4<00000000000000000000000000010110>, C4<0>, C4<0>, C4<0>;
v00000225e959b680_0 .net/2u *"_ivl_230", 31 0, L_00000225e95a1448;  1 drivers
v00000225e959b900_0 .net *"_ivl_232", 0 0, L_00000225e95f93b0;  1 drivers
L_00000225e95a1490 .functor BUFT 1, C4<1110>, C4<0>, C4<0>, C4<0>;
v00000225e959a8c0_0 .net/2u *"_ivl_234", 3 0, L_00000225e95a1490;  1 drivers
v00000225e959b720_0 .net *"_ivl_236", 31 0, L_00000225e95fa030;  1 drivers
L_00000225e95a14d8 .functor BUFT 1, C4<000000000000000000000000000>, C4<0>, C4<0>, C4<0>;
v00000225e959aaa0_0 .net *"_ivl_239", 26 0, L_00000225e95a14d8;  1 drivers
L_00000225e95a02d8 .functor BUFT 1, C4<0001>, C4<0>, C4<0>, C4<0>;
v00000225e959a3c0_0 .net/2u *"_ivl_24", 3 0, L_00000225e95a02d8;  1 drivers
L_00000225e95a1520 .functor BUFT 1, C4<00000000000000000000000000010111>, C4<0>, C4<0>, C4<0>;
v00000225e959a460_0 .net/2u *"_ivl_240", 31 0, L_00000225e95a1520;  1 drivers
v00000225e959a500_0 .net *"_ivl_242", 0 0, L_00000225e95f8eb0;  1 drivers
L_00000225e95a1568 .functor BUFT 1, C4<1111>, C4<0>, C4<0>, C4<0>;
v00000225e959a5a0_0 .net/2u *"_ivl_244", 3 0, L_00000225e95a1568;  1 drivers
L_00000225e95a15b0 .functor BUFT 1, C4<0000>, C4<0>, C4<0>, C4<0>;
v00000225e959a640_0 .net/2u *"_ivl_246", 3 0, L_00000225e95a15b0;  1 drivers
v00000225e959a6e0_0 .net *"_ivl_248", 3 0, L_00000225e95f9450;  1 drivers
v00000225e959ce70_0 .net *"_ivl_250", 3 0, L_00000225e95f8af0;  1 drivers
v00000225e959d9b0_0 .net *"_ivl_252", 3 0, L_00000225e95f9630;  1 drivers
v00000225e959d870_0 .net *"_ivl_254", 3 0, L_00000225e95f8190;  1 drivers
v00000225e959cfb0_0 .net *"_ivl_256", 3 0, L_00000225e95f9590;  1 drivers
v00000225e959dc30_0 .net *"_ivl_258", 3 0, L_00000225e95f8ff0;  1 drivers
v00000225e959dd70_0 .net *"_ivl_26", 31 0, L_00000225e959e200;  1 drivers
v00000225e959d4b0_0 .net *"_ivl_260", 3 0, L_00000225e95f9b30;  1 drivers
v00000225e959cd30_0 .net *"_ivl_262", 3 0, L_00000225e95f94f0;  1 drivers
v00000225e959cdd0_0 .net *"_ivl_264", 3 0, L_00000225e95f8230;  1 drivers
v00000225e959cf10_0 .net *"_ivl_266", 3 0, L_00000225e95f99f0;  1 drivers
v00000225e959da50_0 .net *"_ivl_268", 3 0, L_00000225e95f8410;  1 drivers
v00000225e959d050_0 .net *"_ivl_270", 3 0, L_00000225e95f84b0;  1 drivers
v00000225e959d0f0_0 .net *"_ivl_272", 3 0, L_00000225e95f8550;  1 drivers
v00000225e959db90_0 .net *"_ivl_274", 3 0, L_00000225e95f8730;  1 drivers
v00000225e959df50_0 .net *"_ivl_276", 3 0, L_00000225e95f8c30;  1 drivers
v00000225e959c6f0_0 .net *"_ivl_278", 3 0, L_00000225e95ffc00;  1 drivers
v00000225e959d190_0 .net *"_ivl_280", 3 0, L_00000225e9600560;  1 drivers
v00000225e959ca10_0 .net *"_ivl_282", 3 0, L_00000225e95ffca0;  1 drivers
v00000225e959d550_0 .net *"_ivl_284", 3 0, L_00000225e95fe9e0;  1 drivers
v00000225e959cbf0_0 .net *"_ivl_286", 3 0, L_00000225e95ff520;  1 drivers
v00000225e959d230_0 .net *"_ivl_288", 3 0, L_00000225e95ffd40;  1 drivers
L_00000225e95a0320 .functor BUFT 1, C4<000000000000000000000000000>, C4<0>, C4<0>, C4<0>;
v00000225e959d5f0_0 .net *"_ivl_29", 26 0, L_00000225e95a0320;  1 drivers
v00000225e959dff0_0 .net *"_ivl_290", 3 0, L_00000225e95fed00;  1 drivers
v00000225e959cc90_0 .net *"_ivl_294", 31 0, L_00000225e9600100;  1 drivers
L_00000225e95a15f8 .functor BUFT 1, C4<000000000000000000000000000>, C4<0>, C4<0>, C4<0>;
v00000225e959d910_0 .net *"_ivl_297", 26 0, L_00000225e95a15f8;  1 drivers
L_00000225e95a1640 .functor BUFT 1, C4<00000000000000000000000000000111>, C4<0>, C4<0>, C4<0>;
v00000225e959cb50_0 .net/2u *"_ivl_298", 31 0, L_00000225e95a1640;  1 drivers
L_00000225e95a0128 .functor BUFT 1, C4<000000000000000000000000000>, C4<0>, C4<0>, C4<0>;
v00000225e959d410_0 .net *"_ivl_3", 26 0, L_00000225e95a0128;  1 drivers
L_00000225e95a0368 .functor BUFT 1, C4<00000000000000000000000000000010>, C4<0>, C4<0>, C4<0>;
v00000225e959d2d0_0 .net/2u *"_ivl_30", 31 0, L_00000225e95a0368;  1 drivers
v00000225e959c790_0 .net *"_ivl_300", 0 0, L_00000225e95ffac0;  1 drivers
v00000225e959d690_0 .net *"_ivl_32", 0 0, L_00000225e959e2a0;  1 drivers
L_00000225e95a03b0 .functor BUFT 1, C4<0010>, C4<0>, C4<0>, C4<0>;
v00000225e959dcd0_0 .net/2u *"_ivl_34", 3 0, L_00000225e95a03b0;  1 drivers
v00000225e959de10_0 .net *"_ivl_36", 31 0, L_00000225e959e340;  1 drivers
L_00000225e95a03f8 .functor BUFT 1, C4<000000000000000000000000000>, C4<0>, C4<0>, C4<0>;
v00000225e959d370_0 .net *"_ivl_39", 26 0, L_00000225e95a03f8;  1 drivers
L_00000225e95a0170 .functor BUFT 1, C4<00000000000000000000000000001000>, C4<0>, C4<0>, C4<0>;
v00000225e959d730_0 .net/2u *"_ivl_4", 31 0, L_00000225e95a0170;  1 drivers
L_00000225e95a0440 .functor BUFT 1, C4<00000000000000000000000000000011>, C4<0>, C4<0>, C4<0>;
v00000225e959d7d0_0 .net/2u *"_ivl_40", 31 0, L_00000225e95a0440;  1 drivers
v00000225e959deb0_0 .net *"_ivl_42", 0 0, L_00000225e959e7a0;  1 drivers
L_00000225e95a0488 .functor BUFT 1, C4<0011>, C4<0>, C4<0>, C4<0>;
v00000225e959c830_0 .net/2u *"_ivl_44", 3 0, L_00000225e95a0488;  1 drivers
v00000225e959c290_0 .net *"_ivl_46", 31 0, L_00000225e959e3e0;  1 drivers
L_00000225e95a04d0 .functor BUFT 1, C4<000000000000000000000000000>, C4<0>, C4<0>, C4<0>;
v00000225e959daf0_0 .net *"_ivl_49", 26 0, L_00000225e95a04d0;  1 drivers
L_00000225e95a0518 .functor BUFT 1, C4<00000000000000000000000000000100>, C4<0>, C4<0>, C4<0>;
v00000225e959c5b0_0 .net/2u *"_ivl_50", 31 0, L_00000225e95a0518;  1 drivers
v00000225e959c150_0 .net *"_ivl_52", 0 0, L_00000225e959e520;  1 drivers
L_00000225e95a0560 .functor BUFT 1, C4<0100>, C4<0>, C4<0>, C4<0>;
v00000225e959c650_0 .net/2u *"_ivl_54", 3 0, L_00000225e95a0560;  1 drivers
v00000225e959c8d0_0 .net *"_ivl_56", 31 0, L_00000225e959e8e0;  1 drivers
L_00000225e95a05a8 .functor BUFT 1, C4<000000000000000000000000000>, C4<0>, C4<0>, C4<0>;
v00000225e959c3d0_0 .net *"_ivl_59", 26 0, L_00000225e95a05a8;  1 drivers
L_00000225e95a05f0 .functor BUFT 1, C4<00000000000000000000000000000101>, C4<0>, C4<0>, C4<0>;
v00000225e959c1f0_0 .net/2u *"_ivl_60", 31 0, L_00000225e95a05f0;  1 drivers
v00000225e959c330_0 .net *"_ivl_62", 0 0, L_00000225e959e980;  1 drivers
L_00000225e95a0638 .functor BUFT 1, C4<0101>, C4<0>, C4<0>, C4<0>;
v00000225e959c470_0 .net/2u *"_ivl_64", 3 0, L_00000225e95a0638;  1 drivers
v00000225e959c510_0 .net *"_ivl_66", 31 0, L_00000225e959ea20;  1 drivers
L_00000225e95a0680 .functor BUFT 1, C4<000000000000000000000000000>, C4<0>, C4<0>, C4<0>;
v00000225e959c970_0 .net *"_ivl_69", 26 0, L_00000225e95a0680;  1 drivers
L_00000225e95a06c8 .functor BUFT 1, C4<00000000000000000000000000000110>, C4<0>, C4<0>, C4<0>;
v00000225e959cab0_0 .net/2u *"_ivl_70", 31 0, L_00000225e95a06c8;  1 drivers
v00000225e959ec00_0 .net *"_ivl_72", 0 0, L_00000225e95f9db0;  1 drivers
L_00000225e95a0710 .functor BUFT 1, C4<0110>, C4<0>, C4<0>, C4<0>;
v00000225e959eca0_0 .net/2u *"_ivl_74", 3 0, L_00000225e95a0710;  1 drivers
v00000225e959f2e0_0 .net *"_ivl_76", 31 0, L_00000225e95f9c70;  1 drivers
L_00000225e95a0758 .functor BUFT 1, C4<000000000000000000000000000>, C4<0>, C4<0>, C4<0>;
v00000225e959ed40_0 .net *"_ivl_79", 26 0, L_00000225e95a0758;  1 drivers
v00000225e959e160_0 .net *"_ivl_8", 31 0, L_00000225e959fce0;  1 drivers
L_00000225e95a07a0 .functor BUFT 1, C4<00000000000000000000000000000111>, C4<0>, C4<0>, C4<0>;
v00000225e959f380_0 .net/2u *"_ivl_80", 31 0, L_00000225e95a07a0;  1 drivers
v00000225e959ede0_0 .net *"_ivl_82", 0 0, L_00000225e95f96d0;  1 drivers
L_00000225e95a07e8 .functor BUFT 1, C4<0111>, C4<0>, C4<0>, C4<0>;
v00000225e959f560_0 .net/2u *"_ivl_84", 3 0, L_00000225e95a07e8;  1 drivers
v00000225e959ee80_0 .net *"_ivl_86", 31 0, L_00000225e95f9130;  1 drivers
L_00000225e95a0830 .functor BUFT 1, C4<000000000000000000000000000>, C4<0>, C4<0>, C4<0>;
v00000225e959ef20_0 .net *"_ivl_89", 26 0, L_00000225e95a0830;  1 drivers
L_00000225e95a0878 .functor BUFT 1, C4<00000000000000000000000000001000>, C4<0>, C4<0>, C4<0>;
v00000225e959efc0_0 .net/2u *"_ivl_90", 31 0, L_00000225e95a0878;  1 drivers
v00000225e959fa60_0 .net *"_ivl_92", 0 0, L_00000225e95f87d0;  1 drivers
L_00000225e95a08c0 .functor BUFT 1, C4<0000>, C4<0>, C4<0>, C4<0>;
v00000225e959f060_0 .net/2u *"_ivl_94", 3 0, L_00000225e95a08c0;  1 drivers
v00000225e959f920_0 .net *"_ivl_96", 31 0, L_00000225e95f91d0;  1 drivers
L_00000225e95a0908 .functor BUFT 1, C4<000000000000000000000000000>, C4<0>, C4<0>, C4<0>;
v00000225e959e5c0_0 .net *"_ivl_99", 26 0, L_00000225e95a0908;  1 drivers
v00000225e959f6a0_0 .net "address", 3 0, L_00000225e95ff340;  1 drivers
v00000225e959f880_0 .net "clk", 0 0, v00000225e959f600_0;  1 drivers
v00000225e959e480_0 .net "clk_en", 0 0, v00000225e959f740_0;  1 drivers
v00000225e959f100_0 .net/s "dataa", 31 0, v00000225e959e840_0;  1 drivers
v00000225e959eac0_0 .net "done", 0 0, L_00000225e96004c0;  alias, 1 drivers
v00000225e959f1a0_0 .var "done_delay", 0 0;
v00000225e959e700_0 .net "n", 4 0, v00000225e959f7e0_0;  1 drivers
v00000225e959fc40_0 .net "read", 0 0, L_00000225e959fec0;  1 drivers
v00000225e959f240_0 .net "reset", 0 0, v00000225e959f9c0_0;  1 drivers
v00000225e959f420_0 .net/s "result", 31 0, v00000225e9594570_0;  alias, 1 drivers
v00000225e959e660_0 .net "start", 0 0, v00000225e959fe20_0;  1 drivers
v00000225e959f4c0_0 .net "write", 0 0, L_00000225e959eb60;  1 drivers
L_00000225e959fba0 .concat [ 5 27 0 0], v00000225e959f7e0_0, L_00000225e95a0128;
L_00000225e959eb60 .cmp/gt 32, L_00000225e95a0170, L_00000225e959fba0;
L_00000225e959fce0 .concat [ 5 27 0 0], v00000225e959f7e0_0, L_00000225e95a01b8;
L_00000225e959fec0 .cmp/gt 32, L_00000225e959fce0, L_00000225e95a0200;
L_00000225e959ff60 .concat [ 5 27 0 0], v00000225e959f7e0_0, L_00000225e95a0248;
L_00000225e95a0000 .cmp/eq 32, L_00000225e959ff60, L_00000225e95a0290;
L_00000225e959e200 .concat [ 5 27 0 0], v00000225e959f7e0_0, L_00000225e95a0320;
L_00000225e959e2a0 .cmp/eq 32, L_00000225e959e200, L_00000225e95a0368;
L_00000225e959e340 .concat [ 5 27 0 0], v00000225e959f7e0_0, L_00000225e95a03f8;
L_00000225e959e7a0 .cmp/eq 32, L_00000225e959e340, L_00000225e95a0440;
L_00000225e959e3e0 .concat [ 5 27 0 0], v00000225e959f7e0_0, L_00000225e95a04d0;
L_00000225e959e520 .cmp/eq 32, L_00000225e959e3e0, L_00000225e95a0518;
L_00000225e959e8e0 .concat [ 5 27 0 0], v00000225e959f7e0_0, L_00000225e95a05a8;
L_00000225e959e980 .cmp/eq 32, L_00000225e959e8e0, L_00000225e95a05f0;
L_00000225e959ea20 .concat [ 5 27 0 0], v00000225e959f7e0_0, L_00000225e95a0680;
L_00000225e95f9db0 .cmp/eq 32, L_00000225e959ea20, L_00000225e95a06c8;
L_00000225e95f9c70 .concat [ 5 27 0 0], v00000225e959f7e0_0, L_00000225e95a0758;
L_00000225e95f96d0 .cmp/eq 32, L_00000225e95f9c70, L_00000225e95a07a0;
L_00000225e95f9130 .concat [ 5 27 0 0], v00000225e959f7e0_0, L_00000225e95a0830;
L_00000225e95f87d0 .cmp/eq 32, L_00000225e95f9130, L_00000225e95a0878;
L_00000225e95f91d0 .concat [ 5 27 0 0], v00000225e959f7e0_0, L_00000225e95a0908;
L_00000225e95f8d70 .cmp/eq 32, L_00000225e95f91d0, L_00000225e95a0950;
L_00000225e95f9810 .concat [ 5 27 0 0], v00000225e959f7e0_0, L_00000225e95a09e0;
L_00000225e95f9090 .cmp/eq 32, L_00000225e95f9810, L_00000225e95a0a28;
L_00000225e95f8870 .concat [ 5 27 0 0], v00000225e959f7e0_0, L_00000225e95a0ab8;
L_00000225e95f9270 .cmp/eq 32, L_00000225e95f8870, L_00000225e95a0b00;
L_00000225e95f9770 .concat [ 5 27 0 0], v00000225e959f7e0_0, L_00000225e95a0b90;
L_00000225e95f85f0 .cmp/eq 32, L_00000225e95f9770, L_00000225e95a0bd8;
L_00000225e95f98b0 .concat [ 5 27 0 0], v00000225e959f7e0_0, L_00000225e95a0c68;
L_00000225e95f8cd0 .cmp/eq 32, L_00000225e95f98b0, L_00000225e95a0cb0;
L_00000225e95f8370 .concat [ 5 27 0 0], v00000225e959f7e0_0, L_00000225e95a0d40;
L_00000225e95f8e10 .cmp/eq 32, L_00000225e95f8370, L_00000225e95a0d88;
L_00000225e95f9bd0 .concat [ 5 27 0 0], v00000225e959f7e0_0, L_00000225e95a0e18;
L_00000225e95f8910 .cmp/eq 32, L_00000225e95f9bd0, L_00000225e95a0e60;
L_00000225e95f8f50 .concat [ 5 27 0 0], v00000225e959f7e0_0, L_00000225e95a0ef0;
L_00000225e95f9a90 .cmp/eq 32, L_00000225e95f8f50, L_00000225e95a0f38;
L_00000225e95f82d0 .concat [ 5 27 0 0], v00000225e959f7e0_0, L_00000225e95a0fc8;
L_00000225e95f8b90 .cmp/eq 32, L_00000225e95f82d0, L_00000225e95a1010;
L_00000225e95f9e50 .concat [ 5 27 0 0], v00000225e959f7e0_0, L_00000225e95a10a0;
L_00000225e95f9ef0 .cmp/eq 32, L_00000225e95f9e50, L_00000225e95a10e8;
L_00000225e95f9310 .concat [ 5 27 0 0], v00000225e959f7e0_0, L_00000225e95a1178;
L_00000225e95f9f90 .cmp/eq 32, L_00000225e95f9310, L_00000225e95a11c0;
L_00000225e95f8690 .concat [ 5 27 0 0], v00000225e959f7e0_0, L_00000225e95a1250;
L_00000225e95f8a50 .cmp/eq 32, L_00000225e95f8690, L_00000225e95a1298;
L_00000225e95f9d10 .concat [ 5 27 0 0], v00000225e959f7e0_0, L_00000225e95a1328;
L_00000225e95f9950 .cmp/eq 32, L_00000225e95f9d10, L_00000225e95a1370;
L_00000225e95f89b0 .concat [ 5 27 0 0], v00000225e959f7e0_0, L_00000225e95a1400;
L_00000225e95f93b0 .cmp/eq 32, L_00000225e95f89b0, L_00000225e95a1448;
L_00000225e95fa030 .concat [ 5 27 0 0], v00000225e959f7e0_0, L_00000225e95a14d8;
L_00000225e95f8eb0 .cmp/eq 32, L_00000225e95fa030, L_00000225e95a1520;
L_00000225e95f9450 .functor MUXZ 4, L_00000225e95a15b0, L_00000225e95a1568, L_00000225e95f8eb0, C4<>;
L_00000225e95f8af0 .functor MUXZ 4, L_00000225e95f9450, L_00000225e95a1490, L_00000225e95f93b0, C4<>;
L_00000225e95f9630 .functor MUXZ 4, L_00000225e95f8af0, L_00000225e95a13b8, L_00000225e95f9950, C4<>;
L_00000225e95f8190 .functor MUXZ 4, L_00000225e95f9630, L_00000225e95a12e0, L_00000225e95f8a50, C4<>;
L_00000225e95f9590 .functor MUXZ 4, L_00000225e95f8190, L_00000225e95a1208, L_00000225e95f9f90, C4<>;
L_00000225e95f8ff0 .functor MUXZ 4, L_00000225e95f9590, L_00000225e95a1130, L_00000225e95f9ef0, C4<>;
L_00000225e95f9b30 .functor MUXZ 4, L_00000225e95f8ff0, L_00000225e95a1058, L_00000225e95f8b90, C4<>;
L_00000225e95f94f0 .functor MUXZ 4, L_00000225e95f9b30, L_00000225e95a0f80, L_00000225e95f9a90, C4<>;
L_00000225e95f8230 .functor MUXZ 4, L_00000225e95f94f0, L_00000225e95a0ea8, L_00000225e95f8910, C4<>;
L_00000225e95f99f0 .functor MUXZ 4, L_00000225e95f8230, L_00000225e95a0dd0, L_00000225e95f8e10, C4<>;
L_00000225e95f8410 .functor MUXZ 4, L_00000225e95f99f0, L_00000225e95a0cf8, L_00000225e95f8cd0, C4<>;
L_00000225e95f84b0 .functor MUXZ 4, L_00000225e95f8410, L_00000225e95a0c20, L_00000225e95f85f0, C4<>;
L_00000225e95f8550 .functor MUXZ 4, L_00000225e95f84b0, L_00000225e95a0b48, L_00000225e95f9270, C4<>;
L_00000225e95f8730 .functor MUXZ 4, L_00000225e95f8550, L_00000225e95a0a70, L_00000225e95f9090, C4<>;
L_00000225e95f8c30 .functor MUXZ 4, L_00000225e95f8730, L_00000225e95a0998, L_00000225e95f8d70, C4<>;
L_00000225e95ffc00 .functor MUXZ 4, L_00000225e95f8c30, L_00000225e95a08c0, L_00000225e95f87d0, C4<>;
L_00000225e9600560 .functor MUXZ 4, L_00000225e95ffc00, L_00000225e95a07e8, L_00000225e95f96d0, C4<>;
L_00000225e95ffca0 .functor MUXZ 4, L_00000225e9600560, L_00000225e95a0710, L_00000225e95f9db0, C4<>;
L_00000225e95fe9e0 .functor MUXZ 4, L_00000225e95ffca0, L_00000225e95a0638, L_00000225e959e980, C4<>;
L_00000225e95ff520 .functor MUXZ 4, L_00000225e95fe9e0, L_00000225e95a0560, L_00000225e959e520, C4<>;
L_00000225e95ffd40 .functor MUXZ 4, L_00000225e95ff520, L_00000225e95a0488, L_00000225e959e7a0, C4<>;
L_00000225e95fed00 .functor MUXZ 4, L_00000225e95ffd40, L_00000225e95a03b0, L_00000225e959e2a0, C4<>;
L_00000225e95ff340 .functor MUXZ 4, L_00000225e95fed00, L_00000225e95a02d8, L_00000225e95a0000, C4<>;
L_00000225e9600100 .concat [ 5 27 0 0], v00000225e959f7e0_0, L_00000225e95a15f8;
L_00000225e95ffac0 .cmp/gt 32, L_00000225e9600100, L_00000225e95a1640;
L_00000225e96004c0 .functor MUXZ 1, v00000225e959fe20_0, v00000225e959f1a0_0, L_00000225e95ffac0, C4<>;
S_00000225e94cef20 .scope module, "wrapper_wiring" "DCT_Component" 3 76, 4 1 0, S_00000225e95213e0;
 .timescale -9 -12;
    .port_info 0 /INPUT 1 "clk";
    .port_info 1 /INPUT 1 "reset";
    .port_info 2 /INPUT 4 "address";
    .port_info 3 /INPUT 32 "writedata";
    .port_info 4 /INPUT 1 "write";
    .port_info 5 /INPUT 1 "read";
    .port_info 6 /INPUT 1 "chipselect";
    .port_info 7 /OUTPUT 32 "readdata";
P_00000225e94c6ce0 .param/l "c1" 0 4 13, +C4<00000000000000000000010110001100>;
P_00000225e94c6d18 .param/l "c2" 0 4 14, +C4<00000000000000000000010100111010>;
P_00000225e94c6d50 .param/l "c3" 0 4 15, +C4<00000000000000000000010010110100>;
P_00000225e94c6d88 .param/l "c5" 0 4 16, +C4<00000000000000000000001100100101>;
P_00000225e94c6dc0 .param/l "c6" 0 4 17, +C4<00000000000000000000001000101010>;
P_00000225e94c6df8 .param/l "c7" 0 4 18, +C4<00000000000000000000000100011011>;
P_00000225e94c6e30 .param/l "s1" 0 4 19, +C4<00000000000000000000000000000011>;
P_00000225e94c6e68 .param/l "s2" 0 4 20, +C4<00000000000000000000000000001010>;
P_00000225e94c6ea0 .param/l "s3" 0 4 21, +C4<00000000000000000000000000001101>;
v00000225e9595c90_0 .net "address", 3 0, L_00000225e95ff340;  alias, 1 drivers
v00000225e9594b10_0 .net "chipselect", 0 0, v00000225e959f740_0;  alias, 1 drivers
v00000225e95941b0_0 .net "clk", 0 0, v00000225e959f600_0;  alias, 1 drivers
v00000225e95955b0_0 .var/s "data1", 31 0;
v00000225e9594890_0 .var/s "data2", 31 0;
v00000225e9595dd0_0 .var/s "data3", 31 0;
v00000225e9595e70_0 .var/s "data4", 31 0;
v00000225e9595b50_0 .var/s "data5", 31 0;
v00000225e9595d30_0 .var/s "data6", 31 0;
v00000225e9594d90_0 .var/s "data7", 31 0;
v00000225e9594e30_0 .var/s "data8", 31 0;
v00000225e9595f10_0 .net "read", 0 0, L_00000225e959fec0;  alias, 1 drivers
v00000225e9594570_0 .var/s "readdata", 31 0;
v00000225e9594c50_0 .net "reset", 0 0, v00000225e959f9c0_0;  alias, 1 drivers
v00000225e9594750_0 .net/s "result1", 31 0, v00000225e951a2f0_0;  1 drivers
v00000225e9595fb0_0 .net/s "result1_", 31 0, v00000225e951a430_0;  1 drivers
v00000225e9594250_0 .net/s "result2", 31 0, v00000225e9519710_0;  1 drivers
v00000225e9594390_0 .net/s "result2_", 31 0, v00000225e9595bf0_0;  1 drivers
v00000225e95942f0_0 .net/s "result3", 31 0, v00000225e9594610_0;  1 drivers
v00000225e9594430_0 .net/s "result3_", 31 0, v00000225e95951f0_0;  1 drivers
v00000225e95947f0_0 .net/s "result4", 31 0, v00000225e9595510_0;  1 drivers
v00000225e9594930_0 .net/s "result4_", 31 0, v00000225e9595a10_0;  1 drivers
v00000225e9594a70_0 .net/s "result5", 31 0, v00000225e9519350_0;  1 drivers
v00000225e9594bb0_0 .net/s "result5_", 31 0, v00000225e9519030_0;  1 drivers
v00000225e9594cf0_0 .net/s "result6", 31 0, v00000225e9595790_0;  1 drivers
v00000225e9594ed0_0 .net/s "result6_", 31 0, v00000225e9595ab0_0;  1 drivers
v00000225e9594f70_0 .net/s "result7", 31 0, v00000225e95944d0_0;  1 drivers
v00000225e95988b0_0 .net/s "result7_", 31 0, v00000225e9595830_0;  1 drivers
v00000225e9599170_0 .net/s "result8", 31 0, v00000225e9595010_0;  1 drivers
v00000225e9599fd0_0 .net/s "result8_", 31 0, v00000225e9595650_0;  1 drivers
v00000225e9599a30_0 .net "write", 0 0, L_00000225e9525910;  1 drivers
v00000225e9599ad0_0 .net/s "writedata", 31 0, v00000225e959e840_0;  alias, 1 drivers
v00000225e95995d0_0 .net/s "x0", 31 0, v00000225e951a930_0;  1 drivers
v00000225e9598270_0 .net/s "x1", 31 0, v00000225e951a9d0_0;  1 drivers
v00000225e95997b0_0 .net/s "x2", 31 0, v00000225e9519ad0_0;  1 drivers
v00000225e9599df0_0 .net/s "x3", 31 0, v00000225e951a1b0_0;  1 drivers
v00000225e9598b30_0 .net/s "x4", 31 0, v00000225e951a250_0;  1 drivers
v00000225e9598e50_0 .net/s "x5", 31 0, v00000225e9519c10_0;  1 drivers
v00000225e9599e90_0 .net/s "x5_out", 31 0, v00000225e95190d0_0;  1 drivers
v00000225e9598810_0 .net/s "x6", 31 0, v00000225e9519530_0;  1 drivers
v00000225e9598d10_0 .net/s "x7", 31 0, v00000225e951aa70_0;  1 drivers
v00000225e9598950_0 .net/s "x7_out", 31 0, v00000225e9518ef0_0;  1 drivers
v00000225e9598ef0_0 .net/s "x8", 31 0, v00000225e9519d50_0;  1 drivers
v00000225e9599cb0_0 .net/s "x8_out", 31 0, v00000225e9519fd0_0;  1 drivers
E_00000225e94dca10 .event posedge, v00000225e9594c50_0, v00000225e95941b0_0;
S_00000225e94c6ee0 .scope module, "stage1" "DCT_Stage1" 4 31, 4 174 0, S_00000225e94cef20;
 .timescale -9 -12;
    .port_info 0 /INPUT 32 "data1";
    .port_info 1 /INPUT 32 "data2";
    .port_info 2 /INPUT 32 "data3";
    .port_info 3 /INPUT 32 "data4";
    .port_info 4 /INPUT 32 "data5";
    .port_info 5 /INPUT 32 "data6";
    .port_info 6 /INPUT 32 "data7";
    .port_info 7 /INPUT 32 "data8";
    .port_info 8 /OUTPUT 32 "x0";
    .port_info 9 /OUTPUT 32 "x1";
    .port_info 10 /OUTPUT 32 "x2";
    .port_info 11 /OUTPUT 32 "x3";
    .port_info 12 /OUTPUT 32 "x5";
    .port_info 13 /OUTPUT 32 "x6";
    .port_info 14 /OUTPUT 32 "x7";
    .port_info 15 /OUTPUT 32 "x8";
v00000225e951a4d0_0 .net/s "data1", 31 0, v00000225e95955b0_0;  1 drivers
v00000225e951a890_0 .net/s "data2", 31 0, v00000225e9594890_0;  1 drivers
v00000225e9519a30_0 .net/s "data3", 31 0, v00000225e9595dd0_0;  1 drivers
v00000225e9519990_0 .net/s "data4", 31 0, v00000225e9595e70_0;  1 drivers
v00000225e951a110_0 .net/s "data5", 31 0, v00000225e9595b50_0;  1 drivers
v00000225e9519850_0 .net/s "data6", 31 0, v00000225e9595d30_0;  1 drivers
v00000225e9519df0_0 .net/s "data7", 31 0, v00000225e9594d90_0;  1 drivers
v00000225e95192b0_0 .net/s "data8", 31 0, v00000225e9594e30_0;  1 drivers
v00000225e951a930_0 .var/s "x0", 31 0;
v00000225e951a9d0_0 .var/s "x1", 31 0;
v00000225e9519ad0_0 .var/s "x2", 31 0;
v00000225e951a1b0_0 .var/s "x3", 31 0;
v00000225e9519c10_0 .var/s "x5", 31 0;
v00000225e9519530_0 .var/s "x6", 31 0;
v00000225e951aa70_0 .var/s "x7", 31 0;
v00000225e9519d50_0 .var/s "x8", 31 0;
E_00000225e94dcb90/0 .event anyedge, v00000225e951a4d0_0, v00000225e95192b0_0, v00000225e951a890_0, v00000225e9519df0_0;
E_00000225e94dcb90/1 .event anyedge, v00000225e9519a30_0, v00000225e9519850_0, v00000225e9519990_0, v00000225e951a110_0;
E_00000225e94dcb90 .event/or E_00000225e94dcb90/0, E_00000225e94dcb90/1;
S_00000225e94c4cf0 .scope module, "stage2" "DCT_Stage2" 4 37, 4 193 0, S_00000225e94cef20;
 .timescale -9 -12;
    .port_info 0 /INPUT 32 "x8";
    .port_info 1 /INPUT 32 "x5";
    .port_info 2 /INPUT 32 "x7";
    .port_info 3 /INPUT 32 "x6";
    .port_info 4 /OUTPUT 32 "x4";
    .port_info 5 /OUTPUT 32 "x5_out";
    .port_info 6 /OUTPUT 32 "x8_out";
    .port_info 7 /OUTPUT 32 "x7_out";
v00000225e951a250_0 .var/s "x4", 31 0;
v00000225e9518e50_0 .net/s "x5", 31 0, v00000225e9519c10_0;  alias, 1 drivers
v00000225e95190d0_0 .var/s "x5_out", 31 0;
v00000225e9519e90_0 .net/s "x6", 31 0, v00000225e9519530_0;  alias, 1 drivers
v00000225e951ab10_0 .net/s "x7", 31 0, v00000225e951aa70_0;  alias, 1 drivers
v00000225e9518ef0_0 .var/s "x7_out", 31 0;
v00000225e9519f30_0 .net/s "x8", 31 0, v00000225e9519d50_0;  alias, 1 drivers
v00000225e9519fd0_0 .var/s "x8_out", 31 0;
E_00000225e94dc490 .event anyedge, v00000225e9519d50_0, v00000225e9519c10_0, v00000225e951aa70_0, v00000225e9519530_0;
S_00000225e94c4e80 .scope module, "stage3" "DCT_Stage3" 4 42, 4 207 0, S_00000225e94cef20;
 .timescale -9 -12;
    .port_info 0 /INPUT 32 "x4";
    .port_info 1 /INPUT 32 "x5_out";
    .port_info 2 /OUTPUT 32 "result1";
    .port_info 3 /OUTPUT 32 "result5";
v00000225e951a2f0_0 .var/s "result1", 31 0;
v00000225e9519350_0 .var/s "result5", 31 0;
v00000225e951a390_0 .net/s "x4", 31 0, v00000225e951a250_0;  alias, 1 drivers
v00000225e9518f90_0 .net/s "x5_out", 31 0, v00000225e95190d0_0;  alias, 1 drivers
E_00000225e94dc850 .event anyedge, v00000225e951a250_0, v00000225e95190d0_0;
S_00000225e94c2510 .scope module, "stage3col" "DCT_Stage3Col" 4 47, 4 218 0, S_00000225e94cef20;
 .timescale -9 -12;
    .port_info 0 /INPUT 32 "x4";
    .port_info 1 /INPUT 32 "x5_out";
    .port_info 2 /OUTPUT 32 "result1_";
    .port_info 3 /OUTPUT 32 "result5_";
P_00000225e94c7070 .param/l "s1" 0 4 222, +C4<00000000000000000000000000000011>;
P_00000225e94c70a8 .param/l "s2" 0 4 223, +C4<00000000000000000000000000001010>;
P_00000225e94c70e0 .param/l "s3" 0 4 224, +C4<00000000000000000000000000001101>;
v00000225e951a430_0 .var/s "result1_", 31 0;
v00000225e9519030_0 .var/s "result5_", 31 0;
v00000225e95195d0_0 .net/s "x4", 31 0, v00000225e951a250_0;  alias, 1 drivers
v00000225e9519670_0 .net/s "x5_out", 31 0, v00000225e95190d0_0;  alias, 1 drivers
E_00000225e94dce90 .event anyedge, v00000225e951a250_0, v00000225e95190d0_0, v00000225e951a430_0, v00000225e9519030_0;
S_00000225e94c26a0 .scope module, "stage4" "DCT_Stage4" 4 52, 4 239 0, S_00000225e94cef20;
 .timescale -9 -12;
    .port_info 0 /INPUT 32 "x0";
    .port_info 1 /INPUT 32 "x1";
    .port_info 2 /INPUT 32 "x2";
    .port_info 3 /INPUT 32 "x3";
    .port_info 4 /INPUT 32 "x8_out";
    .port_info 5 /INPUT 32 "x7_out";
    .port_info 6 /OUTPUT 32 "result3";
    .port_info 7 /OUTPUT 32 "result7";
    .port_info 8 /OUTPUT 32 "result8";
    .port_info 9 /OUTPUT 32 "result6";
    .port_info 10 /OUTPUT 32 "result4";
    .port_info 11 /OUTPUT 32 "result2";
P_00000225e94be510 .param/l "c1" 0 4 244, +C4<00000000000000000000010110001100>;
P_00000225e94be548 .param/l "c2" 0 4 245, +C4<00000000000000000000010100111010>;
P_00000225e94be580 .param/l "c3" 0 4 246, +C4<00000000000000000000010010110100>;
P_00000225e94be5b8 .param/l "c5" 0 4 247, +C4<00000000000000000000001100100101>;
P_00000225e94be5f0 .param/l "c6" 0 4 248, +C4<00000000000000000000001000101010>;
P_00000225e94be628 .param/l "c7" 0 4 249, +C4<00000000000000000000000100011011>;
P_00000225e94be660 .param/l "s1" 0 4 250, +C4<00000000000000000000000000000011>;
P_00000225e94be698 .param/l "s2" 0 4 251, +C4<00000000000000000000000000001010>;
P_00000225e94be6d0 .param/l "s3" 0 4 252, +C4<00000000000000000000000000001101>;
v00000225e9519710_0 .var/s "result2", 31 0;
v00000225e9594610_0 .var/s "result3", 31 0;
v00000225e9595510_0 .var/s "result4", 31 0;
v00000225e9595790_0 .var/s "result6", 31 0;
v00000225e95944d0_0 .var/s "result7", 31 0;
v00000225e9595010_0 .var/s "result8", 31 0;
v00000225e9594110_0 .net/s "x0", 31 0, v00000225e951a930_0;  alias, 1 drivers
v00000225e9595150_0 .net/s "x1", 31 0, v00000225e951a9d0_0;  alias, 1 drivers
v00000225e95956f0_0 .net/s "x2", 31 0, v00000225e9519ad0_0;  alias, 1 drivers
v00000225e95949d0_0 .net/s "x3", 31 0, v00000225e951a1b0_0;  alias, 1 drivers
v00000225e95946b0_0 .net/s "x7_out", 31 0, v00000225e9518ef0_0;  alias, 1 drivers
v00000225e95950b0_0 .net/s "x8_out", 31 0, v00000225e9519fd0_0;  alias, 1 drivers
E_00000225e94dcfd0/0 .event anyedge, v00000225e9519fd0_0, v00000225e9518ef0_0, v00000225e951a930_0, v00000225e951a9d0_0;
E_00000225e94dcfd0/1 .event anyedge, v00000225e9519ad0_0, v00000225e951a1b0_0;
E_00000225e94dcfd0 .event/or E_00000225e94dcfd0/0, E_00000225e94dcfd0/1;
S_00000225e94be710 .scope module, "stage4col" "DCT_Stage4Col" 4 57, 4 266 0, S_00000225e94cef20;
 .timescale -9 -12;
    .port_info 0 /INPUT 32 "x0";
    .port_info 1 /INPUT 32 "x1";
    .port_info 2 /INPUT 32 "x2";
    .port_info 3 /INPUT 32 "x3";
    .port_info 4 /INPUT 32 "x8_out";
    .port_info 5 /INPUT 32 "x7_out";
    .port_info 6 /OUTPUT 32 "result3_";
    .port_info 7 /OUTPUT 32 "result7_";
    .port_info 8 /OUTPUT 32 "result8_";
    .port_info 9 /OUTPUT 32 "result6_";
    .port_info 10 /OUTPUT 32 "result4_";
    .port_info 11 /OUTPUT 32 "result2_";
P_00000225e94b80f0 .param/l "c1" 0 4 271, +C4<00000000000000000000010110001100>;
P_00000225e94b8128 .param/l "c2" 0 4 272, +C4<00000000000000000000010100111010>;
P_00000225e94b8160 .param/l "c3" 0 4 273, +C4<00000000000000000000010010110100>;
P_00000225e94b8198 .param/l "c5" 0 4 274, +C4<00000000000000000000001100100101>;
P_00000225e94b81d0 .param/l "c6" 0 4 275, +C4<00000000000000000000001000101010>;
P_00000225e94b8208 .param/l "c7" 0 4 276, +C4<00000000000000000000000100011011>;
P_00000225e94b8240 .param/l "s1" 0 4 277, +C4<00000000000000000000000000000011>;
P_00000225e94b8278 .param/l "s2" 0 4 278, +C4<00000000000000000000000000001010>;
P_00000225e94b82b0 .param/l "s3" 0 4 279, +C4<00000000000000000000000000001101>;
v00000225e9595bf0_0 .var/s "result2_", 31 0;
v00000225e95951f0_0 .var/s "result3_", 31 0;
v00000225e9595a10_0 .var/s "result4_", 31 0;
v00000225e9595ab0_0 .var/s "result6_", 31 0;
v00000225e9595830_0 .var/s "result7_", 31 0;
v00000225e9595650_0 .var/s "result8_", 31 0;
v00000225e95958d0_0 .net/s "x0", 31 0, v00000225e951a930_0;  alias, 1 drivers
v00000225e9595290_0 .net/s "x1", 31 0, v00000225e951a9d0_0;  alias, 1 drivers
v00000225e95953d0_0 .net/s "x2", 31 0, v00000225e9519ad0_0;  alias, 1 drivers
v00000225e9595470_0 .net/s "x3", 31 0, v00000225e951a1b0_0;  alias, 1 drivers
v00000225e9595970_0 .net/s "x7_out", 31 0, v00000225e9518ef0_0;  alias, 1 drivers
v00000225e9595330_0 .net/s "x8_out", 31 0, v00000225e9519fd0_0;  alias, 1 drivers
    .scope S_00000225e94c6ee0;
T_0 ;
    %wait E_00000225e94dcb90;
    %load/vec4 v00000225e951a4d0_0;
    %load/vec4 v00000225e95192b0_0;
    %add;
    %store/vec4 v00000225e9519d50_0, 0, 32;
    %load/vec4 v00000225e951a4d0_0;
    %load/vec4 v00000225e95192b0_0;
    %sub;
    %store/vec4 v00000225e951a930_0, 0, 32;
    %load/vec4 v00000225e951a890_0;
    %load/vec4 v00000225e9519df0_0;
    %add;
    %store/vec4 v00000225e951aa70_0, 0, 32;
    %load/vec4 v00000225e951a890_0;
    %load/vec4 v00000225e9519df0_0;
    %sub;
    %store/vec4 v00000225e951a9d0_0, 0, 32;
    %load/vec4 v00000225e9519a30_0;
    %load/vec4 v00000225e9519850_0;
    %add;
    %store/vec4 v00000225e9519530_0, 0, 32;
    %load/vec4 v00000225e9519a30_0;
    %load/vec4 v00000225e9519850_0;
    %sub;
    %store/vec4 v00000225e9519ad0_0, 0, 32;
    %load/vec4 v00000225e9519990_0;
    %load/vec4 v00000225e951a110_0;
    %add;
    %store/vec4 v00000225e9519c10_0, 0, 32;
    %load/vec4 v00000225e9519990_0;
    %load/vec4 v00000225e951a110_0;
    %sub;
    %store/vec4 v00000225e951a1b0_0, 0, 32;
    %jmp T_0;
    .thread T_0, $push;
    .scope S_00000225e94c4cf0;
T_1 ;
    %wait E_00000225e94dc490;
    %load/vec4 v00000225e9519f30_0;
    %load/vec4 v00000225e9518e50_0;
    %add;
    %store/vec4 v00000225e951a250_0, 0, 32;
    %load/vec4 v00000225e9519f30_0;
    %load/vec4 v00000225e9518e50_0;
    %sub;
    %store/vec4 v00000225e9519fd0_0, 0, 32;
    %load/vec4 v00000225e951ab10_0;
    %load/vec4 v00000225e9519e90_0;
    %add;
    %store/vec4 v00000225e95190d0_0, 0, 32;
    %load/vec4 v00000225e951ab10_0;
    %load/vec4 v00000225e9519e90_0;
    %sub;
    %store/vec4 v00000225e9518ef0_0, 0, 32;
    %jmp T_1;
    .thread T_1, $push;
    .scope S_00000225e94c4e80;
T_2 ;
    %wait E_00000225e94dc850;
    %load/vec4 v00000225e951a390_0;
    %load/vec4 v00000225e9518f90_0;
    %add;
    %store/vec4 v00000225e951a2f0_0, 0, 32;
    %load/vec4 v00000225e951a390_0;
    %load/vec4 v00000225e9518f90_0;
    %sub;
    %store/vec4 v00000225e9519350_0, 0, 32;
    %jmp T_2;
    .thread T_2, $push;
    .scope S_00000225e94c2510;
T_3 ;
    %wait E_00000225e94dce90;
    %load/vec4 v00000225e95195d0_0;
    %load/vec4 v00000225e9519670_0;
    %add;
    %ix/load 4, 3, 0;
    %flag_set/imm 4, 0;
    %shiftr/s 4;
    %store/vec4 v00000225e951a430_0, 0, 32;
    %load/vec4 v00000225e95195d0_0;
    %load/vec4 v00000225e9519670_0;
    %sub;
    %ix/load 4, 3, 0;
    %flag_set/imm 4, 0;
    %shiftr/s 4;
    %store/vec4 v00000225e9519030_0, 0, 32;
    %vpi_call 4 231 "$display", "x4 = %d, x5_out = %d\012", v00000225e95195d0_0, v00000225e9519670_0 {0 0 0};
    %load/vec4 v00000225e95195d0_0;
    %load/vec4 v00000225e9519670_0;
    %add;
    %vpi_call 4 232 "$display", "%d\012", S<0,vec4,s32> {1 0 0};
    %load/vec4 v00000225e95195d0_0;
    %load/vec4 v00000225e9519670_0;
    %add;
    %ix/load 4, 3, 0;
    %flag_set/imm 4, 0;
    %shiftr/s 4;
    %vpi_call 4 233 "$display", "%d\012", S<0,vec4,s32> {1 0 0};
    %vpi_call 4 234 "$display", "result1_ = %d, result5_ = %d", v00000225e951a430_0, v00000225e9519030_0 {0 0 0};
    %jmp T_3;
    .thread T_3, $push;
    .scope S_00000225e94c26a0;
T_4 ;
    %wait E_00000225e94dcfd0;
    %load/vec4 v00000225e95950b0_0;
    %muli 1338, 0, 32;
    %load/vec4 v00000225e95946b0_0;
    %muli 554, 0, 32;
    %add;
    %ix/load 4, 10, 0;
    %flag_set/imm 4, 0;
    %shiftr/s 4;
    %store/vec4 v00000225e9594610_0, 0, 32;
    %load/vec4 v00000225e95950b0_0;
    %muli 554, 0, 32;
    %load/vec4 v00000225e95946b0_0;
    %muli 1338, 0, 32;
    %sub;
    %ix/load 4, 10, 0;
    %flag_set/imm 4, 0;
    %shiftr/s 4;
    %store/vec4 v00000225e95944d0_0, 0, 32;
    %load/vec4 v00000225e9594110_0;
    %muli 283, 0, 32;
    %load/vec4 v00000225e9595150_0;
    %muli 805, 0, 32;
    %sub;
    %load/vec4 v00000225e95956f0_0;
    %muli 1204, 0, 32;
    %add;
    %load/vec4 v00000225e95949d0_0;
    %muli 1420, 0, 32;
    %sub;
    %ix/load 4, 10, 0;
    %flag_set/imm 4, 0;
    %shiftr/s 4;
    %store/vec4 v00000225e9595010_0, 0, 32;
    %load/vec4 v00000225e9594110_0;
    %muli 805, 0, 32;
    %load/vec4 v00000225e9595150_0;
    %muli 1420, 0, 32;
    %sub;
    %load/vec4 v00000225e95956f0_0;
    %muli 283, 0, 32;
    %add;
    %load/vec4 v00000225e95949d0_0;
    %muli 1204, 0, 32;
    %add;
    %ix/load 4, 10, 0;
    %flag_set/imm 4, 0;
    %shiftr/s 4;
    %store/vec4 v00000225e9595790_0, 0, 32;
    %load/vec4 v00000225e9594110_0;
    %muli 1204, 0, 32;
    %load/vec4 v00000225e9595150_0;
    %muli 283, 0, 32;
    %sub;
    %load/vec4 v00000225e95956f0_0;
    %muli 1420, 0, 32;
    %sub;
    %load/vec4 v00000225e95949d0_0;
    %muli 805, 0, 32;
    %sub;
    %ix/load 4, 10, 0;
    %flag_set/imm 4, 0;
    %shiftr/s 4;
    %store/vec4 v00000225e9595510_0, 0, 32;
    %load/vec4 v00000225e9594110_0;
    %muli 1420, 0, 32;
    %load/vec4 v00000225e9595150_0;
    %muli 1204, 0, 32;
    %add;
    %load/vec4 v00000225e95956f0_0;
    %muli 805, 0, 32;
    %add;
    %load/vec4 v00000225e95949d0_0;
    %muli 283, 0, 32;
    %add;
    %ix/load 4, 10, 0;
    %flag_set/imm 4, 0;
    %shiftr/s 4;
    %store/vec4 v00000225e9519710_0, 0, 32;
    %jmp T_4;
    .thread T_4, $push;
    .scope S_00000225e94be710;
T_5 ;
    %wait E_00000225e94dcfd0;
    %load/vec4 v00000225e9595330_0;
    %muli 1338, 0, 32;
    %load/vec4 v00000225e9595970_0;
    %muli 554, 0, 32;
    %add;
    %ix/load 4, 13, 0;
    %flag_set/imm 4, 0;
    %shiftr/s 4;
    %store/vec4 v00000225e95951f0_0, 0, 32;
    %load/vec4 v00000225e9595330_0;
    %muli 554, 0, 32;
    %load/vec4 v00000225e9595970_0;
    %muli 1338, 0, 32;
    %sub;
    %ix/load 4, 13, 0;
    %flag_set/imm 4, 0;
    %shiftr/s 4;
    %store/vec4 v00000225e9595830_0, 0, 32;
    %load/vec4 v00000225e95958d0_0;
    %muli 283, 0, 32;
    %load/vec4 v00000225e9595290_0;
    %muli 805, 0, 32;
    %sub;
    %load/vec4 v00000225e95953d0_0;
    %muli 1204, 0, 32;
    %add;
    %load/vec4 v00000225e9595470_0;
    %muli 1420, 0, 32;
    %sub;
    %ix/load 4, 13, 0;
    %flag_set/imm 4, 0;
    %shiftr/s 4;
    %store/vec4 v00000225e9595650_0, 0, 32;
    %load/vec4 v00000225e95958d0_0;
    %muli 805, 0, 32;
    %load/vec4 v00000225e9595290_0;
    %muli 1420, 0, 32;
    %sub;
    %load/vec4 v00000225e95953d0_0;
    %muli 283, 0, 32;
    %add;
    %load/vec4 v00000225e9595470_0;
    %muli 1204, 0, 32;
    %add;
    %ix/load 4, 13, 0;
    %flag_set/imm 4, 0;
    %shiftr/s 4;
    %store/vec4 v00000225e9595ab0_0, 0, 32;
    %load/vec4 v00000225e95958d0_0;
    %muli 1204, 0, 32;
    %load/vec4 v00000225e9595290_0;
    %muli 283, 0, 32;
    %sub;
    %load/vec4 v00000225e95953d0_0;
    %muli 1420, 0, 32;
    %sub;
    %load/vec4 v00000225e9595470_0;
    %muli 805, 0, 32;
    %sub;
    %ix/load 4, 13, 0;
    %flag_set/imm 4, 0;
    %shiftr/s 4;
    %store/vec4 v00000225e9595a10_0, 0, 32;
    %load/vec4 v00000225e95958d0_0;
    %muli 1420, 0, 32;
    %load/vec4 v00000225e9595290_0;
    %muli 1204, 0, 32;
    %add;
    %load/vec4 v00000225e95953d0_0;
    %muli 805, 0, 32;
    %add;
    %load/vec4 v00000225e9595470_0;
    %muli 283, 0, 32;
    %add;
    %ix/load 4, 13, 0;
    %flag_set/imm 4, 0;
    %shiftr/s 4;
    %store/vec4 v00000225e9595bf0_0, 0, 32;
    %jmp T_5;
    .thread T_5, $push;
    .scope S_00000225e94cef20;
T_6 ;
    %wait E_00000225e94dca10;
    %load/vec4 v00000225e9594c50_0;
    %flag_set/vec4 8;
    %jmp/0xz  T_6.0, 8;
    %pushi/vec4 0, 0, 32;
    %assign/vec4 v00000225e95955b0_0, 0;
    %pushi/vec4 0, 0, 32;
    %assign/vec4 v00000225e9594890_0, 0;
    %pushi/vec4 0, 0, 32;
    %assign/vec4 v00000225e9595dd0_0, 0;
    %pushi/vec4 0, 0, 32;
    %assign/vec4 v00000225e9595e70_0, 0;
    %pushi/vec4 0, 0, 32;
    %assign/vec4 v00000225e9595b50_0, 0;
    %pushi/vec4 0, 0, 32;
    %assign/vec4 v00000225e9595d30_0, 0;
    %pushi/vec4 0, 0, 32;
    %assign/vec4 v00000225e9594d90_0, 0;
    %pushi/vec4 0, 0, 32;
    %assign/vec4 v00000225e9594e30_0, 0;
    %pushi/vec4 0, 0, 32;
    %assign/vec4 v00000225e9594570_0, 0;
    %jmp T_6.1;
T_6.0 ;
    %load/vec4 v00000225e9599a30_0;
    %flag_set/vec4 9;
    %flag_get/vec4 9;
    %jmp/0 T_6.4, 9;
    %load/vec4 v00000225e9594b10_0;
    %and;
T_6.4;
    %flag_set/vec4 8;
    %jmp/0xz  T_6.2, 8;
    %load/vec4 v00000225e9595c90_0;
    %dup/vec4;
    %pushi/vec4 0, 0, 4;
    %cmp/u;
    %jmp/1 T_6.5, 6;
    %dup/vec4;
    %pushi/vec4 1, 0, 4;
    %cmp/u;
    %jmp/1 T_6.6, 6;
    %dup/vec4;
    %pushi/vec4 2, 0, 4;
    %cmp/u;
    %jmp/1 T_6.7, 6;
    %dup/vec4;
    %pushi/vec4 3, 0, 4;
    %cmp/u;
    %jmp/1 T_6.8, 6;
    %dup/vec4;
    %pushi/vec4 4, 0, 4;
    %cmp/u;
    %jmp/1 T_6.9, 6;
    %dup/vec4;
    %pushi/vec4 5, 0, 4;
    %cmp/u;
    %jmp/1 T_6.10, 6;
    %dup/vec4;
    %pushi/vec4 6, 0, 4;
    %cmp/u;
    %jmp/1 T_6.11, 6;
    %dup/vec4;
    %pushi/vec4 7, 0, 4;
    %cmp/u;
    %jmp/1 T_6.12, 6;
    %jmp T_6.13;
T_6.5 ;
    %load/vec4 v00000225e9599ad0_0;
    %assign/vec4 v00000225e95955b0_0, 0;
    %jmp T_6.13;
T_6.6 ;
    %load/vec4 v00000225e9599ad0_0;
    %assign/vec4 v00000225e9594890_0, 0;
    %jmp T_6.13;
T_6.7 ;
    %load/vec4 v00000225e9599ad0_0;
    %assign/vec4 v00000225e9595dd0_0, 0;
    %jmp T_6.13;
T_6.8 ;
    %load/vec4 v00000225e9599ad0_0;
    %assign/vec4 v00000225e9595e70_0, 0;
    %jmp T_6.13;
T_6.9 ;
    %load/vec4 v00000225e9599ad0_0;
    %assign/vec4 v00000225e9595b50_0, 0;
    %jmp T_6.13;
T_6.10 ;
    %load/vec4 v00000225e9599ad0_0;
    %assign/vec4 v00000225e9595d30_0, 0;
    %jmp T_6.13;
T_6.11 ;
    %load/vec4 v00000225e9599ad0_0;
    %assign/vec4 v00000225e9594d90_0, 0;
    %jmp T_6.13;
T_6.12 ;
    %load/vec4 v00000225e9599ad0_0;
    %assign/vec4 v00000225e9594e30_0, 0;
    %jmp T_6.13;
T_6.13 ;
    %pop/vec4 1;
T_6.2 ;
    %load/vec4 v00000225e9595f10_0;
    %flag_set/vec4 9;
    %flag_get/vec4 9;
    %jmp/0 T_6.16, 9;
    %load/vec4 v00000225e9594b10_0;
    %and;
T_6.16;
    %flag_set/vec4 8;
    %jmp/0xz  T_6.14, 8;
    %load/vec4 v00000225e9595c90_0;
    %dup/vec4;
    %pushi/vec4 0, 0, 4;
    %cmp/u;
    %jmp/1 T_6.17, 6;
    %dup/vec4;
    %pushi/vec4 1, 0, 4;
    %cmp/u;
    %jmp/1 T_6.18, 6;
    %dup/vec4;
    %pushi/vec4 2, 0, 4;
    %cmp/u;
    %jmp/1 T_6.19, 6;
    %dup/vec4;
    %pushi/vec4 3, 0, 4;
    %cmp/u;
    %jmp/1 T_6.20, 6;
    %dup/vec4;
    %pushi/vec4 4, 0, 4;
    %cmp/u;
    %jmp/1 T_6.21, 6;
    %dup/vec4;
    %pushi/vec4 5, 0, 4;
    %cmp/u;
    %jmp/1 T_6.22, 6;
    %dup/vec4;
    %pushi/vec4 6, 0, 4;
    %cmp/u;
    %jmp/1 T_6.23, 6;
    %dup/vec4;
    %pushi/vec4 7, 0, 4;
    %cmp/u;
    %jmp/1 T_6.24, 6;
    %dup/vec4;
    %pushi/vec4 8, 0, 4;
    %cmp/u;
    %jmp/1 T_6.25, 6;
    %dup/vec4;
    %pushi/vec4 9, 0, 4;
    %cmp/u;
    %jmp/1 T_6.26, 6;
    %dup/vec4;
    %pushi/vec4 10, 0, 4;
    %cmp/u;
    %jmp/1 T_6.27, 6;
    %dup/vec4;
    %pushi/vec4 11, 0, 4;
    %cmp/u;
    %jmp/1 T_6.28, 6;
    %dup/vec4;
    %pushi/vec4 12, 0, 4;
    %cmp/u;
    %jmp/1 T_6.29, 6;
    %dup/vec4;
    %pushi/vec4 13, 0, 4;
    %cmp/u;
    %jmp/1 T_6.30, 6;
    %dup/vec4;
    %pushi/vec4 14, 0, 4;
    %cmp/u;
    %jmp/1 T_6.31, 6;
    %dup/vec4;
    %pushi/vec4 15, 0, 4;
    %cmp/u;
    %jmp/1 T_6.32, 6;
    %jmp T_6.33;
T_6.17 ;
    %load/vec4 v00000225e9594750_0;
    %assign/vec4 v00000225e9594570_0, 0;
    %jmp T_6.33;
T_6.18 ;
    %load/vec4 v00000225e9594250_0;
    %assign/vec4 v00000225e9594570_0, 0;
    %jmp T_6.33;
T_6.19 ;
    %load/vec4 v00000225e95942f0_0;
    %assign/vec4 v00000225e9594570_0, 0;
    %jmp T_6.33;
T_6.20 ;
    %load/vec4 v00000225e95947f0_0;
    %assign/vec4 v00000225e9594570_0, 0;
    %jmp T_6.33;
T_6.21 ;
    %load/vec4 v00000225e9594a70_0;
    %assign/vec4 v00000225e9594570_0, 0;
    %jmp T_6.33;
T_6.22 ;
    %load/vec4 v00000225e9594cf0_0;
    %assign/vec4 v00000225e9594570_0, 0;
    %jmp T_6.33;
T_6.23 ;
    %load/vec4 v00000225e9594f70_0;
    %assign/vec4 v00000225e9594570_0, 0;
    %jmp T_6.33;
T_6.24 ;
    %load/vec4 v00000225e9599170_0;
    %assign/vec4 v00000225e9594570_0, 0;
    %jmp T_6.33;
T_6.25 ;
    %load/vec4 v00000225e9595fb0_0;
    %assign/vec4 v00000225e9594570_0, 0;
    %jmp T_6.33;
T_6.26 ;
    %load/vec4 v00000225e9594390_0;
    %assign/vec4 v00000225e9594570_0, 0;
    %jmp T_6.33;
T_6.27 ;
    %load/vec4 v00000225e9594430_0;
    %assign/vec4 v00000225e9594570_0, 0;
    %jmp T_6.33;
T_6.28 ;
    %load/vec4 v00000225e9594930_0;
    %assign/vec4 v00000225e9594570_0, 0;
    %jmp T_6.33;
T_6.29 ;
    %load/vec4 v00000225e9594bb0_0;
    %assign/vec4 v00000225e9594570_0, 0;
    %jmp T_6.33;
T_6.30 ;
    %load/vec4 v00000225e9594ed0_0;
    %assign/vec4 v00000225e9594570_0, 0;
    %jmp T_6.33;
T_6.31 ;
    %load/vec4 v00000225e95988b0_0;
    %assign/vec4 v00000225e9594570_0, 0;
    %jmp T_6.33;
T_6.32 ;
    %load/vec4 v00000225e9599fd0_0;
    %assign/vec4 v00000225e9594570_0, 0;
    %jmp T_6.33;
T_6.33 ;
    %pop/vec4 1;
T_6.14 ;
T_6.1 ;
    %jmp T_6;
    .thread T_6;
    .scope S_00000225e95213e0;
T_7 ;
    %wait E_00000225e94dca10;
    %load/vec4 v00000225e959f240_0;
    %flag_set/vec4 8;
    %jmp/0xz  T_7.0, 8;
    %pushi/vec4 0, 0, 1;
    %assign/vec4 v00000225e959f1a0_0, 0;
    %jmp T_7.1;
T_7.0 ;
    %load/vec4 v00000225e959e660_0;
    %assign/vec4 v00000225e959f1a0_0, 0;
T_7.1 ;
    %jmp T_7;
    .thread T_7;
    .scope S_00000225e952cea0;
T_8 ;
    %delay 5000, 0;
    %load/vec4 v00000225e959f600_0;
    %inv;
    %store/vec4 v00000225e959f600_0, 0, 1;
    %jmp T_8;
    .thread T_8;
    .scope S_00000225e952cea0;
T_9 ;
    %pushi/vec4 0, 0, 1;
    %store/vec4 v00000225e959f600_0, 0, 1;
    %pushi/vec4 1, 0, 1;
    %store/vec4 v00000225e959f9c0_0, 0, 1;
    %pushi/vec4 0, 0, 1;
    %store/vec4 v00000225e959fe20_0, 0, 1;
    %pushi/vec4 0, 0, 1;
    %store/vec4 v00000225e959f740_0, 0, 1;
    %pushi/vec4 0, 0, 5;
    %store/vec4 v00000225e959f7e0_0, 0, 5;
    %pushi/vec4 0, 0, 32;
    %store/vec4 v00000225e959e840_0, 0, 32;
    %delay 20000, 0;
    %pushi/vec4 0, 0, 1;
    %store/vec4 v00000225e959f9c0_0, 0, 1;
    %end;
    .thread T_9;
    .scope S_00000225e952cea0;
T_10 ;
    %delay 30000, 0;
    %pushi/vec4 1, 0, 1;
    %store/vec4 v00000225e959f740_0, 0, 1;
    %pushi/vec4 1, 0, 1;
    %store/vec4 v00000225e959fe20_0, 0, 1;
    %pushi/vec4 4294966988, 0, 32;
    %store/vec4 v00000225e959e840_0, 0, 32;
    %pushi/vec4 0, 0, 5;
    %store/vec4 v00000225e959f7e0_0, 0, 5;
    %delay 10000, 0;
    %pushi/vec4 1, 0, 5;
    %store/vec4 v00000225e959f7e0_0, 0, 5;
    %pushi/vec4 4294967078, 0, 32;
    %store/vec4 v00000225e959e840_0, 0, 32;
    %delay 10000, 0;
    %pushi/vec4 2, 0, 5;
    %store/vec4 v00000225e959f7e0_0, 0, 5;
    %pushi/vec4 4294967046, 0, 32;
    %store/vec4 v00000225e959e840_0, 0, 32;
    %delay 10000, 0;
    %pushi/vec4 3, 0, 5;
    %store/vec4 v00000225e959f7e0_0, 0, 5;
    %pushi/vec4 4294966994, 0, 32;
    %store/vec4 v00000225e959e840_0, 0, 32;
    %delay 10000, 0;
    %pushi/vec4 4, 0, 5;
    %store/vec4 v00000225e959f7e0_0, 0, 5;
    %pushi/vec4 4294967038, 0, 32;
    %store/vec4 v00000225e959e840_0, 0, 32;
    %delay 10000, 0;
    %pushi/vec4 5, 0, 5;
    %store/vec4 v00000225e959f7e0_0, 0, 5;
    %pushi/vec4 4294966977, 0, 32;
    %store/vec4 v00000225e959e840_0, 0, 32;
    %delay 10000, 0;
    %pushi/vec4 6, 0, 5;
    %store/vec4 v00000225e959f7e0_0, 0, 5;
    %pushi/vec4 4294966986, 0, 32;
    %store/vec4 v00000225e959e840_0, 0, 32;
    %delay 10000, 0;
    %pushi/vec4 7, 0, 5;
    %store/vec4 v00000225e959f7e0_0, 0, 5;
    %pushi/vec4 4294967063, 0, 32;
    %store/vec4 v00000225e959e840_0, 0, 32;
    %delay 10000, 0;
    %pushi/vec4 0, 0, 1;
    %store/vec4 v00000225e959fe20_0, 0, 1;
    %delay 30000, 0;
    %pushi/vec4 8, 0, 5;
    %store/vec4 v00000225e959f7e0_0, 0, 5;
    %delay 10000, 0;
    %vpi_call 2 80 "$display", "Time: %0t | Read Address: %b | Read Data: %d", $time, v00000225e959f7e0_0, v00000225e959fb00_0 {0 0 0};
    %pushi/vec4 9, 0, 5;
    %store/vec4 v00000225e959f7e0_0, 0, 5;
    %delay 10000, 0;
    %vpi_call 2 83 "$display", "Time: %0t | Read Address: %b | Read Data: %d", $time, v00000225e959f7e0_0, v00000225e959fb00_0 {0 0 0};
    %pushi/vec4 10, 0, 5;
    %store/vec4 v00000225e959f7e0_0, 0, 5;
    %delay 10000, 0;
    %vpi_call 2 86 "$display", "Time: %0t | Read Address: %b | Read Data: %d", $time, v00000225e959f7e0_0, v00000225e959fb00_0 {0 0 0};
    %pushi/vec4 11, 0, 5;
    %store/vec4 v00000225e959f7e0_0, 0, 5;
    %delay 10000, 0;
    %vpi_call 2 89 "$display", "Time: %0t | Read Address: %b | Read Data: %d", $time, v00000225e959f7e0_0, v00000225e959fb00_0 {0 0 0};
    %pushi/vec4 12, 0, 5;
    %store/vec4 v00000225e959f7e0_0, 0, 5;
    %delay 10000, 0;
    %vpi_call 2 92 "$display", "Time: %0t | Read Address: %b | Read Data: %d", $time, v00000225e959f7e0_0, v00000225e959fb00_0 {0 0 0};
    %pushi/vec4 13, 0, 5;
    %store/vec4 v00000225e959f7e0_0, 0, 5;
    %delay 10000, 0;
    %vpi_call 2 95 "$display", "Time: %0t | Read Address: %b | Read Data: %d", $time, v00000225e959f7e0_0, v00000225e959fb00_0 {0 0 0};
    %pushi/vec4 14, 0, 5;
    %store/vec4 v00000225e959f7e0_0, 0, 5;
    %delay 10000, 0;
    %vpi_call 2 98 "$display", "Time: %0t | Read Address: %b | Read Data: %d", $time, v00000225e959f7e0_0, v00000225e959fb00_0 {0 0 0};
    %pushi/vec4 15, 0, 5;
    %store/vec4 v00000225e959f7e0_0, 0, 5;
    %delay 10000, 0;
    %vpi_call 2 101 "$display", "Time: %0t | Read Address: %b | Read Data: %d", $time, v00000225e959f7e0_0, v00000225e959fb00_0 {0 0 0};
    %delay 30000, 0;
    %pushi/vec4 16, 0, 5;
    %store/vec4 v00000225e959f7e0_0, 0, 5;
    %delay 10000, 0;
    %vpi_call 2 107 "$display", "Time: %0t | Read Address: %b | Read Data: %d", $time, v00000225e959f7e0_0, v00000225e959fb00_0 {0 0 0};
    %pushi/vec4 17, 0, 5;
    %store/vec4 v00000225e959f7e0_0, 0, 5;
    %delay 10000, 0;
    %vpi_call 2 110 "$display", "Time: %0t | Read Address: %b | Read Data: %d", $time, v00000225e959f7e0_0, v00000225e959fb00_0 {0 0 0};
    %pushi/vec4 18, 0, 5;
    %store/vec4 v00000225e959f7e0_0, 0, 5;
    %delay 10000, 0;
    %vpi_call 2 113 "$display", "Time: %0t | Read Address: %b | Read Data: %d", $time, v00000225e959f7e0_0, v00000225e959fb00_0 {0 0 0};
    %pushi/vec4 19, 0, 5;
    %store/vec4 v00000225e959f7e0_0, 0, 5;
    %delay 10000, 0;
    %vpi_call 2 116 "$display", "Time: %0t | Read Address: %b | Read Data: %d", $time, v00000225e959f7e0_0, v00000225e959fb00_0 {0 0 0};
    %pushi/vec4 20, 0, 5;
    %store/vec4 v00000225e959f7e0_0, 0, 5;
    %delay 10000, 0;
    %vpi_call 2 119 "$display", "Time: %0t | Read Address: %b | Read Data: %d", $time, v00000225e959f7e0_0, v00000225e959fb00_0 {0 0 0};
    %pushi/vec4 21, 0, 5;
    %store/vec4 v00000225e959f7e0_0, 0, 5;
    %delay 10000, 0;
    %vpi_call 2 122 "$display", "Time: %0t | Read Address: %b | Read Data: %d", $time, v00000225e959f7e0_0, v00000225e959fb00_0 {0 0 0};
    %pushi/vec4 22, 0, 5;
    %store/vec4 v00000225e959f7e0_0, 0, 5;
    %delay 10000, 0;
    %vpi_call 2 125 "$display", "Time: %0t | Read Address: %b | Read Data: %d", $time, v00000225e959f7e0_0, v00000225e959fb00_0 {0 0 0};
    %pushi/vec4 23, 0, 5;
    %store/vec4 v00000225e959f7e0_0, 0, 5;
    %delay 10000, 0;
    %vpi_call 2 128 "$display", "Time: %0t | Read Address: %b | Read Data: %d", $time, v00000225e959f7e0_0, v00000225e959fb00_0 {0 0 0};
    %delay 200000, 0;
    %vpi_call 2 131 "$finish" {0 0 0};
    %end;
    .thread T_10;
    .scope S_00000225e952cea0;
T_11 ;
    %wait E_00000225e94dcad0;
    %load/vec4 v00000225e959f7e0_0;
    %pad/u 32;
    %cmpi/u 7, 0, 32;
    %flag_or 5, 4; GT is !LE
    %flag_inv 5;
    %jmp/0xz  T_11.0, 5;
    %vpi_call 2 137 "$display", ">>>>>>Time: %0t | Read Address: %b | Read Data: %d", $time, v00000225e959f7e0_0, v00000225e959fb00_0 {0 0 0};
T_11.0 ;
    %jmp T_11;
    .thread T_11, $push;
# The file index is used to find the file name in the following table.
:file_names 5;
    "N/A";
    "<interactive>";
    "DCT_Custom_Instruction_tb.v";
    "./DCT_Custom_Instruction.v";
    "./DCT_Component.v";
