#! /c/Source/iverilog-install/bin/vvp
:ivl_version "12.0 (devel)" "(s20150603-1539-g2693dd32b)";
:ivl_delay_selection "TYPICAL";
:vpi_time_precision - 12;
:vpi_module "F:\iverilog\lib\ivl\system.vpi";
:vpi_module "F:\iverilog\lib\ivl\vhdl_sys.vpi";
:vpi_module "F:\iverilog\lib\ivl\vhdl_textio.vpi";
:vpi_module "F:\iverilog\lib\ivl\v2005_math.vpi";
:vpi_module "F:\iverilog\lib\ivl\va_math.vpi";
S_0000020d0f437d60 .scope module, "DCT_Component_tb" "DCT_Component_tb" 2 4;
 .timescale -9 -12;
v0000020d0f4a6260_0 .var "address", 2 0;
v0000020d0f4a63a0_0 .var "chipselect", 0 0;
v0000020d0f4a6620_0 .var "clk", 0 0;
v0000020d0f4a66c0_0 .var "read", 0 0;
v0000020d0f4a6760_0 .net/s "readdata", 31 0, v0000020d0f4a60d0_0;  1 drivers
v0000020d0f4a93e0_0 .var "reset", 0 0;
v0000020d0f4a8760_0 .var "write", 0 0;
v0000020d0f4a8b20_0 .var "writedata", 31 0;
E_0000020d0f4201e0 .event negedge, v0000020d0f4a6030_0;
S_0000020d0f437ef0 .scope module, "dut" "DCT_Component" 2 17, 3 1 0, S_0000020d0f437d60;
 .timescale -9 -12;
    .port_info 0 /INPUT 1 "clk";
    .port_info 1 /INPUT 1 "reset";
    .port_info 2 /INPUT 3 "address";
    .port_info 3 /INPUT 32 "writedata";
    .port_info 4 /INPUT 1 "write";
    .port_info 5 /INPUT 1 "read";
    .port_info 6 /INPUT 1 "chipselect";
    .port_info 7 /OUTPUT 32 "readdata";
P_0000020d0f3f2d20 .param/l "c1" 0 3 13, +C4<00000000000000000000010110001100>;
P_0000020d0f3f2d58 .param/l "c2" 0 3 14, +C4<00000000000000000000010100111010>;
P_0000020d0f3f2d90 .param/l "c3" 0 3 15, +C4<00000000000000000000010010110100>;
P_0000020d0f3f2dc8 .param/l "c5" 0 3 16, +C4<00000000000000000000001100100101>;
P_0000020d0f3f2e00 .param/l "c6" 0 3 17, +C4<00000000000000000000001000101010>;
P_0000020d0f3f2e38 .param/l "c7" 0 3 18, +C4<00000000000000000000000100011011>;
P_0000020d0f3f2e70 .param/l "s1" 0 3 19, +C4<00000000000000000000000000000011>;
P_0000020d0f3f2ea8 .param/l "s2" 0 3 20, +C4<00000000000000000000000000001010>;
P_0000020d0f3f2ee0 .param/l "s3" 0 3 21, +C4<00000000000000000000000000001101>;
v0000020d0f3f33a0_0 .net "address", 2 0, v0000020d0f4a6260_0;  1 drivers
v0000020d0f3f35c0_0 .net "chipselect", 0 0, v0000020d0f4a63a0_0;  1 drivers
v0000020d0f438080_0 .net "clk", 0 0, v0000020d0f4a6620_0;  1 drivers
v0000020d0f438120_0 .var/s "data1", 31 0;
v0000020d0f44d550_0 .var/s "data2", 31 0;
v0000020d0f44d5f0_0 .var/s "data3", 31 0;
v0000020d0f44d690_0 .var/s "data4", 31 0;
v0000020d0f3f2f20_0 .var/s "data5", 31 0;
v0000020d0f3f2fc0_0 .var/s "data6", 31 0;
v0000020d0f3f3060_0 .var/s "data7", 31 0;
v0000020d0f3f3100_0 .var/s "data8", 31 0;
v0000020d0f4a6030_0 .net "read", 0 0, v0000020d0f4a66c0_0;  1 drivers
v0000020d0f4a60d0_0 .var/s "readdata", 31 0;
v0000020d0f4a7020_0 .net "reset", 0 0, v0000020d0f4a93e0_0;  1 drivers
v0000020d0f4a6bc0_0 .var/s "result1", 31 0;
v0000020d0f4a6f80_0 .var/s "result2", 31 0;
v0000020d0f4a6a80_0 .var/s "result3", 31 0;
v0000020d0f4a68a0_0 .var/s "result4", 31 0;
v0000020d0f4a70c0_0 .var/s "result5", 31 0;
v0000020d0f4a6800_0 .var/s "result6", 31 0;
v0000020d0f4a6b20_0 .var/s "result7", 31 0;
v0000020d0f4a64e0_0 .var/s "result8", 31 0;
v0000020d0f4a61c0_0 .net "write", 0 0, v0000020d0f4a8760_0;  1 drivers
v0000020d0f4a6e40_0 .net/s "writedata", 31 0, v0000020d0f4a8b20_0;  1 drivers
v0000020d0f4a6c60_0 .var/s "x0", 31 0;
v0000020d0f4a6440_0 .var/s "x1", 31 0;
v0000020d0f4a6940_0 .var/s "x2", 31 0;
v0000020d0f4a6d00_0 .var/s "x3", 31 0;
v0000020d0f4a6300_0 .var/s "x4", 31 0;
v0000020d0f4a6580_0 .var/s "x5", 31 0;
v0000020d0f4a69e0_0 .var/s "x6", 31 0;
v0000020d0f4a6da0_0 .var/s "x7", 31 0;
v0000020d0f4a6ee0_0 .var/s "x8", 31 0;
E_0000020d0f41ffe0 .event anyedge, v0000020d0f3f3100_0;
E_0000020d0f4204a0 .event posedge, v0000020d0f4a7020_0, v0000020d0f438080_0;
    .scope S_0000020d0f437ef0;
T_0 ;
    %wait E_0000020d0f4204a0;
    %load/vec4 v0000020d0f4a7020_0;
    %flag_set/vec4 8;
    %jmp/0xz  T_0.0, 8;
    %pushi/vec4 0, 0, 32;
    %assign/vec4 v0000020d0f438120_0, 0;
    %pushi/vec4 0, 0, 32;
    %assign/vec4 v0000020d0f44d550_0, 0;
    %pushi/vec4 0, 0, 32;
    %assign/vec4 v0000020d0f44d5f0_0, 0;
    %pushi/vec4 0, 0, 32;
    %assign/vec4 v0000020d0f44d690_0, 0;
    %pushi/vec4 0, 0, 32;
    %assign/vec4 v0000020d0f3f2f20_0, 0;
    %pushi/vec4 0, 0, 32;
    %assign/vec4 v0000020d0f3f2fc0_0, 0;
    %pushi/vec4 0, 0, 32;
    %assign/vec4 v0000020d0f3f3060_0, 0;
    %pushi/vec4 0, 0, 32;
    %assign/vec4 v0000020d0f3f3100_0, 0;
    %pushi/vec4 0, 0, 32;
    %assign/vec4 v0000020d0f4a6bc0_0, 0;
    %pushi/vec4 0, 0, 32;
    %assign/vec4 v0000020d0f4a6f80_0, 0;
    %pushi/vec4 0, 0, 32;
    %assign/vec4 v0000020d0f4a6a80_0, 0;
    %pushi/vec4 0, 0, 32;
    %assign/vec4 v0000020d0f4a68a0_0, 0;
    %pushi/vec4 0, 0, 32;
    %assign/vec4 v0000020d0f4a70c0_0, 0;
    %pushi/vec4 0, 0, 32;
    %assign/vec4 v0000020d0f4a6800_0, 0;
    %pushi/vec4 0, 0, 32;
    %assign/vec4 v0000020d0f4a6b20_0, 0;
    %pushi/vec4 0, 0, 32;
    %assign/vec4 v0000020d0f4a64e0_0, 0;
    %pushi/vec4 0, 0, 32;
    %assign/vec4 v0000020d0f4a6c60_0, 0;
    %pushi/vec4 0, 0, 32;
    %assign/vec4 v0000020d0f4a6440_0, 0;
    %pushi/vec4 0, 0, 32;
    %assign/vec4 v0000020d0f4a6940_0, 0;
    %pushi/vec4 0, 0, 32;
    %assign/vec4 v0000020d0f4a6d00_0, 0;
    %pushi/vec4 0, 0, 32;
    %assign/vec4 v0000020d0f4a6300_0, 0;
    %pushi/vec4 0, 0, 32;
    %assign/vec4 v0000020d0f4a6580_0, 0;
    %pushi/vec4 0, 0, 32;
    %assign/vec4 v0000020d0f4a69e0_0, 0;
    %pushi/vec4 0, 0, 32;
    %assign/vec4 v0000020d0f4a6da0_0, 0;
    %pushi/vec4 0, 0, 32;
    %assign/vec4 v0000020d0f4a6ee0_0, 0;
    %jmp T_0.1;
T_0.0 ;
    %load/vec4 v0000020d0f4a61c0_0;
    %flag_set/vec4 9;
    %flag_get/vec4 9;
    %jmp/0 T_0.4, 9;
    %load/vec4 v0000020d0f3f35c0_0;
    %and;
T_0.4;
    %flag_set/vec4 8;
    %jmp/0xz  T_0.2, 8;
    %load/vec4 v0000020d0f3f33a0_0;
    %dup/vec4;
    %pushi/vec4 0, 0, 3;
    %cmp/u;
    %jmp/1 T_0.5, 6;
    %dup/vec4;
    %pushi/vec4 1, 0, 3;
    %cmp/u;
    %jmp/1 T_0.6, 6;
    %dup/vec4;
    %pushi/vec4 2, 0, 3;
    %cmp/u;
    %jmp/1 T_0.7, 6;
    %dup/vec4;
    %pushi/vec4 3, 0, 3;
    %cmp/u;
    %jmp/1 T_0.8, 6;
    %dup/vec4;
    %pushi/vec4 4, 0, 3;
    %cmp/u;
    %jmp/1 T_0.9, 6;
    %dup/vec4;
    %pushi/vec4 5, 0, 3;
    %cmp/u;
    %jmp/1 T_0.10, 6;
    %dup/vec4;
    %pushi/vec4 6, 0, 3;
    %cmp/u;
    %jmp/1 T_0.11, 6;
    %dup/vec4;
    %pushi/vec4 7, 0, 3;
    %cmp/u;
    %jmp/1 T_0.12, 6;
    %jmp T_0.13;
T_0.5 ;
    %load/vec4 v0000020d0f4a6e40_0;
    %assign/vec4 v0000020d0f438120_0, 0;
    %jmp T_0.13;
T_0.6 ;
    %load/vec4 v0000020d0f4a6e40_0;
    %assign/vec4 v0000020d0f44d550_0, 0;
    %jmp T_0.13;
T_0.7 ;
    %load/vec4 v0000020d0f4a6e40_0;
    %assign/vec4 v0000020d0f44d5f0_0, 0;
    %jmp T_0.13;
T_0.8 ;
    %load/vec4 v0000020d0f4a6e40_0;
    %assign/vec4 v0000020d0f44d690_0, 0;
    %jmp T_0.13;
T_0.9 ;
    %load/vec4 v0000020d0f4a6e40_0;
    %assign/vec4 v0000020d0f3f2f20_0, 0;
    %jmp T_0.13;
T_0.10 ;
    %load/vec4 v0000020d0f4a6e40_0;
    %assign/vec4 v0000020d0f3f2fc0_0, 0;
    %jmp T_0.13;
T_0.11 ;
    %load/vec4 v0000020d0f4a6e40_0;
    %assign/vec4 v0000020d0f3f3060_0, 0;
    %jmp T_0.13;
T_0.12 ;
    %load/vec4 v0000020d0f4a6e40_0;
    %assign/vec4 v0000020d0f3f3100_0, 0;
    %jmp T_0.13;
T_0.13 ;
    %pop/vec4 1;
T_0.2 ;
    %load/vec4 v0000020d0f4a6030_0;
    %flag_set/vec4 9;
    %flag_get/vec4 9;
    %jmp/0 T_0.16, 9;
    %load/vec4 v0000020d0f3f35c0_0;
    %and;
T_0.16;
    %flag_set/vec4 8;
    %jmp/0xz  T_0.14, 8;
    %load/vec4 v0000020d0f3f33a0_0;
    %dup/vec4;
    %pushi/vec4 0, 0, 3;
    %cmp/u;
    %jmp/1 T_0.17, 6;
    %dup/vec4;
    %pushi/vec4 1, 0, 3;
    %cmp/u;
    %jmp/1 T_0.18, 6;
    %dup/vec4;
    %pushi/vec4 2, 0, 3;
    %cmp/u;
    %jmp/1 T_0.19, 6;
    %dup/vec4;
    %pushi/vec4 3, 0, 3;
    %cmp/u;
    %jmp/1 T_0.20, 6;
    %dup/vec4;
    %pushi/vec4 4, 0, 3;
    %cmp/u;
    %jmp/1 T_0.21, 6;
    %dup/vec4;
    %pushi/vec4 5, 0, 3;
    %cmp/u;
    %jmp/1 T_0.22, 6;
    %dup/vec4;
    %pushi/vec4 6, 0, 3;
    %cmp/u;
    %jmp/1 T_0.23, 6;
    %dup/vec4;
    %pushi/vec4 7, 0, 3;
    %cmp/u;
    %jmp/1 T_0.24, 6;
    %jmp T_0.25;
T_0.17 ;
    %load/vec4 v0000020d0f4a6bc0_0;
    %assign/vec4 v0000020d0f4a60d0_0, 0;
    %jmp T_0.25;
T_0.18 ;
    %load/vec4 v0000020d0f4a6f80_0;
    %assign/vec4 v0000020d0f4a60d0_0, 0;
    %jmp T_0.25;
T_0.19 ;
    %load/vec4 v0000020d0f4a6a80_0;
    %assign/vec4 v0000020d0f4a60d0_0, 0;
    %jmp T_0.25;
T_0.20 ;
    %load/vec4 v0000020d0f4a68a0_0;
    %assign/vec4 v0000020d0f4a60d0_0, 0;
    %jmp T_0.25;
T_0.21 ;
    %load/vec4 v0000020d0f4a70c0_0;
    %assign/vec4 v0000020d0f4a60d0_0, 0;
    %jmp T_0.25;
T_0.22 ;
    %load/vec4 v0000020d0f4a6800_0;
    %assign/vec4 v0000020d0f4a60d0_0, 0;
    %jmp T_0.25;
T_0.23 ;
    %load/vec4 v0000020d0f4a6b20_0;
    %assign/vec4 v0000020d0f4a60d0_0, 0;
    %jmp T_0.25;
T_0.24 ;
    %load/vec4 v0000020d0f4a64e0_0;
    %assign/vec4 v0000020d0f4a60d0_0, 0;
    %jmp T_0.25;
T_0.25 ;
    %pop/vec4 1;
T_0.14 ;
T_0.1 ;
    %jmp T_0;
    .thread T_0;
    .scope S_0000020d0f437ef0;
T_1 ;
    %wait E_0000020d0f41ffe0;
    %delay 1000, 0;
    %load/vec4 v0000020d0f438120_0;
    %load/vec4 v0000020d0f3f3100_0;
    %add;
    %assign/vec4 v0000020d0f4a6ee0_0, 0;
    %load/vec4 v0000020d0f438120_0;
    %load/vec4 v0000020d0f3f3100_0;
    %sub;
    %assign/vec4 v0000020d0f4a6c60_0, 0;
    %load/vec4 v0000020d0f44d550_0;
    %load/vec4 v0000020d0f3f3060_0;
    %add;
    %assign/vec4 v0000020d0f4a6da0_0, 0;
    %load/vec4 v0000020d0f44d550_0;
    %load/vec4 v0000020d0f3f3060_0;
    %sub;
    %assign/vec4 v0000020d0f4a6440_0, 0;
    %load/vec4 v0000020d0f44d5f0_0;
    %load/vec4 v0000020d0f3f2fc0_0;
    %add;
    %assign/vec4 v0000020d0f4a69e0_0, 0;
    %delay 1000, 0;
    %load/vec4 v0000020d0f44d5f0_0;
    %load/vec4 v0000020d0f3f2fc0_0;
    %sub;
    %assign/vec4 v0000020d0f4a6940_0, 0;
    %load/vec4 v0000020d0f44d690_0;
    %load/vec4 v0000020d0f3f2f20_0;
    %add;
    %assign/vec4 v0000020d0f4a6580_0, 0;
    %load/vec4 v0000020d0f44d690_0;
    %load/vec4 v0000020d0f3f2f20_0;
    %sub;
    %assign/vec4 v0000020d0f4a6d00_0, 0;
    %delay 1000, 0;
    %load/vec4 v0000020d0f4a6ee0_0;
    %load/vec4 v0000020d0f4a6580_0;
    %add;
    %assign/vec4 v0000020d0f4a6300_0, 0;
    %load/vec4 v0000020d0f4a6ee0_0;
    %load/vec4 v0000020d0f4a6580_0;
    %sub;
    %assign/vec4 v0000020d0f4a6ee0_0, 0;
    %load/vec4 v0000020d0f4a6da0_0;
    %load/vec4 v0000020d0f4a69e0_0;
    %add;
    %assign/vec4 v0000020d0f4a6580_0, 0;
    %load/vec4 v0000020d0f4a6da0_0;
    %load/vec4 v0000020d0f4a69e0_0;
    %sub;
    %assign/vec4 v0000020d0f4a6da0_0, 0;
    %delay 1000, 0;
    %load/vec4 v0000020d0f4a6300_0;
    %load/vec4 v0000020d0f4a6580_0;
    %add;
    %assign/vec4 v0000020d0f4a6bc0_0, 0;
    %load/vec4 v0000020d0f4a6300_0;
    %load/vec4 v0000020d0f4a6580_0;
    %sub;
    %assign/vec4 v0000020d0f4a70c0_0, 0;
    %delay 1000, 0;
    %load/vec4 v0000020d0f4a6ee0_0;
    %muli 1338, 0, 32;
    %load/vec4 v0000020d0f4a6da0_0;
    %muli 554, 0, 32;
    %add;
    %ix/load 4, 10, 0;
    %flag_set/imm 4, 0;
    %shiftr/s 4;
    %assign/vec4 v0000020d0f4a6a80_0, 0;
    %load/vec4 v0000020d0f4a6ee0_0;
    %muli 554, 0, 32;
    %load/vec4 v0000020d0f4a6da0_0;
    %muli 1338, 0, 32;
    %sub;
    %ix/load 4, 10, 0;
    %flag_set/imm 4, 0;
    %shiftr/s 4;
    %assign/vec4 v0000020d0f4a6b20_0, 0;
    %load/vec4 v0000020d0f4a6c60_0;
    %muli 283, 0, 32;
    %load/vec4 v0000020d0f4a6440_0;
    %muli 805, 0, 32;
    %sub;
    %load/vec4 v0000020d0f4a6940_0;
    %muli 1204, 0, 32;
    %add;
    %load/vec4 v0000020d0f4a6d00_0;
    %muli 1420, 0, 32;
    %sub;
    %ix/load 4, 10, 0;
    %flag_set/imm 4, 0;
    %shiftr/s 4;
    %assign/vec4 v0000020d0f4a64e0_0, 0;
    %load/vec4 v0000020d0f4a6c60_0;
    %muli 805, 0, 32;
    %load/vec4 v0000020d0f4a6440_0;
    %muli 1420, 0, 32;
    %sub;
    %load/vec4 v0000020d0f4a6940_0;
    %muli 283, 0, 32;
    %add;
    %load/vec4 v0000020d0f4a6d00_0;
    %muli 1204, 0, 32;
    %add;
    %ix/load 4, 10, 0;
    %flag_set/imm 4, 0;
    %shiftr/s 4;
    %assign/vec4 v0000020d0f4a6800_0, 0;
    %load/vec4 v0000020d0f4a6c60_0;
    %muli 1204, 0, 32;
    %load/vec4 v0000020d0f4a6440_0;
    %muli 283, 0, 32;
    %sub;
    %load/vec4 v0000020d0f4a6940_0;
    %muli 1420, 0, 32;
    %sub;
    %load/vec4 v0000020d0f4a6d00_0;
    %muli 805, 0, 32;
    %sub;
    %ix/load 4, 10, 0;
    %flag_set/imm 4, 0;
    %shiftr/s 4;
    %assign/vec4 v0000020d0f4a68a0_0, 0;
    %load/vec4 v0000020d0f4a6c60_0;
    %muli 1420, 0, 32;
    %load/vec4 v0000020d0f4a6440_0;
    %muli 1204, 0, 32;
    %add;
    %load/vec4 v0000020d0f4a6940_0;
    %muli 805, 0, 32;
    %add;
    %load/vec4 v0000020d0f4a6d00_0;
    %muli 283, 0, 32;
    %add;
    %ix/load 4, 10, 0;
    %flag_set/imm 4, 0;
    %shiftr/s 4;
    %assign/vec4 v0000020d0f4a6f80_0, 0;
    %jmp T_1;
    .thread T_1, $push;
    .scope S_0000020d0f437d60;
T_2 ;
    %delay 5000, 0;
    %load/vec4 v0000020d0f4a6620_0;
    %inv;
    %store/vec4 v0000020d0f4a6620_0, 0, 1;
    %jmp T_2;
    .thread T_2;
    .scope S_0000020d0f437d60;
T_3 ;
    %pushi/vec4 0, 0, 1;
    %store/vec4 v0000020d0f4a6620_0, 0, 1;
    %pushi/vec4 1, 0, 1;
    %store/vec4 v0000020d0f4a93e0_0, 0, 1;
    %pushi/vec4 0, 0, 1;
    %store/vec4 v0000020d0f4a8760_0, 0, 1;
    %pushi/vec4 0, 0, 1;
    %store/vec4 v0000020d0f4a66c0_0, 0, 1;
    %pushi/vec4 0, 0, 1;
    %store/vec4 v0000020d0f4a63a0_0, 0, 1;
    %pushi/vec4 0, 0, 3;
    %store/vec4 v0000020d0f4a6260_0, 0, 3;
    %pushi/vec4 0, 0, 32;
    %store/vec4 v0000020d0f4a8b20_0, 0, 32;
    %delay 20000, 0;
    %pushi/vec4 0, 0, 1;
    %store/vec4 v0000020d0f4a93e0_0, 0, 1;
    %end;
    .thread T_3;
    .scope S_0000020d0f437d60;
T_4 ;
    %delay 30000, 0;
    %pushi/vec4 1, 0, 32;
    %store/vec4 v0000020d0f4a8b20_0, 0, 32;
    %pushi/vec4 1, 0, 1;
    %store/vec4 v0000020d0f4a8760_0, 0, 1;
    %pushi/vec4 0, 0, 1;
    %store/vec4 v0000020d0f4a66c0_0, 0, 1;
    %pushi/vec4 1, 0, 1;
    %store/vec4 v0000020d0f4a63a0_0, 0, 1;
    %pushi/vec4 0, 0, 3;
    %store/vec4 v0000020d0f4a6260_0, 0, 3;
    %delay 10000, 0;
    %pushi/vec4 0, 0, 1;
    %store/vec4 v0000020d0f4a8760_0, 0, 1;
    %delay 10000, 0;
    %pushi/vec4 2, 0, 32;
    %store/vec4 v0000020d0f4a8b20_0, 0, 32;
    %pushi/vec4 1, 0, 1;
    %store/vec4 v0000020d0f4a8760_0, 0, 1;
    %pushi/vec4 0, 0, 1;
    %store/vec4 v0000020d0f4a66c0_0, 0, 1;
    %pushi/vec4 1, 0, 1;
    %store/vec4 v0000020d0f4a63a0_0, 0, 1;
    %pushi/vec4 1, 0, 3;
    %store/vec4 v0000020d0f4a6260_0, 0, 3;
    %delay 10000, 0;
    %pushi/vec4 0, 0, 1;
    %store/vec4 v0000020d0f4a8760_0, 0, 1;
    %delay 10000, 0;
    %pushi/vec4 3, 0, 32;
    %store/vec4 v0000020d0f4a8b20_0, 0, 32;
    %pushi/vec4 1, 0, 1;
    %store/vec4 v0000020d0f4a8760_0, 0, 1;
    %pushi/vec4 0, 0, 1;
    %store/vec4 v0000020d0f4a66c0_0, 0, 1;
    %pushi/vec4 1, 0, 1;
    %store/vec4 v0000020d0f4a63a0_0, 0, 1;
    %pushi/vec4 2, 0, 3;
    %store/vec4 v0000020d0f4a6260_0, 0, 3;
    %delay 10000, 0;
    %pushi/vec4 0, 0, 1;
    %store/vec4 v0000020d0f4a8760_0, 0, 1;
    %delay 10000, 0;
    %pushi/vec4 4, 0, 32;
    %store/vec4 v0000020d0f4a8b20_0, 0, 32;
    %pushi/vec4 1, 0, 1;
    %store/vec4 v0000020d0f4a8760_0, 0, 1;
    %pushi/vec4 0, 0, 1;
    %store/vec4 v0000020d0f4a66c0_0, 0, 1;
    %pushi/vec4 1, 0, 1;
    %store/vec4 v0000020d0f4a63a0_0, 0, 1;
    %pushi/vec4 3, 0, 3;
    %store/vec4 v0000020d0f4a6260_0, 0, 3;
    %delay 10000, 0;
    %pushi/vec4 0, 0, 1;
    %store/vec4 v0000020d0f4a8760_0, 0, 1;
    %delay 10000, 0;
    %pushi/vec4 5, 0, 32;
    %store/vec4 v0000020d0f4a8b20_0, 0, 32;
    %pushi/vec4 1, 0, 1;
    %store/vec4 v0000020d0f4a8760_0, 0, 1;
    %pushi/vec4 0, 0, 1;
    %store/vec4 v0000020d0f4a66c0_0, 0, 1;
    %pushi/vec4 1, 0, 1;
    %store/vec4 v0000020d0f4a63a0_0, 0, 1;
    %pushi/vec4 4, 0, 3;
    %store/vec4 v0000020d0f4a6260_0, 0, 3;
    %delay 10000, 0;
    %pushi/vec4 0, 0, 1;
    %store/vec4 v0000020d0f4a8760_0, 0, 1;
    %delay 10000, 0;
    %pushi/vec4 6, 0, 32;
    %store/vec4 v0000020d0f4a8b20_0, 0, 32;
    %pushi/vec4 1, 0, 1;
    %store/vec4 v0000020d0f4a8760_0, 0, 1;
    %pushi/vec4 0, 0, 1;
    %store/vec4 v0000020d0f4a66c0_0, 0, 1;
    %pushi/vec4 1, 0, 1;
    %store/vec4 v0000020d0f4a63a0_0, 0, 1;
    %pushi/vec4 5, 0, 3;
    %store/vec4 v0000020d0f4a6260_0, 0, 3;
    %delay 10000, 0;
    %pushi/vec4 0, 0, 1;
    %store/vec4 v0000020d0f4a8760_0, 0, 1;
    %delay 10000, 0;
    %pushi/vec4 7, 0, 32;
    %store/vec4 v0000020d0f4a8b20_0, 0, 32;
    %pushi/vec4 1, 0, 1;
    %store/vec4 v0000020d0f4a8760_0, 0, 1;
    %pushi/vec4 0, 0, 1;
    %store/vec4 v0000020d0f4a66c0_0, 0, 1;
    %pushi/vec4 1, 0, 1;
    %store/vec4 v0000020d0f4a63a0_0, 0, 1;
    %pushi/vec4 6, 0, 3;
    %store/vec4 v0000020d0f4a6260_0, 0, 3;
    %delay 10000, 0;
    %pushi/vec4 0, 0, 1;
    %store/vec4 v0000020d0f4a8760_0, 0, 1;
    %delay 10000, 0;
    %pushi/vec4 8, 0, 32;
    %store/vec4 v0000020d0f4a8b20_0, 0, 32;
    %pushi/vec4 1, 0, 1;
    %store/vec4 v0000020d0f4a8760_0, 0, 1;
    %pushi/vec4 0, 0, 1;
    %store/vec4 v0000020d0f4a66c0_0, 0, 1;
    %pushi/vec4 1, 0, 1;
    %store/vec4 v0000020d0f4a63a0_0, 0, 1;
    %pushi/vec4 7, 0, 3;
    %store/vec4 v0000020d0f4a6260_0, 0, 3;
    %delay 10000, 0;
    %pushi/vec4 0, 0, 1;
    %store/vec4 v0000020d0f4a8760_0, 0, 1;
    %delay 20000, 0;
    %pushi/vec4 1, 0, 1;
    %store/vec4 v0000020d0f4a66c0_0, 0, 1;
    %pushi/vec4 0, 0, 1;
    %store/vec4 v0000020d0f4a8760_0, 0, 1;
    %pushi/vec4 1, 0, 1;
    %store/vec4 v0000020d0f4a63a0_0, 0, 1;
    %pushi/vec4 0, 0, 3;
    %store/vec4 v0000020d0f4a6260_0, 0, 3;
    %delay 10000, 0;
    %pushi/vec4 0, 0, 1;
    %store/vec4 v0000020d0f4a66c0_0, 0, 1;
    %delay 10000, 0;
    %pushi/vec4 1, 0, 1;
    %store/vec4 v0000020d0f4a66c0_0, 0, 1;
    %pushi/vec4 1, 0, 3;
    %store/vec4 v0000020d0f4a6260_0, 0, 3;
    %delay 10000, 0;
    %pushi/vec4 0, 0, 1;
    %store/vec4 v0000020d0f4a66c0_0, 0, 1;
    %delay 10000, 0;
    %pushi/vec4 1, 0, 1;
    %store/vec4 v0000020d0f4a66c0_0, 0, 1;
    %pushi/vec4 2, 0, 3;
    %store/vec4 v0000020d0f4a6260_0, 0, 3;
    %delay 10000, 0;
    %pushi/vec4 0, 0, 1;
    %store/vec4 v0000020d0f4a66c0_0, 0, 1;
    %delay 10000, 0;
    %pushi/vec4 1, 0, 1;
    %store/vec4 v0000020d0f4a66c0_0, 0, 1;
    %pushi/vec4 3, 0, 3;
    %store/vec4 v0000020d0f4a6260_0, 0, 3;
    %delay 10000, 0;
    %pushi/vec4 0, 0, 1;
    %store/vec4 v0000020d0f4a66c0_0, 0, 1;
    %delay 10000, 0;
    %pushi/vec4 1, 0, 1;
    %store/vec4 v0000020d0f4a66c0_0, 0, 1;
    %pushi/vec4 4, 0, 3;
    %store/vec4 v0000020d0f4a6260_0, 0, 3;
    %delay 10000, 0;
    %pushi/vec4 0, 0, 1;
    %store/vec4 v0000020d0f4a66c0_0, 0, 1;
    %delay 10000, 0;
    %pushi/vec4 1, 0, 1;
    %store/vec4 v0000020d0f4a66c0_0, 0, 1;
    %pushi/vec4 5, 0, 3;
    %store/vec4 v0000020d0f4a6260_0, 0, 3;
    %delay 10000, 0;
    %pushi/vec4 0, 0, 1;
    %store/vec4 v0000020d0f4a66c0_0, 0, 1;
    %delay 10000, 0;
    %pushi/vec4 1, 0, 1;
    %store/vec4 v0000020d0f4a66c0_0, 0, 1;
    %pushi/vec4 6, 0, 3;
    %store/vec4 v0000020d0f4a6260_0, 0, 3;
    %delay 10000, 0;
    %pushi/vec4 0, 0, 1;
    %store/vec4 v0000020d0f4a66c0_0, 0, 1;
    %delay 10000, 0;
    %pushi/vec4 1, 0, 1;
    %store/vec4 v0000020d0f4a66c0_0, 0, 1;
    %pushi/vec4 7, 0, 3;
    %store/vec4 v0000020d0f4a6260_0, 0, 3;
    %delay 10000, 0;
    %pushi/vec4 0, 0, 1;
    %store/vec4 v0000020d0f4a66c0_0, 0, 1;
    %delay 200000, 0;
    %vpi_call 2 171 "$finish" {0 0 0};
    %end;
    .thread T_4;
    .scope S_0000020d0f437d60;
T_5 ;
    %wait E_0000020d0f4201e0;
    %vpi_call 2 176 "$display", "Time: %0t | Read Address: %b | Read Data: %b %d", $time, v0000020d0f4a6260_0, v0000020d0f4a6760_0, v0000020d0f4a6760_0 {0 0 0};
    %jmp T_5;
    .thread T_5;
# The file index is used to find the file name in the following table.
:file_names 4;
    "N/A";
    "<interactive>";
    "DCT_Component_tb.v";
    "./DCT_Component.v";
